Determining if the pthread_create exist failed with the following output:
Change Dir: /home/justin/MSCVProject/compiler/CMakeFiles/CMakeTmp

Run Build Command:"/usr/bin/make" "cmTC_7c985/fast"
make[1]: Entering directory '/home/justin/MSCVProject/compiler/CMakeFiles/CMakeTmp'
/usr/bin/make -f CMakeFiles/cmTC_7c985.dir/build.make CMakeFiles/cmTC_7c985.dir/build
make[2]: Entering directory '/home/justin/MSCVProject/compiler/CMakeFiles/CMakeTmp'
Building C object CMakeFiles/cmTC_7c985.dir/CheckSymbolExists.c.o
/usr/bin/cc   -pedantic -Wall -W -Wpointer-arith -Wwrite-strings -Wunused -Wshadow -Winline -Wnested-externs -Wmissing-declarations -Wmissing-prototypes -Wno-long-long -Wfloat-equal -Wno-multichar -Wsign-compare -Wundef -Wno-format-nonliteral -Wendif-labels -Wstrict-prototypes -Wdeclaration-after-statement -Wstrict-aliasing=3 -Wcast-align -Wtype-limits -Wold-style-declaration -Wmissing-parameter-type -Wempty-body -Wclobbered -Wignored-qualifiers -Wconversion -Wno-sign-conversion -Wvla -Wdouble-promotion -Wno-system-headers    -o CMakeFiles/cmTC_7c985.dir/CheckSymbolExists.c.o   -c /home/justin/MSCVProject/compiler/CMakeFiles/CMakeTmp/CheckSymbolExists.c
/home/justin/MSCVProject/compiler/CMakeFiles/CMakeTmp/CheckSymbolExists.c: In function ‘main’:
/home/justin/MSCVProject/compiler/CMakeFiles/CMakeTmp/CheckSymbolExists.c:8:11: warning: ISO C forbids conversion of function pointer to object pointer type [-Wpedantic]
   return ((int*)(&pthread_create))[argc];
           ^
Linking C executable cmTC_7c985
/usr/local/bin/cmake -E cmake_link_script CMakeFiles/cmTC_7c985.dir/link.txt --verbose=1
/usr/bin/cc   -pedantic -Wall -W -Wpointer-arith -Wwrite-strings -Wunused -Wshadow -Winline -Wnested-externs -Wmissing-declarations -Wmissing-prototypes -Wno-long-long -Wfloat-equal -Wno-multichar -Wsign-compare -Wundef -Wno-format-nonliteral -Wendif-labels -Wstrict-prototypes -Wdeclaration-after-statement -Wstrict-aliasing=3 -Wcast-align -Wtype-limits -Wold-style-declaration -Wmissing-parameter-type -Wempty-body -Wclobbered -Wignored-qualifiers -Wconversion -Wno-sign-conversion -Wvla -Wdouble-promotion -Wno-system-headers     -rdynamic CMakeFiles/cmTC_7c985.dir/CheckSymbolExists.c.o  -o cmTC_7c985 
/usr/bin/ld: CMakeFiles/cmTC_7c985.dir/CheckSymbolExists.c.o: in function `main':
CheckSymbolExists.c:(.text+0x1b): undefined reference to `pthread_create'
collect2: error: ld returned 1 exit status
make[2]: *** [CMakeFiles/cmTC_7c985.dir/build.make:87: cmTC_7c985] Error 1
make[2]: Leaving directory '/home/justin/MSCVProject/compiler/CMakeFiles/CMakeTmp'
make[1]: *** [Makefile:121: cmTC_7c985/fast] Error 2
make[1]: Leaving directory '/home/justin/MSCVProject/compiler/CMakeFiles/CMakeTmp'

File /home/justin/MSCVProject/compiler/CMakeFiles/CMakeTmp/CheckSymbolExists.c:
/* */
#include <pthread.h>

int main(int argc, char** argv)
{
  (void)argv;
#ifndef pthread_create
  return ((int*)(&pthread_create))[argc];
#else
  (void)argc;
  return 0;
#endif
}

Determining if the function pthread_create exists in the pthreads failed with the following output:
Change Dir: /home/justin/MSCVProject/compiler/CMakeFiles/CMakeTmp

Run Build Command:"/usr/bin/make" "cmTC_9348f/fast"
make[1]: Entering directory '/home/justin/MSCVProject/compiler/CMakeFiles/CMakeTmp'
/usr/bin/make -f CMakeFiles/cmTC_9348f.dir/build.make CMakeFiles/cmTC_9348f.dir/build
make[2]: Entering directory '/home/justin/MSCVProject/compiler/CMakeFiles/CMakeTmp'
Building C object CMakeFiles/cmTC_9348f.dir/CheckFunctionExists.c.o
/usr/bin/cc   -pedantic -Wall -W -Wpointer-arith -Wwrite-strings -Wunused -Wshadow -Winline -Wnested-externs -Wmissing-declarations -Wmissing-prototypes -Wno-long-long -Wfloat-equal -Wno-multichar -Wsign-compare -Wundef -Wno-format-nonliteral -Wendif-labels -Wstrict-prototypes -Wdeclaration-after-statement -Wstrict-aliasing=3 -Wcast-align -Wtype-limits -Wold-style-declaration -Wmissing-parameter-type -Wempty-body -Wclobbered -Wignored-qualifiers -Wconversion -Wno-sign-conversion -Wvla -Wdouble-promotion -Wno-system-headers -DCHECK_FUNCTION_EXISTS=pthread_create   -o CMakeFiles/cmTC_9348f.dir/CheckFunctionExists.c.o   -c /usr/local/share/cmake-3.13/Modules/CheckFunctionExists.c
Linking C executable cmTC_9348f
/usr/local/bin/cmake -E cmake_link_script CMakeFiles/cmTC_9348f.dir/link.txt --verbose=1
/usr/bin/cc   -pedantic -Wall -W -Wpointer-arith -Wwrite-strings -Wunused -Wshadow -Winline -Wnested-externs -Wmissing-declarations -Wmissing-prototypes -Wno-long-long -Wfloat-equal -Wno-multichar -Wsign-compare -Wundef -Wno-format-nonliteral -Wendif-labels -Wstrict-prototypes -Wdeclaration-after-statement -Wstrict-aliasing=3 -Wcast-align -Wtype-limits -Wold-style-declaration -Wmissing-parameter-type -Wempty-body -Wclobbered -Wignored-qualifiers -Wconversion -Wno-sign-conversion -Wvla -Wdouble-promotion -Wno-system-headers -DCHECK_FUNCTION_EXISTS=pthread_create    -rdynamic CMakeFiles/cmTC_9348f.dir/CheckFunctionExists.c.o  -o cmTC_9348f -lpthreads 
/usr/bin/ld: cannot find -lpthreads
collect2: error: ld returned 1 exit status
make[2]: *** [CMakeFiles/cmTC_9348f.dir/build.make:87: cmTC_9348f] Error 1
make[2]: Leaving directory '/home/justin/MSCVProject/compiler/CMakeFiles/CMakeTmp'
make[1]: *** [Makefile:121: cmTC_9348f/fast] Error 2
make[1]: Leaving directory '/home/justin/MSCVProject/compiler/CMakeFiles/CMakeTmp'


Determining if the function connect exists in the socket;dl;-lpthread failed with the following output:
Change Dir: /home/justin/MSCVProject/compiler/CMakeFiles/CMakeTmp

Run Build Command:"/usr/bin/make" "cmTC_ac9ae/fast"
make[1]: Entering directory '/home/justin/MSCVProject/compiler/CMakeFiles/CMakeTmp'
/usr/bin/make -f CMakeFiles/cmTC_ac9ae.dir/build.make CMakeFiles/cmTC_ac9ae.dir/build
make[2]: Entering directory '/home/justin/MSCVProject/compiler/CMakeFiles/CMakeTmp'
Building C object CMakeFiles/cmTC_ac9ae.dir/CheckFunctionExists.c.o
/usr/bin/cc   -pedantic -Wall -W -Wpointer-arith -Wwrite-strings -Wunused -Wshadow -Winline -Wnested-externs -Wmissing-declarations -Wmissing-prototypes -Wno-long-long -Wfloat-equal -Wno-multichar -Wsign-compare -Wundef -Wno-format-nonliteral -Wendif-labels -Wstrict-prototypes -Wdeclaration-after-statement -Wstrict-aliasing=3 -Wcast-align -Wtype-limits -Wold-style-declaration -Wmissing-parameter-type -Wempty-body -Wclobbered -Wignored-qualifiers -Wconversion -Wno-sign-conversion -Wvla -Wdouble-promotion -Wno-system-headers -DCHECK_FUNCTION_EXISTS=connect   -o CMakeFiles/cmTC_ac9ae.dir/CheckFunctionExists.c.o   -c /usr/local/share/cmake-3.13/Modules/CheckFunctionExists.c
Linking C executable cmTC_ac9ae
/usr/local/bin/cmake -E cmake_link_script CMakeFiles/cmTC_ac9ae.dir/link.txt --verbose=1
/usr/bin/cc   -pedantic -Wall -W -Wpointer-arith -Wwrite-strings -Wunused -Wshadow -Winline -Wnested-externs -Wmissing-declarations -Wmissing-prototypes -Wno-long-long -Wfloat-equal -Wno-multichar -Wsign-compare -Wundef -Wno-format-nonliteral -Wendif-labels -Wstrict-prototypes -Wdeclaration-after-statement -Wstrict-aliasing=3 -Wcast-align -Wtype-limits -Wold-style-declaration -Wmissing-parameter-type -Wempty-body -Wclobbered -Wignored-qualifiers -Wconversion -Wno-sign-conversion -Wvla -Wdouble-promotion -Wno-system-headers -DCHECK_FUNCTION_EXISTS=connect    -rdynamic CMakeFiles/cmTC_ac9ae.dir/CheckFunctionExists.c.o  -o cmTC_ac9ae -lsocket -ldl -lpthread 
/usr/bin/ld: cannot find -lsocket
collect2: error: ld returned 1 exit status
make[2]: *** [CMakeFiles/cmTC_ac9ae.dir/build.make:87: cmTC_ac9ae] Error 1
make[2]: Leaving directory '/home/justin/MSCVProject/compiler/CMakeFiles/CMakeTmp'
make[1]: *** [Makefile:121: cmTC_ac9ae/fast] Error 2
make[1]: Leaving directory '/home/justin/MSCVProject/compiler/CMakeFiles/CMakeTmp'


Determining if the RAND_status exist failed with the following output:
Change Dir: /home/justin/MSCVProject/compiler/CMakeFiles/CMakeTmp

Run Build Command:"/usr/bin/make" "cmTC_d0519/fast"
make[1]: Entering directory '/home/justin/MSCVProject/compiler/CMakeFiles/CMakeTmp'
/usr/bin/make -f CMakeFiles/cmTC_d0519.dir/build.make CMakeFiles/cmTC_d0519.dir/build
make[2]: Entering directory '/home/justin/MSCVProject/compiler/CMakeFiles/CMakeTmp'
Building C object CMakeFiles/cmTC_d0519.dir/CheckSymbolExists.c.o
/usr/bin/cc   -pedantic -Wall -W -Wpointer-arith -Wwrite-strings -Wunused -Wshadow -Winline -Wnested-externs -Wmissing-declarations -Wmissing-prototypes -Wno-long-long -Wfloat-equal -Wno-multichar -Wsign-compare -Wundef -Wno-format-nonliteral -Wendif-labels -Wstrict-prototypes -Wdeclaration-after-statement -Wstrict-aliasing=3 -Wcast-align -Wtype-limits -Wold-style-declaration -Wmissing-parameter-type -Wempty-body -Wclobbered -Wignored-qualifiers -Wconversion -Wno-sign-conversion -Wvla -Wdouble-promotion -Wno-system-headers    -o CMakeFiles/cmTC_d0519.dir/CheckSymbolExists.c.o   -c /home/justin/MSCVProject/compiler/CMakeFiles/CMakeTmp/CheckSymbolExists.c
/home/justin/MSCVProject/compiler/CMakeFiles/CMakeTmp/CheckSymbolExists.c: In function ‘main’:
/home/justin/MSCVProject/compiler/CMakeFiles/CMakeTmp/CheckSymbolExists.c:7:19: error: ‘RAND_status’ undeclared (first use in this function)
   return ((int*)(&RAND_status))[argc];
                   ^~~~~~~~~~~
/home/justin/MSCVProject/compiler/CMakeFiles/CMakeTmp/CheckSymbolExists.c:7:19: note: each undeclared identifier is reported only once for each function it appears in
/home/justin/MSCVProject/compiler/CMakeFiles/CMakeTmp/CheckSymbolExists.c:3:14: warning: parameter ‘argc’ set but not used [-Wunused-but-set-parameter]
 int main(int argc, char** argv)
          ~~~~^~~~
make[2]: *** [CMakeFiles/cmTC_d0519.dir/build.make:66: CMakeFiles/cmTC_d0519.dir/CheckSymbolExists.c.o] Error 1
make[2]: Leaving directory '/home/justin/MSCVProject/compiler/CMakeFiles/CMakeTmp'
make[1]: *** [Makefile:121: cmTC_d0519/fast] Error 2
make[1]: Leaving directory '/home/justin/MSCVProject/compiler/CMakeFiles/CMakeTmp'

File /home/justin/MSCVProject/compiler/CMakeFiles/CMakeTmp/CheckSymbolExists.c:
/* */

int main(int argc, char** argv)
{
  (void)argv;
#ifndef RAND_status
  return ((int*)(&RAND_status))[argc];
#else
  (void)argc;
  return 0;
#endif
}

Determining if the RAND_screen exist failed with the following output:
Change Dir: /home/justin/MSCVProject/compiler/CMakeFiles/CMakeTmp

Run Build Command:"/usr/bin/make" "cmTC_e284c/fast"
make[1]: Entering directory '/home/justin/MSCVProject/compiler/CMakeFiles/CMakeTmp'
/usr/bin/make -f CMakeFiles/cmTC_e284c.dir/build.make CMakeFiles/cmTC_e284c.dir/build
make[2]: Entering directory '/home/justin/MSCVProject/compiler/CMakeFiles/CMakeTmp'
Building C object CMakeFiles/cmTC_e284c.dir/CheckSymbolExists.c.o
/usr/bin/cc   -pedantic -Wall -W -Wpointer-arith -Wwrite-strings -Wunused -Wshadow -Winline -Wnested-externs -Wmissing-declarations -Wmissing-prototypes -Wno-long-long -Wfloat-equal -Wno-multichar -Wsign-compare -Wundef -Wno-format-nonliteral -Wendif-labels -Wstrict-prototypes -Wdeclaration-after-statement -Wstrict-aliasing=3 -Wcast-align -Wtype-limits -Wold-style-declaration -Wmissing-parameter-type -Wempty-body -Wclobbered -Wignored-qualifiers -Wconversion -Wno-sign-conversion -Wvla -Wdouble-promotion -Wno-system-headers    -o CMakeFiles/cmTC_e284c.dir/CheckSymbolExists.c.o   -c /home/justin/MSCVProject/compiler/CMakeFiles/CMakeTmp/CheckSymbolExists.c
/home/justin/MSCVProject/compiler/CMakeFiles/CMakeTmp/CheckSymbolExists.c: In function ‘main’:
/home/justin/MSCVProject/compiler/CMakeFiles/CMakeTmp/CheckSymbolExists.c:7:19: error: ‘RAND_screen’ undeclared (first use in this function)
   return ((int*)(&RAND_screen))[argc];
                   ^~~~~~~~~~~
/home/justin/MSCVProject/compiler/CMakeFiles/CMakeTmp/CheckSymbolExists.c:7:19: note: each undeclared identifier is reported only once for each function it appears in
/home/justin/MSCVProject/compiler/CMakeFiles/CMakeTmp/CheckSymbolExists.c:3:14: warning: parameter ‘argc’ set but not used [-Wunused-but-set-parameter]
 int main(int argc, char** argv)
          ~~~~^~~~
make[2]: *** [CMakeFiles/cmTC_e284c.dir/build.make:66: CMakeFiles/cmTC_e284c.dir/CheckSymbolExists.c.o] Error 1
make[2]: Leaving directory '/home/justin/MSCVProject/compiler/CMakeFiles/CMakeTmp'
make[1]: *** [Makefile:121: cmTC_e284c/fast] Error 2
make[1]: Leaving directory '/home/justin/MSCVProject/compiler/CMakeFiles/CMakeTmp'

File /home/justin/MSCVProject/compiler/CMakeFiles/CMakeTmp/CheckSymbolExists.c:
/* */

int main(int argc, char** argv)
{
  (void)argv;
#ifndef RAND_screen
  return ((int*)(&RAND_screen))[argc];
#else
  (void)argc;
  return 0;
#endif
}

Determining if the RAND_egd exist failed with the following output:
Change Dir: /home/justin/MSCVProject/compiler/CMakeFiles/CMakeTmp

Run Build Command:"/usr/bin/make" "cmTC_c368b/fast"
make[1]: Entering directory '/home/justin/MSCVProject/compiler/CMakeFiles/CMakeTmp'
/usr/bin/make -f CMakeFiles/cmTC_c368b.dir/build.make CMakeFiles/cmTC_c368b.dir/build
make[2]: Entering directory '/home/justin/MSCVProject/compiler/CMakeFiles/CMakeTmp'
Building C object CMakeFiles/cmTC_c368b.dir/CheckSymbolExists.c.o
/usr/bin/cc   -pedantic -Wall -W -Wpointer-arith -Wwrite-strings -Wunused -Wshadow -Winline -Wnested-externs -Wmissing-declarations -Wmissing-prototypes -Wno-long-long -Wfloat-equal -Wno-multichar -Wsign-compare -Wundef -Wno-format-nonliteral -Wendif-labels -Wstrict-prototypes -Wdeclaration-after-statement -Wstrict-aliasing=3 -Wcast-align -Wtype-limits -Wold-style-declaration -Wmissing-parameter-type -Wempty-body -Wclobbered -Wignored-qualifiers -Wconversion -Wno-sign-conversion -Wvla -Wdouble-promotion -Wno-system-headers    -o CMakeFiles/cmTC_c368b.dir/CheckSymbolExists.c.o   -c /home/justin/MSCVProject/compiler/CMakeFiles/CMakeTmp/CheckSymbolExists.c
/home/justin/MSCVProject/compiler/CMakeFiles/CMakeTmp/CheckSymbolExists.c: In function ‘main’:
/home/justin/MSCVProject/compiler/CMakeFiles/CMakeTmp/CheckSymbolExists.c:7:19: error: ‘RAND_egd’ undeclared (first use in this function)
   return ((int*)(&RAND_egd))[argc];
                   ^~~~~~~~
/home/justin/MSCVProject/compiler/CMakeFiles/CMakeTmp/CheckSymbolExists.c:7:19: note: each undeclared identifier is reported only once for each function it appears in
/home/justin/MSCVProject/compiler/CMakeFiles/CMakeTmp/CheckSymbolExists.c:3:14: warning: parameter ‘argc’ set but not used [-Wunused-but-set-parameter]
 int main(int argc, char** argv)
          ~~~~^~~~
make[2]: *** [CMakeFiles/cmTC_c368b.dir/build.make:66: CMakeFiles/cmTC_c368b.dir/CheckSymbolExists.c.o] Error 1
make[2]: Leaving directory '/home/justin/MSCVProject/compiler/CMakeFiles/CMakeTmp'
make[1]: *** [Makefile:121: cmTC_c368b/fast] Error 2
make[1]: Leaving directory '/home/justin/MSCVProject/compiler/CMakeFiles/CMakeTmp'

File /home/justin/MSCVProject/compiler/CMakeFiles/CMakeTmp/CheckSymbolExists.c:
/* */

int main(int argc, char** argv)
{
  (void)argv;
#ifndef RAND_egd
  return ((int*)(&RAND_egd))[argc];
#else
  (void)argc;
  return 0;
#endif
}

Determining if the function ldap_init exists in the ldap;dl;-lpthread;/usr/lib/x86_64-linux-gnu/libssl.so;/usr/lib/x86_64-linux-gnu/libcrypto.so failed with the following output:
Change Dir: /home/justin/MSCVProject/compiler/CMakeFiles/CMakeTmp

Run Build Command:"/usr/bin/make" "cmTC_c31c6/fast"
make[1]: Entering directory '/home/justin/MSCVProject/compiler/CMakeFiles/CMakeTmp'
/usr/bin/make -f CMakeFiles/cmTC_c31c6.dir/build.make CMakeFiles/cmTC_c31c6.dir/build
make[2]: Entering directory '/home/justin/MSCVProject/compiler/CMakeFiles/CMakeTmp'
Building C object CMakeFiles/cmTC_c31c6.dir/CheckFunctionExists.c.o
/usr/bin/cc   -pedantic -Wall -W -Wpointer-arith -Wwrite-strings -Wunused -Wshadow -Winline -Wnested-externs -Wmissing-declarations -Wmissing-prototypes -Wno-long-long -Wfloat-equal -Wno-multichar -Wsign-compare -Wundef -Wno-format-nonliteral -Wendif-labels -Wstrict-prototypes -Wdeclaration-after-statement -Wstrict-aliasing=3 -Wcast-align -Wtype-limits -Wold-style-declaration -Wmissing-parameter-type -Wempty-body -Wclobbered -Wignored-qualifiers -Wconversion -Wno-sign-conversion -Wvla -Wdouble-promotion -Wno-system-headers -DCHECK_FUNCTION_EXISTS=ldap_init   -o CMakeFiles/cmTC_c31c6.dir/CheckFunctionExists.c.o   -c /usr/local/share/cmake-3.13/Modules/CheckFunctionExists.c
Linking C executable cmTC_c31c6
/usr/local/bin/cmake -E cmake_link_script CMakeFiles/cmTC_c31c6.dir/link.txt --verbose=1
/usr/bin/cc   -pedantic -Wall -W -Wpointer-arith -Wwrite-strings -Wunused -Wshadow -Winline -Wnested-externs -Wmissing-declarations -Wmissing-prototypes -Wno-long-long -Wfloat-equal -Wno-multichar -Wsign-compare -Wundef -Wno-format-nonliteral -Wendif-labels -Wstrict-prototypes -Wdeclaration-after-statement -Wstrict-aliasing=3 -Wcast-align -Wtype-limits -Wold-style-declaration -Wmissing-parameter-type -Wempty-body -Wclobbered -Wignored-qualifiers -Wconversion -Wno-sign-conversion -Wvla -Wdouble-promotion -Wno-system-headers -DCHECK_FUNCTION_EXISTS=ldap_init    -rdynamic CMakeFiles/cmTC_c31c6.dir/CheckFunctionExists.c.o  -o cmTC_c31c6 -lldap -ldl -lpthread /usr/lib/x86_64-linux-gnu/libssl.so /usr/lib/x86_64-linux-gnu/libcrypto.so /usr/lib/x86_64-linux-gnu/libssl.so /usr/lib/x86_64-linux-gnu/libcrypto.so 
/usr/bin/ld: cannot find -lldap
collect2: error: ld returned 1 exit status
make[2]: *** [CMakeFiles/cmTC_c31c6.dir/build.make:91: cmTC_c31c6] Error 1
make[2]: Leaving directory '/home/justin/MSCVProject/compiler/CMakeFiles/CMakeTmp'
make[1]: *** [Makefile:121: cmTC_c31c6/fast] Error 2
make[1]: Leaving directory '/home/justin/MSCVProject/compiler/CMakeFiles/CMakeTmp'


Determining if the function ber_init exists in the lber;dl;-lpthread;/usr/lib/x86_64-linux-gnu/libssl.so;/usr/lib/x86_64-linux-gnu/libcrypto.so failed with the following output:
Change Dir: /home/justin/MSCVProject/compiler/CMakeFiles/CMakeTmp

Run Build Command:"/usr/bin/make" "cmTC_b2c9f/fast"
make[1]: Entering directory '/home/justin/MSCVProject/compiler/CMakeFiles/CMakeTmp'
/usr/bin/make -f CMakeFiles/cmTC_b2c9f.dir/build.make CMakeFiles/cmTC_b2c9f.dir/build
make[2]: Entering directory '/home/justin/MSCVProject/compiler/CMakeFiles/CMakeTmp'
Building C object CMakeFiles/cmTC_b2c9f.dir/CheckFunctionExists.c.o
/usr/bin/cc   -pedantic -Wall -W -Wpointer-arith -Wwrite-strings -Wunused -Wshadow -Winline -Wnested-externs -Wmissing-declarations -Wmissing-prototypes -Wno-long-long -Wfloat-equal -Wno-multichar -Wsign-compare -Wundef -Wno-format-nonliteral -Wendif-labels -Wstrict-prototypes -Wdeclaration-after-statement -Wstrict-aliasing=3 -Wcast-align -Wtype-limits -Wold-style-declaration -Wmissing-parameter-type -Wempty-body -Wclobbered -Wignored-qualifiers -Wconversion -Wno-sign-conversion -Wvla -Wdouble-promotion -Wno-system-headers -DCHECK_FUNCTION_EXISTS=ber_init   -o CMakeFiles/cmTC_b2c9f.dir/CheckFunctionExists.c.o   -c /usr/local/share/cmake-3.13/Modules/CheckFunctionExists.c
Linking C executable cmTC_b2c9f
/usr/local/bin/cmake -E cmake_link_script CMakeFiles/cmTC_b2c9f.dir/link.txt --verbose=1
/usr/bin/cc   -pedantic -Wall -W -Wpointer-arith -Wwrite-strings -Wunused -Wshadow -Winline -Wnested-externs -Wmissing-declarations -Wmissing-prototypes -Wno-long-long -Wfloat-equal -Wno-multichar -Wsign-compare -Wundef -Wno-format-nonliteral -Wendif-labels -Wstrict-prototypes -Wdeclaration-after-statement -Wstrict-aliasing=3 -Wcast-align -Wtype-limits -Wold-style-declaration -Wmissing-parameter-type -Wempty-body -Wclobbered -Wignored-qualifiers -Wconversion -Wno-sign-conversion -Wvla -Wdouble-promotion -Wno-system-headers -DCHECK_FUNCTION_EXISTS=ber_init    -rdynamic CMakeFiles/cmTC_b2c9f.dir/CheckFunctionExists.c.o  -o cmTC_b2c9f -llber -ldl -lpthread /usr/lib/x86_64-linux-gnu/libssl.so /usr/lib/x86_64-linux-gnu/libcrypto.so /usr/lib/x86_64-linux-gnu/libssl.so /usr/lib/x86_64-linux-gnu/libcrypto.so 
/usr/bin/ld: cannot find -llber
collect2: error: ld returned 1 exit status
make[2]: *** [CMakeFiles/cmTC_b2c9f.dir/build.make:91: cmTC_b2c9f] Error 1
make[2]: Leaving directory '/home/justin/MSCVProject/compiler/CMakeFiles/CMakeTmp'
make[1]: *** [Makefile:121: cmTC_b2c9f/fast] Error 2
make[1]: Leaving directory '/home/justin/MSCVProject/compiler/CMakeFiles/CMakeTmp'


Determining if files ;ldap.h exist failed with the following output:
Change Dir: /home/justin/MSCVProject/compiler/CMakeFiles/CMakeTmp

Run Build Command:"/usr/bin/make" "cmTC_394f0/fast"
make[1]: Entering directory '/home/justin/MSCVProject/compiler/CMakeFiles/CMakeTmp'
/usr/bin/make -f CMakeFiles/cmTC_394f0.dir/build.make CMakeFiles/cmTC_394f0.dir/build
make[2]: Entering directory '/home/justin/MSCVProject/compiler/CMakeFiles/CMakeTmp'
Building C object CMakeFiles/cmTC_394f0.dir/HAVE_LDAP_H.c.o
/usr/bin/cc   -pedantic -Wall -W -Wpointer-arith -Wwrite-strings -Wunused -Wshadow -Winline -Wnested-externs -Wmissing-declarations -Wmissing-prototypes -Wno-long-long -Wfloat-equal -Wno-multichar -Wsign-compare -Wundef -Wno-format-nonliteral -Wendif-labels -Wstrict-prototypes -Wdeclaration-after-statement -Wstrict-aliasing=3 -Wcast-align -Wtype-limits -Wold-style-declaration -Wmissing-parameter-type -Wempty-body -Wclobbered -Wignored-qualifiers -Wconversion -Wno-sign-conversion -Wvla -Wdouble-promotion -Wno-system-headers    -o CMakeFiles/cmTC_394f0.dir/HAVE_LDAP_H.c.o   -c /home/justin/MSCVProject/compiler/CMakeFiles/CheckIncludeFiles/HAVE_LDAP_H.c
/home/justin/MSCVProject/compiler/CMakeFiles/CheckIncludeFiles/HAVE_LDAP_H.c:2:10: fatal error: ldap.h: No such file or directory
 #include <ldap.h>
          ^~~~~~~~
compilation terminated.
make[2]: *** [CMakeFiles/cmTC_394f0.dir/build.make:66: CMakeFiles/cmTC_394f0.dir/HAVE_LDAP_H.c.o] Error 1
make[2]: Leaving directory '/home/justin/MSCVProject/compiler/CMakeFiles/CMakeTmp'
make[1]: *** [Makefile:121: cmTC_394f0/fast] Error 2
make[1]: Leaving directory '/home/justin/MSCVProject/compiler/CMakeFiles/CMakeTmp'

Source:
/* */
#include <ldap.h>


int main(void){return 0;}

Determining if files ;lber.h exist failed with the following output:
Change Dir: /home/justin/MSCVProject/compiler/CMakeFiles/CMakeTmp

Run Build Command:"/usr/bin/make" "cmTC_d73c9/fast"
make[1]: Entering directory '/home/justin/MSCVProject/compiler/CMakeFiles/CMakeTmp'
/usr/bin/make -f CMakeFiles/cmTC_d73c9.dir/build.make CMakeFiles/cmTC_d73c9.dir/build
make[2]: Entering directory '/home/justin/MSCVProject/compiler/CMakeFiles/CMakeTmp'
Building C object CMakeFiles/cmTC_d73c9.dir/HAVE_LBER_H.c.o
/usr/bin/cc   -pedantic -Wall -W -Wpointer-arith -Wwrite-strings -Wunused -Wshadow -Winline -Wnested-externs -Wmissing-declarations -Wmissing-prototypes -Wno-long-long -Wfloat-equal -Wno-multichar -Wsign-compare -Wundef -Wno-format-nonliteral -Wendif-labels -Wstrict-prototypes -Wdeclaration-after-statement -Wstrict-aliasing=3 -Wcast-align -Wtype-limits -Wold-style-declaration -Wmissing-parameter-type -Wempty-body -Wclobbered -Wignored-qualifiers -Wconversion -Wno-sign-conversion -Wvla -Wdouble-promotion -Wno-system-headers    -o CMakeFiles/cmTC_d73c9.dir/HAVE_LBER_H.c.o   -c /home/justin/MSCVProject/compiler/CMakeFiles/CheckIncludeFiles/HAVE_LBER_H.c
/home/justin/MSCVProject/compiler/CMakeFiles/CheckIncludeFiles/HAVE_LBER_H.c:2:10: fatal error: lber.h: No such file or directory
 #include <lber.h>
          ^~~~~~~~
compilation terminated.
make[2]: *** [CMakeFiles/cmTC_d73c9.dir/build.make:66: CMakeFiles/cmTC_d73c9.dir/HAVE_LBER_H.c.o] Error 1
make[2]: Leaving directory '/home/justin/MSCVProject/compiler/CMakeFiles/CMakeTmp'
make[1]: *** [Makefile:121: cmTC_d73c9/fast] Error 2
make[1]: Leaving directory '/home/justin/MSCVProject/compiler/CMakeFiles/CMakeTmp'

Source:
/* */
#include <lber.h>


int main(void){return 0;}

Determining if the function idn2_lookup_ul exists in the idn2;dl;-lpthread;/usr/lib/x86_64-linux-gnu/libssl.so;/usr/lib/x86_64-linux-gnu/libcrypto.so failed with the following output:
Change Dir: /home/justin/MSCVProject/compiler/CMakeFiles/CMakeTmp

Run Build Command:"/usr/bin/make" "cmTC_838cd/fast"
make[1]: Entering directory '/home/justin/MSCVProject/compiler/CMakeFiles/CMakeTmp'
/usr/bin/make -f CMakeFiles/cmTC_838cd.dir/build.make CMakeFiles/cmTC_838cd.dir/build
make[2]: Entering directory '/home/justin/MSCVProject/compiler/CMakeFiles/CMakeTmp'
Building C object CMakeFiles/cmTC_838cd.dir/CheckFunctionExists.c.o
/usr/bin/cc   -pedantic -Wall -W -Wpointer-arith -Wwrite-strings -Wunused -Wshadow -Winline -Wnested-externs -Wmissing-declarations -Wmissing-prototypes -Wno-long-long -Wfloat-equal -Wno-multichar -Wsign-compare -Wundef -Wno-format-nonliteral -Wendif-labels -Wstrict-prototypes -Wdeclaration-after-statement -Wstrict-aliasing=3 -Wcast-align -Wtype-limits -Wold-style-declaration -Wmissing-parameter-type -Wempty-body -Wclobbered -Wignored-qualifiers -Wconversion -Wno-sign-conversion -Wvla -Wdouble-promotion -Wno-system-headers -DCHECK_FUNCTION_EXISTS=idn2_lookup_ul   -o CMakeFiles/cmTC_838cd.dir/CheckFunctionExists.c.o   -c /usr/local/share/cmake-3.13/Modules/CheckFunctionExists.c
Linking C executable cmTC_838cd
/usr/local/bin/cmake -E cmake_link_script CMakeFiles/cmTC_838cd.dir/link.txt --verbose=1
/usr/bin/cc   -pedantic -Wall -W -Wpointer-arith -Wwrite-strings -Wunused -Wshadow -Winline -Wnested-externs -Wmissing-declarations -Wmissing-prototypes -Wno-long-long -Wfloat-equal -Wno-multichar -Wsign-compare -Wundef -Wno-format-nonliteral -Wendif-labels -Wstrict-prototypes -Wdeclaration-after-statement -Wstrict-aliasing=3 -Wcast-align -Wtype-limits -Wold-style-declaration -Wmissing-parameter-type -Wempty-body -Wclobbered -Wignored-qualifiers -Wconversion -Wno-sign-conversion -Wvla -Wdouble-promotion -Wno-system-headers -DCHECK_FUNCTION_EXISTS=idn2_lookup_ul    -rdynamic CMakeFiles/cmTC_838cd.dir/CheckFunctionExists.c.o  -o cmTC_838cd -lidn2 -ldl -lpthread /usr/lib/x86_64-linux-gnu/libssl.so /usr/lib/x86_64-linux-gnu/libcrypto.so /usr/lib/x86_64-linux-gnu/libssl.so /usr/lib/x86_64-linux-gnu/libcrypto.so 
/usr/bin/ld: cannot find -lidn2
collect2: error: ld returned 1 exit status
make[2]: *** [CMakeFiles/cmTC_838cd.dir/build.make:91: cmTC_838cd] Error 1
make[2]: Leaving directory '/home/justin/MSCVProject/compiler/CMakeFiles/CMakeTmp'
make[1]: *** [Makefile:121: cmTC_838cd/fast] Error 2
make[1]: Leaving directory '/home/justin/MSCVProject/compiler/CMakeFiles/CMakeTmp'


Determining if files stdio.h;inttypes.h;sys/filio.h exist failed with the following output:
Change Dir: /home/justin/MSCVProject/compiler/CMakeFiles/CMakeTmp

Run Build Command:"/usr/bin/make" "cmTC_50f21/fast"
make[1]: Entering directory '/home/justin/MSCVProject/compiler/CMakeFiles/CMakeTmp'
/usr/bin/make -f CMakeFiles/cmTC_50f21.dir/build.make CMakeFiles/cmTC_50f21.dir/build
make[2]: Entering directory '/home/justin/MSCVProject/compiler/CMakeFiles/CMakeTmp'
Building C object CMakeFiles/cmTC_50f21.dir/HAVE_SYS_FILIO_H.c.o
/usr/bin/cc   -pedantic -Wall -W -Wpointer-arith -Wwrite-strings -Wunused -Wshadow -Winline -Wnested-externs -Wmissing-declarations -Wmissing-prototypes -Wno-long-long -Wfloat-equal -Wno-multichar -Wsign-compare -Wundef -Wno-format-nonliteral -Wendif-labels -Wstrict-prototypes -Wdeclaration-after-statement -Wstrict-aliasing=3 -Wcast-align -Wtype-limits -Wold-style-declaration -Wmissing-parameter-type -Wempty-body -Wclobbered -Wignored-qualifiers -Wconversion -Wno-sign-conversion -Wvla -Wdouble-promotion -Wno-system-headers    -o CMakeFiles/cmTC_50f21.dir/HAVE_SYS_FILIO_H.c.o   -c /home/justin/MSCVProject/compiler/CMakeFiles/CheckIncludeFiles/HAVE_SYS_FILIO_H.c
/home/justin/MSCVProject/compiler/CMakeFiles/CheckIncludeFiles/HAVE_SYS_FILIO_H.c:4:10: fatal error: sys/filio.h: No such file or directory
 #include <sys/filio.h>
          ^~~~~~~~~~~~~
compilation terminated.
make[2]: *** [CMakeFiles/cmTC_50f21.dir/build.make:66: CMakeFiles/cmTC_50f21.dir/HAVE_SYS_FILIO_H.c.o] Error 1
make[2]: Leaving directory '/home/justin/MSCVProject/compiler/CMakeFiles/CMakeTmp'
make[1]: *** [Makefile:121: cmTC_50f21/fast] Error 2
make[1]: Leaving directory '/home/justin/MSCVProject/compiler/CMakeFiles/CMakeTmp'

Source:
/* */
#include <stdio.h>
#include <inttypes.h>
#include <sys/filio.h>


int main(void){return 0;}

Determining if files stdio.h;inttypes.h;sys/ioctl.h;sys/param.h;sys/poll.h;sys/resource.h;sys/select.h;sys/socket.h;sys/sockio.h exist failed with the following output:
Change Dir: /home/justin/MSCVProject/compiler/CMakeFiles/CMakeTmp

Run Build Command:"/usr/bin/make" "cmTC_c7ed3/fast"
make[1]: Entering directory '/home/justin/MSCVProject/compiler/CMakeFiles/CMakeTmp'
/usr/bin/make -f CMakeFiles/cmTC_c7ed3.dir/build.make CMakeFiles/cmTC_c7ed3.dir/build
make[2]: Entering directory '/home/justin/MSCVProject/compiler/CMakeFiles/CMakeTmp'
Building C object CMakeFiles/cmTC_c7ed3.dir/HAVE_SYS_SOCKIO_H.c.o
/usr/bin/cc   -pedantic -Wall -W -Wpointer-arith -Wwrite-strings -Wunused -Wshadow -Winline -Wnested-externs -Wmissing-declarations -Wmissing-prototypes -Wno-long-long -Wfloat-equal -Wno-multichar -Wsign-compare -Wundef -Wno-format-nonliteral -Wendif-labels -Wstrict-prototypes -Wdeclaration-after-statement -Wstrict-aliasing=3 -Wcast-align -Wtype-limits -Wold-style-declaration -Wmissing-parameter-type -Wempty-body -Wclobbered -Wignored-qualifiers -Wconversion -Wno-sign-conversion -Wvla -Wdouble-promotion -Wno-system-headers    -o CMakeFiles/cmTC_c7ed3.dir/HAVE_SYS_SOCKIO_H.c.o   -c /home/justin/MSCVProject/compiler/CMakeFiles/CheckIncludeFiles/HAVE_SYS_SOCKIO_H.c
/home/justin/MSCVProject/compiler/CMakeFiles/CheckIncludeFiles/HAVE_SYS_SOCKIO_H.c:10:10: fatal error: sys/sockio.h: No such file or directory
 #include <sys/sockio.h>
          ^~~~~~~~~~~~~~
compilation terminated.
make[2]: *** [CMakeFiles/cmTC_c7ed3.dir/build.make:66: CMakeFiles/cmTC_c7ed3.dir/HAVE_SYS_SOCKIO_H.c.o] Error 1
make[2]: Leaving directory '/home/justin/MSCVProject/compiler/CMakeFiles/CMakeTmp'
make[1]: *** [Makefile:121: cmTC_c7ed3/fast] Error 2
make[1]: Leaving directory '/home/justin/MSCVProject/compiler/CMakeFiles/CMakeTmp'

Source:
/* */
#include <stdio.h>
#include <inttypes.h>
#include <sys/ioctl.h>
#include <sys/param.h>
#include <sys/poll.h>
#include <sys/resource.h>
#include <sys/select.h>
#include <sys/socket.h>
#include <sys/sockio.h>


int main(void){return 0;}

Determining if files stdio.h;inttypes.h;sys/ioctl.h;sys/param.h;sys/poll.h;sys/resource.h;sys/select.h;sys/socket.h;sys/stat.h;sys/time.h;sys/types.h;sys/uio.h;sys/un.h;sys/utime.h exist failed with the following output:
Change Dir: /home/justin/MSCVProject/compiler/CMakeFiles/CMakeTmp

Run Build Command:"/usr/bin/make" "cmTC_e12cd/fast"
make[1]: Entering directory '/home/justin/MSCVProject/compiler/CMakeFiles/CMakeTmp'
/usr/bin/make -f CMakeFiles/cmTC_e12cd.dir/build.make CMakeFiles/cmTC_e12cd.dir/build
make[2]: Entering directory '/home/justin/MSCVProject/compiler/CMakeFiles/CMakeTmp'
Building C object CMakeFiles/cmTC_e12cd.dir/HAVE_SYS_UTIME_H.c.o
/usr/bin/cc   -pedantic -Wall -W -Wpointer-arith -Wwrite-strings -Wunused -Wshadow -Winline -Wnested-externs -Wmissing-declarations -Wmissing-prototypes -Wno-long-long -Wfloat-equal -Wno-multichar -Wsign-compare -Wundef -Wno-format-nonliteral -Wendif-labels -Wstrict-prototypes -Wdeclaration-after-statement -Wstrict-aliasing=3 -Wcast-align -Wtype-limits -Wold-style-declaration -Wmissing-parameter-type -Wempty-body -Wclobbered -Wignored-qualifiers -Wconversion -Wno-sign-conversion -Wvla -Wdouble-promotion -Wno-system-headers    -o CMakeFiles/cmTC_e12cd.dir/HAVE_SYS_UTIME_H.c.o   -c /home/justin/MSCVProject/compiler/CMakeFiles/CheckIncludeFiles/HAVE_SYS_UTIME_H.c
/home/justin/MSCVProject/compiler/CMakeFiles/CheckIncludeFiles/HAVE_SYS_UTIME_H.c:15:10: fatal error: sys/utime.h: No such file or directory
 #include <sys/utime.h>
          ^~~~~~~~~~~~~
compilation terminated.
make[2]: *** [CMakeFiles/cmTC_e12cd.dir/build.make:66: CMakeFiles/cmTC_e12cd.dir/HAVE_SYS_UTIME_H.c.o] Error 1
make[2]: Leaving directory '/home/justin/MSCVProject/compiler/CMakeFiles/CMakeTmp'
make[1]: *** [Makefile:121: cmTC_e12cd/fast] Error 2
make[1]: Leaving directory '/home/justin/MSCVProject/compiler/CMakeFiles/CMakeTmp'

Source:
/* */
#include <stdio.h>
#include <inttypes.h>
#include <sys/ioctl.h>
#include <sys/param.h>
#include <sys/poll.h>
#include <sys/resource.h>
#include <sys/select.h>
#include <sys/socket.h>
#include <sys/stat.h>
#include <sys/time.h>
#include <sys/types.h>
#include <sys/uio.h>
#include <sys/un.h>
#include <sys/utime.h>


int main(void){return 0;}

Determining if files stdio.h;inttypes.h;sys/ioctl.h;sys/param.h;sys/poll.h;sys/resource.h;sys/select.h;sys/socket.h;sys/stat.h;sys/time.h;sys/types.h;sys/uio.h;sys/un.h;sys/xattr.h;alloca.h;arpa/inet.h;arpa/tftp.h;assert.h;crypto.h exist failed with the following output:
Change Dir: /home/justin/MSCVProject/compiler/CMakeFiles/CMakeTmp

Run Build Command:"/usr/bin/make" "cmTC_a378a/fast"
make[1]: Entering directory '/home/justin/MSCVProject/compiler/CMakeFiles/CMakeTmp'
/usr/bin/make -f CMakeFiles/cmTC_a378a.dir/build.make CMakeFiles/cmTC_a378a.dir/build
make[2]: Entering directory '/home/justin/MSCVProject/compiler/CMakeFiles/CMakeTmp'
Building C object CMakeFiles/cmTC_a378a.dir/HAVE_CRYPTO_H.c.o
/usr/bin/cc   -pedantic -Wall -W -Wpointer-arith -Wwrite-strings -Wunused -Wshadow -Winline -Wnested-externs -Wmissing-declarations -Wmissing-prototypes -Wno-long-long -Wfloat-equal -Wno-multichar -Wsign-compare -Wundef -Wno-format-nonliteral -Wendif-labels -Wstrict-prototypes -Wdeclaration-after-statement -Wstrict-aliasing=3 -Wcast-align -Wtype-limits -Wold-style-declaration -Wmissing-parameter-type -Wempty-body -Wclobbered -Wignored-qualifiers -Wconversion -Wno-sign-conversion -Wvla -Wdouble-promotion -Wno-system-headers    -o CMakeFiles/cmTC_a378a.dir/HAVE_CRYPTO_H.c.o   -c /home/justin/MSCVProject/compiler/CMakeFiles/CheckIncludeFiles/HAVE_CRYPTO_H.c
/home/justin/MSCVProject/compiler/CMakeFiles/CheckIncludeFiles/HAVE_CRYPTO_H.c:20:10: fatal error: crypto.h: No such file or directory
 #include <crypto.h>
          ^~~~~~~~~~
compilation terminated.
make[2]: *** [CMakeFiles/cmTC_a378a.dir/build.make:66: CMakeFiles/cmTC_a378a.dir/HAVE_CRYPTO_H.c.o] Error 1
make[2]: Leaving directory '/home/justin/MSCVProject/compiler/CMakeFiles/CMakeTmp'
make[1]: *** [Makefile:121: cmTC_a378a/fast] Error 2
make[1]: Leaving directory '/home/justin/MSCVProject/compiler/CMakeFiles/CMakeTmp'

Source:
/* */
#include <stdio.h>
#include <inttypes.h>
#include <sys/ioctl.h>
#include <sys/param.h>
#include <sys/poll.h>
#include <sys/resource.h>
#include <sys/select.h>
#include <sys/socket.h>
#include <sys/stat.h>
#include <sys/time.h>
#include <sys/types.h>
#include <sys/uio.h>
#include <sys/un.h>
#include <sys/xattr.h>
#include <alloca.h>
#include <arpa/inet.h>
#include <arpa/tftp.h>
#include <assert.h>
#include <crypto.h>


int main(void){return 0;}

Determining if files stdio.h;inttypes.h;sys/ioctl.h;sys/param.h;sys/poll.h;sys/resource.h;sys/select.h;sys/socket.h;sys/stat.h;sys/time.h;sys/types.h;sys/uio.h;sys/un.h;sys/xattr.h;alloca.h;arpa/inet.h;arpa/tftp.h;assert.h;des.h exist failed with the following output:
Change Dir: /home/justin/MSCVProject/compiler/CMakeFiles/CMakeTmp

Run Build Command:"/usr/bin/make" "cmTC_24b19/fast"
make[1]: Entering directory '/home/justin/MSCVProject/compiler/CMakeFiles/CMakeTmp'
/usr/bin/make -f CMakeFiles/cmTC_24b19.dir/build.make CMakeFiles/cmTC_24b19.dir/build
make[2]: Entering directory '/home/justin/MSCVProject/compiler/CMakeFiles/CMakeTmp'
Building C object CMakeFiles/cmTC_24b19.dir/HAVE_DES_H.c.o
/usr/bin/cc   -pedantic -Wall -W -Wpointer-arith -Wwrite-strings -Wunused -Wshadow -Winline -Wnested-externs -Wmissing-declarations -Wmissing-prototypes -Wno-long-long -Wfloat-equal -Wno-multichar -Wsign-compare -Wundef -Wno-format-nonliteral -Wendif-labels -Wstrict-prototypes -Wdeclaration-after-statement -Wstrict-aliasing=3 -Wcast-align -Wtype-limits -Wold-style-declaration -Wmissing-parameter-type -Wempty-body -Wclobbered -Wignored-qualifiers -Wconversion -Wno-sign-conversion -Wvla -Wdouble-promotion -Wno-system-headers    -o CMakeFiles/cmTC_24b19.dir/HAVE_DES_H.c.o   -c /home/justin/MSCVProject/compiler/CMakeFiles/CheckIncludeFiles/HAVE_DES_H.c
/home/justin/MSCVProject/compiler/CMakeFiles/CheckIncludeFiles/HAVE_DES_H.c:20:10: fatal error: des.h: No such file or directory
 #include <des.h>
          ^~~~~~~
compilation terminated.
make[2]: *** [CMakeFiles/cmTC_24b19.dir/build.make:66: CMakeFiles/cmTC_24b19.dir/HAVE_DES_H.c.o] Error 1
make[2]: Leaving directory '/home/justin/MSCVProject/compiler/CMakeFiles/CMakeTmp'
make[1]: *** [Makefile:121: cmTC_24b19/fast] Error 2
make[1]: Leaving directory '/home/justin/MSCVProject/compiler/CMakeFiles/CMakeTmp'

Source:
/* */
#include <stdio.h>
#include <inttypes.h>
#include <sys/ioctl.h>
#include <sys/param.h>
#include <sys/poll.h>
#include <sys/resource.h>
#include <sys/select.h>
#include <sys/socket.h>
#include <sys/stat.h>
#include <sys/time.h>
#include <sys/types.h>
#include <sys/uio.h>
#include <sys/un.h>
#include <sys/xattr.h>
#include <alloca.h>
#include <arpa/inet.h>
#include <arpa/tftp.h>
#include <assert.h>
#include <des.h>


int main(void){return 0;}

Determining if files stdio.h;inttypes.h;sys/ioctl.h;sys/param.h;sys/poll.h;sys/resource.h;sys/select.h;sys/socket.h;sys/stat.h;sys/time.h;sys/types.h;sys/uio.h;sys/un.h;sys/xattr.h;alloca.h;arpa/inet.h;arpa/tftp.h;assert.h;err.h;errno.h;fcntl.h;idn2.h exist failed with the following output:
Change Dir: /home/justin/MSCVProject/compiler/CMakeFiles/CMakeTmp

Run Build Command:"/usr/bin/make" "cmTC_e1682/fast"
make[1]: Entering directory '/home/justin/MSCVProject/compiler/CMakeFiles/CMakeTmp'
/usr/bin/make -f CMakeFiles/cmTC_e1682.dir/build.make CMakeFiles/cmTC_e1682.dir/build
make[2]: Entering directory '/home/justin/MSCVProject/compiler/CMakeFiles/CMakeTmp'
Building C object CMakeFiles/cmTC_e1682.dir/HAVE_IDN2_H.c.o
/usr/bin/cc   -pedantic -Wall -W -Wpointer-arith -Wwrite-strings -Wunused -Wshadow -Winline -Wnested-externs -Wmissing-declarations -Wmissing-prototypes -Wno-long-long -Wfloat-equal -Wno-multichar -Wsign-compare -Wundef -Wno-format-nonliteral -Wendif-labels -Wstrict-prototypes -Wdeclaration-after-statement -Wstrict-aliasing=3 -Wcast-align -Wtype-limits -Wold-style-declaration -Wmissing-parameter-type -Wempty-body -Wclobbered -Wignored-qualifiers -Wconversion -Wno-sign-conversion -Wvla -Wdouble-promotion -Wno-system-headers    -o CMakeFiles/cmTC_e1682.dir/HAVE_IDN2_H.c.o   -c /home/justin/MSCVProject/compiler/CMakeFiles/CheckIncludeFiles/HAVE_IDN2_H.c
/home/justin/MSCVProject/compiler/CMakeFiles/CheckIncludeFiles/HAVE_IDN2_H.c:23:10: fatal error: idn2.h: No such file or directory
 #include <idn2.h>
          ^~~~~~~~
compilation terminated.
make[2]: *** [CMakeFiles/cmTC_e1682.dir/build.make:66: CMakeFiles/cmTC_e1682.dir/HAVE_IDN2_H.c.o] Error 1
make[2]: Leaving directory '/home/justin/MSCVProject/compiler/CMakeFiles/CMakeTmp'
make[1]: *** [Makefile:121: cmTC_e1682/fast] Error 2
make[1]: Leaving directory '/home/justin/MSCVProject/compiler/CMakeFiles/CMakeTmp'

Source:
/* */
#include <stdio.h>
#include <inttypes.h>
#include <sys/ioctl.h>
#include <sys/param.h>
#include <sys/poll.h>
#include <sys/resource.h>
#include <sys/select.h>
#include <sys/socket.h>
#include <sys/stat.h>
#include <sys/time.h>
#include <sys/types.h>
#include <sys/uio.h>
#include <sys/un.h>
#include <sys/xattr.h>
#include <alloca.h>
#include <arpa/inet.h>
#include <arpa/tftp.h>
#include <assert.h>
#include <err.h>
#include <errno.h>
#include <fcntl.h>
#include <idn2.h>


int main(void){return 0;}

Determining if files stdio.h;inttypes.h;sys/ioctl.h;sys/param.h;sys/poll.h;sys/resource.h;sys/select.h;sys/socket.h;sys/stat.h;sys/time.h;sys/types.h;sys/uio.h;sys/un.h;sys/xattr.h;alloca.h;arpa/inet.h;arpa/tftp.h;assert.h;err.h;errno.h;fcntl.h;ifaddrs.h;io.h exist failed with the following output:
Change Dir: /home/justin/MSCVProject/compiler/CMakeFiles/CMakeTmp

Run Build Command:"/usr/bin/make" "cmTC_9ceab/fast"
make[1]: Entering directory '/home/justin/MSCVProject/compiler/CMakeFiles/CMakeTmp'
/usr/bin/make -f CMakeFiles/cmTC_9ceab.dir/build.make CMakeFiles/cmTC_9ceab.dir/build
make[2]: Entering directory '/home/justin/MSCVProject/compiler/CMakeFiles/CMakeTmp'
Building C object CMakeFiles/cmTC_9ceab.dir/HAVE_IO_H.c.o
/usr/bin/cc   -pedantic -Wall -W -Wpointer-arith -Wwrite-strings -Wunused -Wshadow -Winline -Wnested-externs -Wmissing-declarations -Wmissing-prototypes -Wno-long-long -Wfloat-equal -Wno-multichar -Wsign-compare -Wundef -Wno-format-nonliteral -Wendif-labels -Wstrict-prototypes -Wdeclaration-after-statement -Wstrict-aliasing=3 -Wcast-align -Wtype-limits -Wold-style-declaration -Wmissing-parameter-type -Wempty-body -Wclobbered -Wignored-qualifiers -Wconversion -Wno-sign-conversion -Wvla -Wdouble-promotion -Wno-system-headers    -o CMakeFiles/cmTC_9ceab.dir/HAVE_IO_H.c.o   -c /home/justin/MSCVProject/compiler/CMakeFiles/CheckIncludeFiles/HAVE_IO_H.c
/home/justin/MSCVProject/compiler/CMakeFiles/CheckIncludeFiles/HAVE_IO_H.c:24:10: fatal error: io.h: No such file or directory
 #include <io.h>
          ^~~~~~
compilation terminated.
make[2]: *** [CMakeFiles/cmTC_9ceab.dir/build.make:66: CMakeFiles/cmTC_9ceab.dir/HAVE_IO_H.c.o] Error 1
make[2]: Leaving directory '/home/justin/MSCVProject/compiler/CMakeFiles/CMakeTmp'
make[1]: *** [Makefile:121: cmTC_9ceab/fast] Error 2
make[1]: Leaving directory '/home/justin/MSCVProject/compiler/CMakeFiles/CMakeTmp'

Source:
/* */
#include <stdio.h>
#include <inttypes.h>
#include <sys/ioctl.h>
#include <sys/param.h>
#include <sys/poll.h>
#include <sys/resource.h>
#include <sys/select.h>
#include <sys/socket.h>
#include <sys/stat.h>
#include <sys/time.h>
#include <sys/types.h>
#include <sys/uio.h>
#include <sys/un.h>
#include <sys/xattr.h>
#include <alloca.h>
#include <arpa/inet.h>
#include <arpa/tftp.h>
#include <assert.h>
#include <err.h>
#include <errno.h>
#include <fcntl.h>
#include <ifaddrs.h>
#include <io.h>


int main(void){return 0;}

Determining if files stdio.h;inttypes.h;sys/ioctl.h;sys/param.h;sys/poll.h;sys/resource.h;sys/select.h;sys/socket.h;sys/stat.h;sys/time.h;sys/types.h;sys/uio.h;sys/un.h;sys/xattr.h;alloca.h;arpa/inet.h;arpa/tftp.h;assert.h;err.h;errno.h;fcntl.h;ifaddrs.h;krb.h exist failed with the following output:
Change Dir: /home/justin/MSCVProject/compiler/CMakeFiles/CMakeTmp

Run Build Command:"/usr/bin/make" "cmTC_61d09/fast"
make[1]: Entering directory '/home/justin/MSCVProject/compiler/CMakeFiles/CMakeTmp'
/usr/bin/make -f CMakeFiles/cmTC_61d09.dir/build.make CMakeFiles/cmTC_61d09.dir/build
make[2]: Entering directory '/home/justin/MSCVProject/compiler/CMakeFiles/CMakeTmp'
Building C object CMakeFiles/cmTC_61d09.dir/HAVE_KRB_H.c.o
/usr/bin/cc   -pedantic -Wall -W -Wpointer-arith -Wwrite-strings -Wunused -Wshadow -Winline -Wnested-externs -Wmissing-declarations -Wmissing-prototypes -Wno-long-long -Wfloat-equal -Wno-multichar -Wsign-compare -Wundef -Wno-format-nonliteral -Wendif-labels -Wstrict-prototypes -Wdeclaration-after-statement -Wstrict-aliasing=3 -Wcast-align -Wtype-limits -Wold-style-declaration -Wmissing-parameter-type -Wempty-body -Wclobbered -Wignored-qualifiers -Wconversion -Wno-sign-conversion -Wvla -Wdouble-promotion -Wno-system-headers    -o CMakeFiles/cmTC_61d09.dir/HAVE_KRB_H.c.o   -c /home/justin/MSCVProject/compiler/CMakeFiles/CheckIncludeFiles/HAVE_KRB_H.c
/home/justin/MSCVProject/compiler/CMakeFiles/CheckIncludeFiles/HAVE_KRB_H.c:24:10: fatal error: krb.h: No such file or directory
 #include <krb.h>
          ^~~~~~~
compilation terminated.
make[2]: *** [CMakeFiles/cmTC_61d09.dir/build.make:66: CMakeFiles/cmTC_61d09.dir/HAVE_KRB_H.c.o] Error 1
make[2]: Leaving directory '/home/justin/MSCVProject/compiler/CMakeFiles/CMakeTmp'
make[1]: *** [Makefile:121: cmTC_61d09/fast] Error 2
make[1]: Leaving directory '/home/justin/MSCVProject/compiler/CMakeFiles/CMakeTmp'

Source:
/* */
#include <stdio.h>
#include <inttypes.h>
#include <sys/ioctl.h>
#include <sys/param.h>
#include <sys/poll.h>
#include <sys/resource.h>
#include <sys/select.h>
#include <sys/socket.h>
#include <sys/stat.h>
#include <sys/time.h>
#include <sys/types.h>
#include <sys/uio.h>
#include <sys/un.h>
#include <sys/xattr.h>
#include <alloca.h>
#include <arpa/inet.h>
#include <arpa/tftp.h>
#include <assert.h>
#include <err.h>
#include <errno.h>
#include <fcntl.h>
#include <ifaddrs.h>
#include <krb.h>


int main(void){return 0;}

Determining if files stdio.h;inttypes.h;sys/ioctl.h;sys/param.h;sys/poll.h;sys/resource.h;sys/select.h;sys/socket.h;sys/stat.h;sys/time.h;sys/types.h;sys/uio.h;sys/un.h;sys/xattr.h;alloca.h;arpa/inet.h;arpa/tftp.h;assert.h;err.h;errno.h;fcntl.h;ifaddrs.h;libgen.h;limits.h;locale.h;net/if.h;netdb.h;netinet/in.h;netinet/tcp.h;pem.h exist failed with the following output:
Change Dir: /home/justin/MSCVProject/compiler/CMakeFiles/CMakeTmp

Run Build Command:"/usr/bin/make" "cmTC_cd169/fast"
make[1]: Entering directory '/home/justin/MSCVProject/compiler/CMakeFiles/CMakeTmp'
/usr/bin/make -f CMakeFiles/cmTC_cd169.dir/build.make CMakeFiles/cmTC_cd169.dir/build
make[2]: Entering directory '/home/justin/MSCVProject/compiler/CMakeFiles/CMakeTmp'
Building C object CMakeFiles/cmTC_cd169.dir/HAVE_PEM_H.c.o
/usr/bin/cc   -pedantic -Wall -W -Wpointer-arith -Wwrite-strings -Wunused -Wshadow -Winline -Wnested-externs -Wmissing-declarations -Wmissing-prototypes -Wno-long-long -Wfloat-equal -Wno-multichar -Wsign-compare -Wundef -Wno-format-nonliteral -Wendif-labels -Wstrict-prototypes -Wdeclaration-after-statement -Wstrict-aliasing=3 -Wcast-align -Wtype-limits -Wold-style-declaration -Wmissing-parameter-type -Wempty-body -Wclobbered -Wignored-qualifiers -Wconversion -Wno-sign-conversion -Wvla -Wdouble-promotion -Wno-system-headers    -o CMakeFiles/cmTC_cd169.dir/HAVE_PEM_H.c.o   -c /home/justin/MSCVProject/compiler/CMakeFiles/CheckIncludeFiles/HAVE_PEM_H.c
/home/justin/MSCVProject/compiler/CMakeFiles/CheckIncludeFiles/HAVE_PEM_H.c:31:10: fatal error: pem.h: No such file or directory
 #include <pem.h>
          ^~~~~~~
compilation terminated.
make[2]: *** [CMakeFiles/cmTC_cd169.dir/build.make:66: CMakeFiles/cmTC_cd169.dir/HAVE_PEM_H.c.o] Error 1
make[2]: Leaving directory '/home/justin/MSCVProject/compiler/CMakeFiles/CMakeTmp'
make[1]: *** [Makefile:121: cmTC_cd169/fast] Error 2
make[1]: Leaving directory '/home/justin/MSCVProject/compiler/CMakeFiles/CMakeTmp'

Source:
/* */
#include <stdio.h>
#include <inttypes.h>
#include <sys/ioctl.h>
#include <sys/param.h>
#include <sys/poll.h>
#include <sys/resource.h>
#include <sys/select.h>
#include <sys/socket.h>
#include <sys/stat.h>
#include <sys/time.h>
#include <sys/types.h>
#include <sys/uio.h>
#include <sys/un.h>
#include <sys/xattr.h>
#include <alloca.h>
#include <arpa/inet.h>
#include <arpa/tftp.h>
#include <assert.h>
#include <err.h>
#include <errno.h>
#include <fcntl.h>
#include <ifaddrs.h>
#include <libgen.h>
#include <limits.h>
#include <locale.h>
#include <net/if.h>
#include <netdb.h>
#include <netinet/in.h>
#include <netinet/tcp.h>
#include <pem.h>


int main(void){return 0;}

Determining if files stdio.h;inttypes.h;sys/ioctl.h;sys/param.h;sys/poll.h;sys/resource.h;sys/select.h;sys/socket.h;sys/stat.h;sys/time.h;sys/types.h;sys/uio.h;sys/un.h;sys/xattr.h;alloca.h;arpa/inet.h;arpa/tftp.h;assert.h;err.h;errno.h;fcntl.h;ifaddrs.h;libgen.h;limits.h;locale.h;net/if.h;netdb.h;netinet/in.h;netinet/tcp.h;poll.h;pwd.h;rsa.h exist failed with the following output:
Change Dir: /home/justin/MSCVProject/compiler/CMakeFiles/CMakeTmp

Run Build Command:"/usr/bin/make" "cmTC_58d56/fast"
make[1]: Entering directory '/home/justin/MSCVProject/compiler/CMakeFiles/CMakeTmp'
/usr/bin/make -f CMakeFiles/cmTC_58d56.dir/build.make CMakeFiles/cmTC_58d56.dir/build
make[2]: Entering directory '/home/justin/MSCVProject/compiler/CMakeFiles/CMakeTmp'
Building C object CMakeFiles/cmTC_58d56.dir/HAVE_RSA_H.c.o
/usr/bin/cc   -pedantic -Wall -W -Wpointer-arith -Wwrite-strings -Wunused -Wshadow -Winline -Wnested-externs -Wmissing-declarations -Wmissing-prototypes -Wno-long-long -Wfloat-equal -Wno-multichar -Wsign-compare -Wundef -Wno-format-nonliteral -Wendif-labels -Wstrict-prototypes -Wdeclaration-after-statement -Wstrict-aliasing=3 -Wcast-align -Wtype-limits -Wold-style-declaration -Wmissing-parameter-type -Wempty-body -Wclobbered -Wignored-qualifiers -Wconversion -Wno-sign-conversion -Wvla -Wdouble-promotion -Wno-system-headers    -o CMakeFiles/cmTC_58d56.dir/HAVE_RSA_H.c.o   -c /home/justin/MSCVProject/compiler/CMakeFiles/CheckIncludeFiles/HAVE_RSA_H.c
/home/justin/MSCVProject/compiler/CMakeFiles/CheckIncludeFiles/HAVE_RSA_H.c:33:10: fatal error: rsa.h: No such file or directory
 #include <rsa.h>
          ^~~~~~~
compilation terminated.
make[2]: *** [CMakeFiles/cmTC_58d56.dir/build.make:66: CMakeFiles/cmTC_58d56.dir/HAVE_RSA_H.c.o] Error 1
make[2]: Leaving directory '/home/justin/MSCVProject/compiler/CMakeFiles/CMakeTmp'
make[1]: *** [Makefile:121: cmTC_58d56/fast] Error 2
make[1]: Leaving directory '/home/justin/MSCVProject/compiler/CMakeFiles/CMakeTmp'

Source:
/* */
#include <stdio.h>
#include <inttypes.h>
#include <sys/ioctl.h>
#include <sys/param.h>
#include <sys/poll.h>
#include <sys/resource.h>
#include <sys/select.h>
#include <sys/socket.h>
#include <sys/stat.h>
#include <sys/time.h>
#include <sys/types.h>
#include <sys/uio.h>
#include <sys/un.h>
#include <sys/xattr.h>
#include <alloca.h>
#include <arpa/inet.h>
#include <arpa/tftp.h>
#include <assert.h>
#include <err.h>
#include <errno.h>
#include <fcntl.h>
#include <ifaddrs.h>
#include <libgen.h>
#include <limits.h>
#include <locale.h>
#include <net/if.h>
#include <netdb.h>
#include <netinet/in.h>
#include <netinet/tcp.h>
#include <poll.h>
#include <pwd.h>
#include <rsa.h>


int main(void){return 0;}

Determining if files stdio.h;inttypes.h;sys/ioctl.h;sys/param.h;sys/poll.h;sys/resource.h;sys/select.h;sys/socket.h;sys/stat.h;sys/time.h;sys/types.h;sys/uio.h;sys/un.h;sys/xattr.h;alloca.h;arpa/inet.h;arpa/tftp.h;assert.h;err.h;errno.h;fcntl.h;ifaddrs.h;libgen.h;limits.h;locale.h;net/if.h;netdb.h;netinet/in.h;netinet/tcp.h;poll.h;pwd.h;setjmp.h;sgtty.h;signal.h;ssl.h exist failed with the following output:
Change Dir: /home/justin/MSCVProject/compiler/CMakeFiles/CMakeTmp

Run Build Command:"/usr/bin/make" "cmTC_9becc/fast"
make[1]: Entering directory '/home/justin/MSCVProject/compiler/CMakeFiles/CMakeTmp'
/usr/bin/make -f CMakeFiles/cmTC_9becc.dir/build.make CMakeFiles/cmTC_9becc.dir/build
make[2]: Entering directory '/home/justin/MSCVProject/compiler/CMakeFiles/CMakeTmp'
Building C object CMakeFiles/cmTC_9becc.dir/HAVE_SSL_H.c.o
/usr/bin/cc   -pedantic -Wall -W -Wpointer-arith -Wwrite-strings -Wunused -Wshadow -Winline -Wnested-externs -Wmissing-declarations -Wmissing-prototypes -Wno-long-long -Wfloat-equal -Wno-multichar -Wsign-compare -Wundef -Wno-format-nonliteral -Wendif-labels -Wstrict-prototypes -Wdeclaration-after-statement -Wstrict-aliasing=3 -Wcast-align -Wtype-limits -Wold-style-declaration -Wmissing-parameter-type -Wempty-body -Wclobbered -Wignored-qualifiers -Wconversion -Wno-sign-conversion -Wvla -Wdouble-promotion -Wno-system-headers    -o CMakeFiles/cmTC_9becc.dir/HAVE_SSL_H.c.o   -c /home/justin/MSCVProject/compiler/CMakeFiles/CheckIncludeFiles/HAVE_SSL_H.c
/home/justin/MSCVProject/compiler/CMakeFiles/CheckIncludeFiles/HAVE_SSL_H.c:36:10: fatal error: ssl.h: No such file or directory
 #include <ssl.h>
          ^~~~~~~
compilation terminated.
make[2]: *** [CMakeFiles/cmTC_9becc.dir/build.make:66: CMakeFiles/cmTC_9becc.dir/HAVE_SSL_H.c.o] Error 1
make[2]: Leaving directory '/home/justin/MSCVProject/compiler/CMakeFiles/CMakeTmp'
make[1]: *** [Makefile:121: cmTC_9becc/fast] Error 2
make[1]: Leaving directory '/home/justin/MSCVProject/compiler/CMakeFiles/CMakeTmp'

Source:
/* */
#include <stdio.h>
#include <inttypes.h>
#include <sys/ioctl.h>
#include <sys/param.h>
#include <sys/poll.h>
#include <sys/resource.h>
#include <sys/select.h>
#include <sys/socket.h>
#include <sys/stat.h>
#include <sys/time.h>
#include <sys/types.h>
#include <sys/uio.h>
#include <sys/un.h>
#include <sys/xattr.h>
#include <alloca.h>
#include <arpa/inet.h>
#include <arpa/tftp.h>
#include <assert.h>
#include <err.h>
#include <errno.h>
#include <fcntl.h>
#include <ifaddrs.h>
#include <libgen.h>
#include <limits.h>
#include <locale.h>
#include <net/if.h>
#include <netdb.h>
#include <netinet/in.h>
#include <netinet/tcp.h>
#include <poll.h>
#include <pwd.h>
#include <setjmp.h>
#include <sgtty.h>
#include <signal.h>
#include <ssl.h>


int main(void){return 0;}

Determining if files stdio.h;inttypes.h;sys/ioctl.h;sys/param.h;sys/poll.h;sys/resource.h;sys/select.h;sys/socket.h;sys/stat.h;sys/time.h;sys/types.h;sys/uio.h;sys/un.h;sys/xattr.h;alloca.h;arpa/inet.h;arpa/tftp.h;assert.h;err.h;errno.h;fcntl.h;ifaddrs.h;libgen.h;limits.h;locale.h;net/if.h;netdb.h;netinet/in.h;netinet/tcp.h;poll.h;pwd.h;setjmp.h;sgtty.h;signal.h;stdbool.h;stdint.h;stdio.h;stdlib.h;string.h;strings.h;stropts.h;termio.h;termios.h;time.h;unistd.h;utime.h;x509.h exist failed with the following output:
Change Dir: /home/justin/MSCVProject/compiler/CMakeFiles/CMakeTmp

Run Build Command:"/usr/bin/make" "cmTC_317d2/fast"
make[1]: Entering directory '/home/justin/MSCVProject/compiler/CMakeFiles/CMakeTmp'
/usr/bin/make -f CMakeFiles/cmTC_317d2.dir/build.make CMakeFiles/cmTC_317d2.dir/build
make[2]: Entering directory '/home/justin/MSCVProject/compiler/CMakeFiles/CMakeTmp'
Building C object CMakeFiles/cmTC_317d2.dir/HAVE_X509_H.c.o
/usr/bin/cc   -pedantic -Wall -W -Wpointer-arith -Wwrite-strings -Wunused -Wshadow -Winline -Wnested-externs -Wmissing-declarations -Wmissing-prototypes -Wno-long-long -Wfloat-equal -Wno-multichar -Wsign-compare -Wundef -Wno-format-nonliteral -Wendif-labels -Wstrict-prototypes -Wdeclaration-after-statement -Wstrict-aliasing=3 -Wcast-align -Wtype-limits -Wold-style-declaration -Wmissing-parameter-type -Wempty-body -Wclobbered -Wignored-qualifiers -Wconversion -Wno-sign-conversion -Wvla -Wdouble-promotion -Wno-system-headers    -o CMakeFiles/cmTC_317d2.dir/HAVE_X509_H.c.o   -c /home/justin/MSCVProject/compiler/CMakeFiles/CheckIncludeFiles/HAVE_X509_H.c
/home/justin/MSCVProject/compiler/CMakeFiles/CheckIncludeFiles/HAVE_X509_H.c:48:10: fatal error: x509.h: No such file or directory
 #include <x509.h>
          ^~~~~~~~
compilation terminated.
make[2]: *** [CMakeFiles/cmTC_317d2.dir/build.make:66: CMakeFiles/cmTC_317d2.dir/HAVE_X509_H.c.o] Error 1
make[2]: Leaving directory '/home/justin/MSCVProject/compiler/CMakeFiles/CMakeTmp'
make[1]: *** [Makefile:121: cmTC_317d2/fast] Error 2
make[1]: Leaving directory '/home/justin/MSCVProject/compiler/CMakeFiles/CMakeTmp'

Source:
/* */
#include <stdio.h>
#include <inttypes.h>
#include <sys/ioctl.h>
#include <sys/param.h>
#include <sys/poll.h>
#include <sys/resource.h>
#include <sys/select.h>
#include <sys/socket.h>
#include <sys/stat.h>
#include <sys/time.h>
#include <sys/types.h>
#include <sys/uio.h>
#include <sys/un.h>
#include <sys/xattr.h>
#include <alloca.h>
#include <arpa/inet.h>
#include <arpa/tftp.h>
#include <assert.h>
#include <err.h>
#include <errno.h>
#include <fcntl.h>
#include <ifaddrs.h>
#include <libgen.h>
#include <limits.h>
#include <locale.h>
#include <net/if.h>
#include <netdb.h>
#include <netinet/in.h>
#include <netinet/tcp.h>
#include <poll.h>
#include <pwd.h>
#include <setjmp.h>
#include <sgtty.h>
#include <signal.h>
#include <stdbool.h>
#include <stdint.h>
#include <stdio.h>
#include <stdlib.h>
#include <string.h>
#include <strings.h>
#include <stropts.h>
#include <termio.h>
#include <termios.h>
#include <time.h>
#include <unistd.h>
#include <utime.h>
#include <x509.h>


int main(void){return 0;}

Determining if files stdio.h;inttypes.h;sys/ioctl.h;sys/param.h;sys/poll.h;sys/resource.h;sys/select.h;sys/socket.h;sys/stat.h;sys/time.h;sys/types.h;sys/uio.h;sys/un.h;sys/xattr.h;alloca.h;arpa/inet.h;arpa/tftp.h;assert.h;err.h;errno.h;fcntl.h;ifaddrs.h;libgen.h;limits.h;locale.h;net/if.h;netdb.h;netinet/in.h;netinet/tcp.h;poll.h;pwd.h;setjmp.h;sgtty.h;signal.h;stdbool.h;stdint.h;stdio.h;stdlib.h;string.h;strings.h;stropts.h;termio.h;termios.h;time.h;unistd.h;utime.h;process.h exist failed with the following output:
Change Dir: /home/justin/MSCVProject/compiler/CMakeFiles/CMakeTmp

Run Build Command:"/usr/bin/make" "cmTC_e0476/fast"
make[1]: Entering directory '/home/justin/MSCVProject/compiler/CMakeFiles/CMakeTmp'
/usr/bin/make -f CMakeFiles/cmTC_e0476.dir/build.make CMakeFiles/cmTC_e0476.dir/build
make[2]: Entering directory '/home/justin/MSCVProject/compiler/CMakeFiles/CMakeTmp'
Building C object CMakeFiles/cmTC_e0476.dir/HAVE_PROCESS_H.c.o
/usr/bin/cc   -pedantic -Wall -W -Wpointer-arith -Wwrite-strings -Wunused -Wshadow -Winline -Wnested-externs -Wmissing-declarations -Wmissing-prototypes -Wno-long-long -Wfloat-equal -Wno-multichar -Wsign-compare -Wundef -Wno-format-nonliteral -Wendif-labels -Wstrict-prototypes -Wdeclaration-after-statement -Wstrict-aliasing=3 -Wcast-align -Wtype-limits -Wold-style-declaration -Wmissing-parameter-type -Wempty-body -Wclobbered -Wignored-qualifiers -Wconversion -Wno-sign-conversion -Wvla -Wdouble-promotion -Wno-system-headers    -o CMakeFiles/cmTC_e0476.dir/HAVE_PROCESS_H.c.o   -c /home/justin/MSCVProject/compiler/CMakeFiles/CheckIncludeFiles/HAVE_PROCESS_H.c
/home/justin/MSCVProject/compiler/CMakeFiles/CheckIncludeFiles/HAVE_PROCESS_H.c:48:10: fatal error: process.h: No such file or directory
 #include <process.h>
          ^~~~~~~~~~~
compilation terminated.
make[2]: *** [CMakeFiles/cmTC_e0476.dir/build.make:66: CMakeFiles/cmTC_e0476.dir/HAVE_PROCESS_H.c.o] Error 1
make[2]: Leaving directory '/home/justin/MSCVProject/compiler/CMakeFiles/CMakeTmp'
make[1]: *** [Makefile:121: cmTC_e0476/fast] Error 2
make[1]: Leaving directory '/home/justin/MSCVProject/compiler/CMakeFiles/CMakeTmp'

Source:
/* */
#include <stdio.h>
#include <inttypes.h>
#include <sys/ioctl.h>
#include <sys/param.h>
#include <sys/poll.h>
#include <sys/resource.h>
#include <sys/select.h>
#include <sys/socket.h>
#include <sys/stat.h>
#include <sys/time.h>
#include <sys/types.h>
#include <sys/uio.h>
#include <sys/un.h>
#include <sys/xattr.h>
#include <alloca.h>
#include <arpa/inet.h>
#include <arpa/tftp.h>
#include <assert.h>
#include <err.h>
#include <errno.h>
#include <fcntl.h>
#include <ifaddrs.h>
#include <libgen.h>
#include <limits.h>
#include <locale.h>
#include <net/if.h>
#include <netdb.h>
#include <netinet/in.h>
#include <netinet/tcp.h>
#include <poll.h>
#include <pwd.h>
#include <setjmp.h>
#include <sgtty.h>
#include <signal.h>
#include <stdbool.h>
#include <stdint.h>
#include <stdio.h>
#include <stdlib.h>
#include <string.h>
#include <strings.h>
#include <stropts.h>
#include <termio.h>
#include <termios.h>
#include <time.h>
#include <unistd.h>
#include <utime.h>
#include <process.h>


int main(void){return 0;}

Determining if files stdio.h;inttypes.h;sys/ioctl.h;sys/param.h;sys/poll.h;sys/resource.h;sys/select.h;sys/socket.h;sys/stat.h;sys/time.h;sys/types.h;sys/uio.h;sys/un.h;sys/xattr.h;alloca.h;arpa/inet.h;arpa/tftp.h;assert.h;err.h;errno.h;fcntl.h;ifaddrs.h;libgen.h;limits.h;locale.h;net/if.h;netdb.h;netinet/in.h;netinet/tcp.h;poll.h;pwd.h;setjmp.h;sgtty.h;signal.h;stdbool.h;stdint.h;stdio.h;stdlib.h;string.h;strings.h;stropts.h;termio.h;termios.h;time.h;unistd.h;utime.h;stddef.h;dlfcn.h;malloc.h;memory.h;netinet/if_ether.h;stdint.h;sockio.h exist failed with the following output:
Change Dir: /home/justin/MSCVProject/compiler/CMakeFiles/CMakeTmp

Run Build Command:"/usr/bin/make" "cmTC_292d0/fast"
make[1]: Entering directory '/home/justin/MSCVProject/compiler/CMakeFiles/CMakeTmp'
/usr/bin/make -f CMakeFiles/cmTC_292d0.dir/build.make CMakeFiles/cmTC_292d0.dir/build
make[2]: Entering directory '/home/justin/MSCVProject/compiler/CMakeFiles/CMakeTmp'
Building C object CMakeFiles/cmTC_292d0.dir/HAVE_SOCKIO_H.c.o
/usr/bin/cc   -pedantic -Wall -W -Wpointer-arith -Wwrite-strings -Wunused -Wshadow -Winline -Wnested-externs -Wmissing-declarations -Wmissing-prototypes -Wno-long-long -Wfloat-equal -Wno-multichar -Wsign-compare -Wundef -Wno-format-nonliteral -Wendif-labels -Wstrict-prototypes -Wdeclaration-after-statement -Wstrict-aliasing=3 -Wcast-align -Wtype-limits -Wold-style-declaration -Wmissing-parameter-type -Wempty-body -Wclobbered -Wignored-qualifiers -Wconversion -Wno-sign-conversion -Wvla -Wdouble-promotion -Wno-system-headers    -o CMakeFiles/cmTC_292d0.dir/HAVE_SOCKIO_H.c.o   -c /home/justin/MSCVProject/compiler/CMakeFiles/CheckIncludeFiles/HAVE_SOCKIO_H.c
/home/justin/MSCVProject/compiler/CMakeFiles/CheckIncludeFiles/HAVE_SOCKIO_H.c:54:10: fatal error: sockio.h: No such file or directory
 #include <sockio.h>
          ^~~~~~~~~~
compilation terminated.
make[2]: *** [CMakeFiles/cmTC_292d0.dir/build.make:66: CMakeFiles/cmTC_292d0.dir/HAVE_SOCKIO_H.c.o] Error 1
make[2]: Leaving directory '/home/justin/MSCVProject/compiler/CMakeFiles/CMakeTmp'
make[1]: *** [Makefile:121: cmTC_292d0/fast] Error 2
make[1]: Leaving directory '/home/justin/MSCVProject/compiler/CMakeFiles/CMakeTmp'

Source:
/* */
#include <stdio.h>
#include <inttypes.h>
#include <sys/ioctl.h>
#include <sys/param.h>
#include <sys/poll.h>
#include <sys/resource.h>
#include <sys/select.h>
#include <sys/socket.h>
#include <sys/stat.h>
#include <sys/time.h>
#include <sys/types.h>
#include <sys/uio.h>
#include <sys/un.h>
#include <sys/xattr.h>
#include <alloca.h>
#include <arpa/inet.h>
#include <arpa/tftp.h>
#include <assert.h>
#include <err.h>
#include <errno.h>
#include <fcntl.h>
#include <ifaddrs.h>
#include <libgen.h>
#include <limits.h>
#include <locale.h>
#include <net/if.h>
#include <netdb.h>
#include <netinet/in.h>
#include <netinet/tcp.h>
#include <poll.h>
#include <pwd.h>
#include <setjmp.h>
#include <sgtty.h>
#include <signal.h>
#include <stdbool.h>
#include <stdint.h>
#include <stdio.h>
#include <stdlib.h>
#include <string.h>
#include <strings.h>
#include <stropts.h>
#include <termio.h>
#include <termios.h>
#include <time.h>
#include <unistd.h>
#include <utime.h>
#include <stddef.h>
#include <dlfcn.h>
#include <malloc.h>
#include <memory.h>
#include <netinet/if_ether.h>
#include <stdint.h>
#include <sockio.h>


int main(void){return 0;}

Determining size of __int64 failed with the following output:
Change Dir: /home/justin/MSCVProject/compiler/CMakeFiles/CMakeTmp

Run Build Command:"/usr/bin/make" "cmTC_66d2e/fast"
make[1]: Entering directory '/home/justin/MSCVProject/compiler/CMakeFiles/CMakeTmp'
/usr/bin/make -f CMakeFiles/cmTC_66d2e.dir/build.make CMakeFiles/cmTC_66d2e.dir/build
make[2]: Entering directory '/home/justin/MSCVProject/compiler/CMakeFiles/CMakeTmp'
Building C object CMakeFiles/cmTC_66d2e.dir/SIZEOF___INT64.c.o
/usr/bin/cc   -pedantic -Wall -W -Wpointer-arith -Wwrite-strings -Wunused -Wshadow -Winline -Wnested-externs -Wmissing-declarations -Wmissing-prototypes -Wno-long-long -Wfloat-equal -Wno-multichar -Wsign-compare -Wundef -Wno-format-nonliteral -Wendif-labels -Wstrict-prototypes -Wdeclaration-after-statement -Wstrict-aliasing=3 -Wcast-align -Wtype-limits -Wold-style-declaration -Wmissing-parameter-type -Wempty-body -Wclobbered -Wignored-qualifiers -Wconversion -Wno-sign-conversion -Wvla -Wdouble-promotion -Wno-system-headers    -o CMakeFiles/cmTC_66d2e.dir/SIZEOF___INT64.c.o   -c /home/justin/MSCVProject/compiler/CMakeFiles/CheckTypeSize/SIZEOF___INT64.c
/home/justin/MSCVProject/compiler/CMakeFiles/CheckTypeSize/SIZEOF___INT64.c:23:22: error: ‘__int64’ undeclared here (not in a function); did you mean ‘__int64_t’?
 #define SIZE (sizeof(__int64))
                      ^~~~~~~
/home/justin/MSCVProject/compiler/CMakeFiles/CheckTypeSize/SIZEOF___INT64.c:25:12: note: in expansion of macro ‘SIZE’
   ('0' + ((SIZE / 10000)%10)),
            ^~~~
make[2]: *** [CMakeFiles/cmTC_66d2e.dir/build.make:66: CMakeFiles/cmTC_66d2e.dir/SIZEOF___INT64.c.o] Error 1
make[2]: Leaving directory '/home/justin/MSCVProject/compiler/CMakeFiles/CMakeTmp'
make[1]: *** [Makefile:121: cmTC_66d2e/fast] Error 2
make[1]: Leaving directory '/home/justin/MSCVProject/compiler/CMakeFiles/CMakeTmp'

/home/justin/MSCVProject/compiler/CMakeFiles/CheckTypeSize/SIZEOF___INT64.c:
#include <sys/types.h>
#include <stdint.h>
#include <stddef.h>


#undef KEY
#if defined(__i386)
# define KEY '_','_','i','3','8','6'
#elif defined(__x86_64)
# define KEY '_','_','x','8','6','_','6','4'
#elif defined(__ppc__)
# define KEY '_','_','p','p','c','_','_'
#elif defined(__ppc64__)
# define KEY '_','_','p','p','c','6','4','_','_'
#elif defined(__aarch64__)
# define KEY '_','_','a','a','r','c','h','6','4','_','_'
#elif defined(__ARM_ARCH_7A__)
# define KEY '_','_','A','R','M','_','A','R','C','H','_','7','A','_','_'
#elif defined(__ARM_ARCH_7S__)
# define KEY '_','_','A','R','M','_','A','R','C','H','_','7','S','_','_'
#endif

#define SIZE (sizeof(__int64))
char info_size[] =  {'I', 'N', 'F', 'O', ':', 's','i','z','e','[',
  ('0' + ((SIZE / 10000)%10)),
  ('0' + ((SIZE / 1000)%10)),
  ('0' + ((SIZE / 100)%10)),
  ('0' + ((SIZE / 10)%10)),
  ('0' +  (SIZE    % 10)),
  ']',
#ifdef KEY
  ' ','k','e','y','[', KEY, ']',
#endif
  '\0'};

#ifdef __CLASSIC_C__
int main(argc, argv) int argc; char *argv[];
#else
int main(int argc, char *argv[])
#endif
{
  int require = 0;
  require += info_size[argc];
  (void)argv;
  return require;
}


Determining if the stricmp exist failed with the following output:
Change Dir: /home/justin/MSCVProject/compiler/CMakeFiles/CMakeTmp

Run Build Command:"/usr/bin/make" "cmTC_16b5c/fast"
make[1]: Entering directory '/home/justin/MSCVProject/compiler/CMakeFiles/CMakeTmp'
/usr/bin/make -f CMakeFiles/cmTC_16b5c.dir/build.make CMakeFiles/cmTC_16b5c.dir/build
make[2]: Entering directory '/home/justin/MSCVProject/compiler/CMakeFiles/CMakeTmp'
Building C object CMakeFiles/cmTC_16b5c.dir/CheckSymbolExists.c.o
/usr/bin/cc   -pedantic -Wall -W -Wpointer-arith -Wwrite-strings -Wunused -Wshadow -Winline -Wnested-externs -Wmissing-declarations -Wmissing-prototypes -Wno-long-long -Wfloat-equal -Wno-multichar -Wsign-compare -Wundef -Wno-format-nonliteral -Wendif-labels -Wstrict-prototypes -Wdeclaration-after-statement -Wstrict-aliasing=3 -Wcast-align -Wtype-limits -Wold-style-declaration -Wmissing-parameter-type -Wempty-body -Wclobbered -Wignored-qualifiers -Wconversion -Wno-sign-conversion -Wvla -Wdouble-promotion -Wno-system-headers    -o CMakeFiles/cmTC_16b5c.dir/CheckSymbolExists.c.o   -c /home/justin/MSCVProject/compiler/CMakeFiles/CMakeTmp/CheckSymbolExists.c
/home/justin/MSCVProject/compiler/CMakeFiles/CMakeTmp/CheckSymbolExists.c: In function ‘main’:
/home/justin/MSCVProject/compiler/CMakeFiles/CMakeTmp/CheckSymbolExists.c:60:19: error: ‘stricmp’ undeclared (first use in this function); did you mean ‘strncmp’?
   return ((int*)(&stricmp))[argc];
                   ^~~~~~~
                   strncmp
/home/justin/MSCVProject/compiler/CMakeFiles/CMakeTmp/CheckSymbolExists.c:60:19: note: each undeclared identifier is reported only once for each function it appears in
/home/justin/MSCVProject/compiler/CMakeFiles/CMakeTmp/CheckSymbolExists.c:56:14: warning: parameter ‘argc’ set but not used [-Wunused-but-set-parameter]
 int main(int argc, char** argv)
          ~~~~^~~~
make[2]: *** [CMakeFiles/cmTC_16b5c.dir/build.make:66: CMakeFiles/cmTC_16b5c.dir/CheckSymbolExists.c.o] Error 1
make[2]: Leaving directory '/home/justin/MSCVProject/compiler/CMakeFiles/CMakeTmp'
make[1]: *** [Makefile:121: cmTC_16b5c/fast] Error 2
make[1]: Leaving directory '/home/justin/MSCVProject/compiler/CMakeFiles/CMakeTmp'

File /home/justin/MSCVProject/compiler/CMakeFiles/CMakeTmp/CheckSymbolExists.c:
/* */
#include <stdio.h>
#include <inttypes.h>
#include <sys/ioctl.h>
#include <sys/param.h>
#include <sys/poll.h>
#include <sys/resource.h>
#include <sys/select.h>
#include <sys/socket.h>
#include <sys/stat.h>
#include <sys/time.h>
#include <sys/types.h>
#include <sys/uio.h>
#include <sys/un.h>
#include <sys/xattr.h>
#include <alloca.h>
#include <arpa/inet.h>
#include <arpa/tftp.h>
#include <assert.h>
#include <err.h>
#include <errno.h>
#include <fcntl.h>
#include <ifaddrs.h>
#include <libgen.h>
#include <limits.h>
#include <locale.h>
#include <net/if.h>
#include <netdb.h>
#include <netinet/in.h>
#include <netinet/tcp.h>
#include <poll.h>
#include <pwd.h>
#include <setjmp.h>
#include <sgtty.h>
#include <signal.h>
#include <stdbool.h>
#include <stdint.h>
#include <stdio.h>
#include <stdlib.h>
#include <string.h>
#include <strings.h>
#include <stropts.h>
#include <termio.h>
#include <termios.h>
#include <time.h>
#include <unistd.h>
#include <utime.h>
#include <stddef.h>
#include <dlfcn.h>
#include <malloc.h>
#include <memory.h>
#include <netinet/if_ether.h>
#include <stdint.h>
#include <sys/utsname.h>

int main(int argc, char** argv)
{
  (void)argv;
#ifndef stricmp
  return ((int*)(&stricmp))[argc];
#else
  (void)argc;
  return 0;
#endif
}

Determining if the strcmpi exist failed with the following output:
Change Dir: /home/justin/MSCVProject/compiler/CMakeFiles/CMakeTmp

Run Build Command:"/usr/bin/make" "cmTC_a4247/fast"
make[1]: Entering directory '/home/justin/MSCVProject/compiler/CMakeFiles/CMakeTmp'
/usr/bin/make -f CMakeFiles/cmTC_a4247.dir/build.make CMakeFiles/cmTC_a4247.dir/build
make[2]: Entering directory '/home/justin/MSCVProject/compiler/CMakeFiles/CMakeTmp'
Building C object CMakeFiles/cmTC_a4247.dir/CheckSymbolExists.c.o
/usr/bin/cc   -pedantic -Wall -W -Wpointer-arith -Wwrite-strings -Wunused -Wshadow -Winline -Wnested-externs -Wmissing-declarations -Wmissing-prototypes -Wno-long-long -Wfloat-equal -Wno-multichar -Wsign-compare -Wundef -Wno-format-nonliteral -Wendif-labels -Wstrict-prototypes -Wdeclaration-after-statement -Wstrict-aliasing=3 -Wcast-align -Wtype-limits -Wold-style-declaration -Wmissing-parameter-type -Wempty-body -Wclobbered -Wignored-qualifiers -Wconversion -Wno-sign-conversion -Wvla -Wdouble-promotion -Wno-system-headers    -o CMakeFiles/cmTC_a4247.dir/CheckSymbolExists.c.o   -c /home/justin/MSCVProject/compiler/CMakeFiles/CMakeTmp/CheckSymbolExists.c
/home/justin/MSCVProject/compiler/CMakeFiles/CMakeTmp/CheckSymbolExists.c: In function ‘main’:
/home/justin/MSCVProject/compiler/CMakeFiles/CMakeTmp/CheckSymbolExists.c:60:19: error: ‘strcmpi’ undeclared (first use in this function); did you mean ‘strcmp’?
   return ((int*)(&strcmpi))[argc];
                   ^~~~~~~
                   strcmp
/home/justin/MSCVProject/compiler/CMakeFiles/CMakeTmp/CheckSymbolExists.c:60:19: note: each undeclared identifier is reported only once for each function it appears in
/home/justin/MSCVProject/compiler/CMakeFiles/CMakeTmp/CheckSymbolExists.c:56:14: warning: parameter ‘argc’ set but not used [-Wunused-but-set-parameter]
 int main(int argc, char** argv)
          ~~~~^~~~
make[2]: *** [CMakeFiles/cmTC_a4247.dir/build.make:66: CMakeFiles/cmTC_a4247.dir/CheckSymbolExists.c.o] Error 1
make[2]: Leaving directory '/home/justin/MSCVProject/compiler/CMakeFiles/CMakeTmp'
make[1]: *** [Makefile:121: cmTC_a4247/fast] Error 2
make[1]: Leaving directory '/home/justin/MSCVProject/compiler/CMakeFiles/CMakeTmp'

File /home/justin/MSCVProject/compiler/CMakeFiles/CMakeTmp/CheckSymbolExists.c:
/* */
#include <stdio.h>
#include <inttypes.h>
#include <sys/ioctl.h>
#include <sys/param.h>
#include <sys/poll.h>
#include <sys/resource.h>
#include <sys/select.h>
#include <sys/socket.h>
#include <sys/stat.h>
#include <sys/time.h>
#include <sys/types.h>
#include <sys/uio.h>
#include <sys/un.h>
#include <sys/xattr.h>
#include <alloca.h>
#include <arpa/inet.h>
#include <arpa/tftp.h>
#include <assert.h>
#include <err.h>
#include <errno.h>
#include <fcntl.h>
#include <ifaddrs.h>
#include <libgen.h>
#include <limits.h>
#include <locale.h>
#include <net/if.h>
#include <netdb.h>
#include <netinet/in.h>
#include <netinet/tcp.h>
#include <poll.h>
#include <pwd.h>
#include <setjmp.h>
#include <sgtty.h>
#include <signal.h>
#include <stdbool.h>
#include <stdint.h>
#include <stdio.h>
#include <stdlib.h>
#include <string.h>
#include <strings.h>
#include <stropts.h>
#include <termio.h>
#include <termios.h>
#include <time.h>
#include <unistd.h>
#include <utime.h>
#include <stddef.h>
#include <dlfcn.h>
#include <malloc.h>
#include <memory.h>
#include <netinet/if_ether.h>
#include <stdint.h>
#include <sys/utsname.h>

int main(int argc, char** argv)
{
  (void)argv;
#ifndef strcmpi
  return ((int*)(&strcmpi))[argc];
#else
  (void)argc;
  return 0;
#endif
}

Determining if the strncmpi exist failed with the following output:
Change Dir: /home/justin/MSCVProject/compiler/CMakeFiles/CMakeTmp

Run Build Command:"/usr/bin/make" "cmTC_26863/fast"
make[1]: Entering directory '/home/justin/MSCVProject/compiler/CMakeFiles/CMakeTmp'
/usr/bin/make -f CMakeFiles/cmTC_26863.dir/build.make CMakeFiles/cmTC_26863.dir/build
make[2]: Entering directory '/home/justin/MSCVProject/compiler/CMakeFiles/CMakeTmp'
Building C object CMakeFiles/cmTC_26863.dir/CheckSymbolExists.c.o
/usr/bin/cc   -pedantic -Wall -W -Wpointer-arith -Wwrite-strings -Wunused -Wshadow -Winline -Wnested-externs -Wmissing-declarations -Wmissing-prototypes -Wno-long-long -Wfloat-equal -Wno-multichar -Wsign-compare -Wundef -Wno-format-nonliteral -Wendif-labels -Wstrict-prototypes -Wdeclaration-after-statement -Wstrict-aliasing=3 -Wcast-align -Wtype-limits -Wold-style-declaration -Wmissing-parameter-type -Wempty-body -Wclobbered -Wignored-qualifiers -Wconversion -Wno-sign-conversion -Wvla -Wdouble-promotion -Wno-system-headers    -o CMakeFiles/cmTC_26863.dir/CheckSymbolExists.c.o   -c /home/justin/MSCVProject/compiler/CMakeFiles/CMakeTmp/CheckSymbolExists.c
/home/justin/MSCVProject/compiler/CMakeFiles/CMakeTmp/CheckSymbolExists.c: In function ‘main’:
/home/justin/MSCVProject/compiler/CMakeFiles/CMakeTmp/CheckSymbolExists.c:60:19: error: ‘strncmpi’ undeclared (first use in this function); did you mean ‘strncmp’?
   return ((int*)(&strncmpi))[argc];
                   ^~~~~~~~
                   strncmp
/home/justin/MSCVProject/compiler/CMakeFiles/CMakeTmp/CheckSymbolExists.c:60:19: note: each undeclared identifier is reported only once for each function it appears in
/home/justin/MSCVProject/compiler/CMakeFiles/CMakeTmp/CheckSymbolExists.c:56:14: warning: parameter ‘argc’ set but not used [-Wunused-but-set-parameter]
 int main(int argc, char** argv)
          ~~~~^~~~
make[2]: *** [CMakeFiles/cmTC_26863.dir/build.make:66: CMakeFiles/cmTC_26863.dir/CheckSymbolExists.c.o] Error 1
make[2]: Leaving directory '/home/justin/MSCVProject/compiler/CMakeFiles/CMakeTmp'
make[1]: *** [Makefile:121: cmTC_26863/fast] Error 2
make[1]: Leaving directory '/home/justin/MSCVProject/compiler/CMakeFiles/CMakeTmp'

File /home/justin/MSCVProject/compiler/CMakeFiles/CMakeTmp/CheckSymbolExists.c:
/* */
#include <stdio.h>
#include <inttypes.h>
#include <sys/ioctl.h>
#include <sys/param.h>
#include <sys/poll.h>
#include <sys/resource.h>
#include <sys/select.h>
#include <sys/socket.h>
#include <sys/stat.h>
#include <sys/time.h>
#include <sys/types.h>
#include <sys/uio.h>
#include <sys/un.h>
#include <sys/xattr.h>
#include <alloca.h>
#include <arpa/inet.h>
#include <arpa/tftp.h>
#include <assert.h>
#include <err.h>
#include <errno.h>
#include <fcntl.h>
#include <ifaddrs.h>
#include <libgen.h>
#include <limits.h>
#include <locale.h>
#include <net/if.h>
#include <netdb.h>
#include <netinet/in.h>
#include <netinet/tcp.h>
#include <poll.h>
#include <pwd.h>
#include <setjmp.h>
#include <sgtty.h>
#include <signal.h>
#include <stdbool.h>
#include <stdint.h>
#include <stdio.h>
#include <stdlib.h>
#include <string.h>
#include <strings.h>
#include <stropts.h>
#include <termio.h>
#include <termios.h>
#include <time.h>
#include <unistd.h>
#include <utime.h>
#include <stddef.h>
#include <dlfcn.h>
#include <malloc.h>
#include <memory.h>
#include <netinet/if_ether.h>
#include <stdint.h>
#include <sys/utsname.h>

int main(int argc, char** argv)
{
  (void)argv;
#ifndef strncmpi
  return ((int*)(&strncmpi))[argc];
#else
  (void)argc;
  return 0;
#endif
}

Determining if the inet_ntoa_r exist failed with the following output:
Change Dir: /home/justin/MSCVProject/compiler/CMakeFiles/CMakeTmp

Run Build Command:"/usr/bin/make" "cmTC_ff50b/fast"
make[1]: Entering directory '/home/justin/MSCVProject/compiler/CMakeFiles/CMakeTmp'
/usr/bin/make -f CMakeFiles/cmTC_ff50b.dir/build.make CMakeFiles/cmTC_ff50b.dir/build
make[2]: Entering directory '/home/justin/MSCVProject/compiler/CMakeFiles/CMakeTmp'
Building C object CMakeFiles/cmTC_ff50b.dir/CheckSymbolExists.c.o
/usr/bin/cc   -pedantic -Wall -W -Wpointer-arith -Wwrite-strings -Wunused -Wshadow -Winline -Wnested-externs -Wmissing-declarations -Wmissing-prototypes -Wno-long-long -Wfloat-equal -Wno-multichar -Wsign-compare -Wundef -Wno-format-nonliteral -Wendif-labels -Wstrict-prototypes -Wdeclaration-after-statement -Wstrict-aliasing=3 -Wcast-align -Wtype-limits -Wold-style-declaration -Wmissing-parameter-type -Wempty-body -Wclobbered -Wignored-qualifiers -Wconversion -Wno-sign-conversion -Wvla -Wdouble-promotion -Wno-system-headers    -o CMakeFiles/cmTC_ff50b.dir/CheckSymbolExists.c.o   -c /home/justin/MSCVProject/compiler/CMakeFiles/CMakeTmp/CheckSymbolExists.c
/home/justin/MSCVProject/compiler/CMakeFiles/CMakeTmp/CheckSymbolExists.c: In function ‘main’:
/home/justin/MSCVProject/compiler/CMakeFiles/CMakeTmp/CheckSymbolExists.c:60:19: error: ‘inet_ntoa_r’ undeclared (first use in this function); did you mean ‘inet_ntoa’?
   return ((int*)(&inet_ntoa_r))[argc];
                   ^~~~~~~~~~~
                   inet_ntoa
/home/justin/MSCVProject/compiler/CMakeFiles/CMakeTmp/CheckSymbolExists.c:60:19: note: each undeclared identifier is reported only once for each function it appears in
/home/justin/MSCVProject/compiler/CMakeFiles/CMakeTmp/CheckSymbolExists.c:56:14: warning: parameter ‘argc’ set but not used [-Wunused-but-set-parameter]
 int main(int argc, char** argv)
          ~~~~^~~~
make[2]: *** [CMakeFiles/cmTC_ff50b.dir/build.make:66: CMakeFiles/cmTC_ff50b.dir/CheckSymbolExists.c.o] Error 1
make[2]: Leaving directory '/home/justin/MSCVProject/compiler/CMakeFiles/CMakeTmp'
make[1]: *** [Makefile:121: cmTC_ff50b/fast] Error 2
make[1]: Leaving directory '/home/justin/MSCVProject/compiler/CMakeFiles/CMakeTmp'

File /home/justin/MSCVProject/compiler/CMakeFiles/CMakeTmp/CheckSymbolExists.c:
/* */
#include <stdio.h>
#include <inttypes.h>
#include <sys/ioctl.h>
#include <sys/param.h>
#include <sys/poll.h>
#include <sys/resource.h>
#include <sys/select.h>
#include <sys/socket.h>
#include <sys/stat.h>
#include <sys/time.h>
#include <sys/types.h>
#include <sys/uio.h>
#include <sys/un.h>
#include <sys/xattr.h>
#include <alloca.h>
#include <arpa/inet.h>
#include <arpa/tftp.h>
#include <assert.h>
#include <err.h>
#include <errno.h>
#include <fcntl.h>
#include <ifaddrs.h>
#include <libgen.h>
#include <limits.h>
#include <locale.h>
#include <net/if.h>
#include <netdb.h>
#include <netinet/in.h>
#include <netinet/tcp.h>
#include <poll.h>
#include <pwd.h>
#include <setjmp.h>
#include <sgtty.h>
#include <signal.h>
#include <stdbool.h>
#include <stdint.h>
#include <stdio.h>
#include <stdlib.h>
#include <string.h>
#include <strings.h>
#include <stropts.h>
#include <termio.h>
#include <termios.h>
#include <time.h>
#include <unistd.h>
#include <utime.h>
#include <stddef.h>
#include <dlfcn.h>
#include <malloc.h>
#include <memory.h>
#include <netinet/if_ether.h>
#include <stdint.h>
#include <sys/utsname.h>

int main(int argc, char** argv)
{
  (void)argv;
#ifndef inet_ntoa_r
  return ((int*)(&inet_ntoa_r))[argc];
#else
  (void)argc;
  return 0;
#endif
}

Determining if the closesocket exist failed with the following output:
Change Dir: /home/justin/MSCVProject/compiler/CMakeFiles/CMakeTmp

Run Build Command:"/usr/bin/make" "cmTC_facf6/fast"
make[1]: Entering directory '/home/justin/MSCVProject/compiler/CMakeFiles/CMakeTmp'
/usr/bin/make -f CMakeFiles/cmTC_facf6.dir/build.make CMakeFiles/cmTC_facf6.dir/build
make[2]: Entering directory '/home/justin/MSCVProject/compiler/CMakeFiles/CMakeTmp'
Building C object CMakeFiles/cmTC_facf6.dir/CheckSymbolExists.c.o
/usr/bin/cc   -pedantic -Wall -W -Wpointer-arith -Wwrite-strings -Wunused -Wshadow -Winline -Wnested-externs -Wmissing-declarations -Wmissing-prototypes -Wno-long-long -Wfloat-equal -Wno-multichar -Wsign-compare -Wundef -Wno-format-nonliteral -Wendif-labels -Wstrict-prototypes -Wdeclaration-after-statement -Wstrict-aliasing=3 -Wcast-align -Wtype-limits -Wold-style-declaration -Wmissing-parameter-type -Wempty-body -Wclobbered -Wignored-qualifiers -Wconversion -Wno-sign-conversion -Wvla -Wdouble-promotion -Wno-system-headers    -o CMakeFiles/cmTC_facf6.dir/CheckSymbolExists.c.o   -c /home/justin/MSCVProject/compiler/CMakeFiles/CMakeTmp/CheckSymbolExists.c
/home/justin/MSCVProject/compiler/CMakeFiles/CMakeTmp/CheckSymbolExists.c: In function ‘main’:
/home/justin/MSCVProject/compiler/CMakeFiles/CMakeTmp/CheckSymbolExists.c:60:19: error: ‘closesocket’ undeclared (first use in this function); did you mean ‘socket’?
   return ((int*)(&closesocket))[argc];
                   ^~~~~~~~~~~
                   socket
/home/justin/MSCVProject/compiler/CMakeFiles/CMakeTmp/CheckSymbolExists.c:60:19: note: each undeclared identifier is reported only once for each function it appears in
/home/justin/MSCVProject/compiler/CMakeFiles/CMakeTmp/CheckSymbolExists.c:56:14: warning: parameter ‘argc’ set but not used [-Wunused-but-set-parameter]
 int main(int argc, char** argv)
          ~~~~^~~~
make[2]: *** [CMakeFiles/cmTC_facf6.dir/build.make:66: CMakeFiles/cmTC_facf6.dir/CheckSymbolExists.c.o] Error 1
make[2]: Leaving directory '/home/justin/MSCVProject/compiler/CMakeFiles/CMakeTmp'
make[1]: *** [Makefile:121: cmTC_facf6/fast] Error 2
make[1]: Leaving directory '/home/justin/MSCVProject/compiler/CMakeFiles/CMakeTmp'

File /home/justin/MSCVProject/compiler/CMakeFiles/CMakeTmp/CheckSymbolExists.c:
/* */
#include <stdio.h>
#include <inttypes.h>
#include <sys/ioctl.h>
#include <sys/param.h>
#include <sys/poll.h>
#include <sys/resource.h>
#include <sys/select.h>
#include <sys/socket.h>
#include <sys/stat.h>
#include <sys/time.h>
#include <sys/types.h>
#include <sys/uio.h>
#include <sys/un.h>
#include <sys/xattr.h>
#include <alloca.h>
#include <arpa/inet.h>
#include <arpa/tftp.h>
#include <assert.h>
#include <err.h>
#include <errno.h>
#include <fcntl.h>
#include <ifaddrs.h>
#include <libgen.h>
#include <limits.h>
#include <locale.h>
#include <net/if.h>
#include <netdb.h>
#include <netinet/in.h>
#include <netinet/tcp.h>
#include <poll.h>
#include <pwd.h>
#include <setjmp.h>
#include <sgtty.h>
#include <signal.h>
#include <stdbool.h>
#include <stdint.h>
#include <stdio.h>
#include <stdlib.h>
#include <string.h>
#include <strings.h>
#include <stropts.h>
#include <termio.h>
#include <termios.h>
#include <time.h>
#include <unistd.h>
#include <utime.h>
#include <stddef.h>
#include <dlfcn.h>
#include <malloc.h>
#include <memory.h>
#include <netinet/if_ether.h>
#include <stdint.h>
#include <sys/utsname.h>

int main(int argc, char** argv)
{
  (void)argv;
#ifndef closesocket
  return ((int*)(&closesocket))[argc];
#else
  (void)argc;
  return 0;
#endif
}

Determining if the getpass_r exist failed with the following output:
Change Dir: /home/justin/MSCVProject/compiler/CMakeFiles/CMakeTmp

Run Build Command:"/usr/bin/make" "cmTC_85d92/fast"
make[1]: Entering directory '/home/justin/MSCVProject/compiler/CMakeFiles/CMakeTmp'
/usr/bin/make -f CMakeFiles/cmTC_85d92.dir/build.make CMakeFiles/cmTC_85d92.dir/build
make[2]: Entering directory '/home/justin/MSCVProject/compiler/CMakeFiles/CMakeTmp'
Building C object CMakeFiles/cmTC_85d92.dir/CheckSymbolExists.c.o
/usr/bin/cc   -pedantic -Wall -W -Wpointer-arith -Wwrite-strings -Wunused -Wshadow -Winline -Wnested-externs -Wmissing-declarations -Wmissing-prototypes -Wno-long-long -Wfloat-equal -Wno-multichar -Wsign-compare -Wundef -Wno-format-nonliteral -Wendif-labels -Wstrict-prototypes -Wdeclaration-after-statement -Wstrict-aliasing=3 -Wcast-align -Wtype-limits -Wold-style-declaration -Wmissing-parameter-type -Wempty-body -Wclobbered -Wignored-qualifiers -Wconversion -Wno-sign-conversion -Wvla -Wdouble-promotion -Wno-system-headers    -o CMakeFiles/cmTC_85d92.dir/CheckSymbolExists.c.o   -c /home/justin/MSCVProject/compiler/CMakeFiles/CMakeTmp/CheckSymbolExists.c
/home/justin/MSCVProject/compiler/CMakeFiles/CMakeTmp/CheckSymbolExists.c: In function ‘main’:
/home/justin/MSCVProject/compiler/CMakeFiles/CMakeTmp/CheckSymbolExists.c:60:19: error: ‘getpass_r’ undeclared (first use in this function); did you mean ‘getpass’?
   return ((int*)(&getpass_r))[argc];
                   ^~~~~~~~~
                   getpass
/home/justin/MSCVProject/compiler/CMakeFiles/CMakeTmp/CheckSymbolExists.c:60:19: note: each undeclared identifier is reported only once for each function it appears in
/home/justin/MSCVProject/compiler/CMakeFiles/CMakeTmp/CheckSymbolExists.c:56:14: warning: parameter ‘argc’ set but not used [-Wunused-but-set-parameter]
 int main(int argc, char** argv)
          ~~~~^~~~
make[2]: *** [CMakeFiles/cmTC_85d92.dir/build.make:66: CMakeFiles/cmTC_85d92.dir/CheckSymbolExists.c.o] Error 1
make[2]: Leaving directory '/home/justin/MSCVProject/compiler/CMakeFiles/CMakeTmp'
make[1]: *** [Makefile:121: cmTC_85d92/fast] Error 2
make[1]: Leaving directory '/home/justin/MSCVProject/compiler/CMakeFiles/CMakeTmp'

File /home/justin/MSCVProject/compiler/CMakeFiles/CMakeTmp/CheckSymbolExists.c:
/* */
#include <stdio.h>
#include <inttypes.h>
#include <sys/ioctl.h>
#include <sys/param.h>
#include <sys/poll.h>
#include <sys/resource.h>
#include <sys/select.h>
#include <sys/socket.h>
#include <sys/stat.h>
#include <sys/time.h>
#include <sys/types.h>
#include <sys/uio.h>
#include <sys/un.h>
#include <sys/xattr.h>
#include <alloca.h>
#include <arpa/inet.h>
#include <arpa/tftp.h>
#include <assert.h>
#include <err.h>
#include <errno.h>
#include <fcntl.h>
#include <ifaddrs.h>
#include <libgen.h>
#include <limits.h>
#include <locale.h>
#include <net/if.h>
#include <netdb.h>
#include <netinet/in.h>
#include <netinet/tcp.h>
#include <poll.h>
#include <pwd.h>
#include <setjmp.h>
#include <sgtty.h>
#include <signal.h>
#include <stdbool.h>
#include <stdint.h>
#include <stdio.h>
#include <stdlib.h>
#include <string.h>
#include <strings.h>
#include <stropts.h>
#include <termio.h>
#include <termios.h>
#include <time.h>
#include <unistd.h>
#include <utime.h>
#include <stddef.h>
#include <dlfcn.h>
#include <malloc.h>
#include <memory.h>
#include <netinet/if_ether.h>
#include <stdint.h>
#include <sys/utsname.h>

int main(int argc, char** argv)
{
  (void)argv;
#ifndef getpass_r
  return ((int*)(&getpass_r))[argc];
#else
  (void)argc;
  return 0;
#endif
}

Determining if the strlcat exist failed with the following output:
Change Dir: /home/justin/MSCVProject/compiler/CMakeFiles/CMakeTmp

Run Build Command:"/usr/bin/make" "cmTC_51fe6/fast"
make[1]: Entering directory '/home/justin/MSCVProject/compiler/CMakeFiles/CMakeTmp'
/usr/bin/make -f CMakeFiles/cmTC_51fe6.dir/build.make CMakeFiles/cmTC_51fe6.dir/build
make[2]: Entering directory '/home/justin/MSCVProject/compiler/CMakeFiles/CMakeTmp'
Building C object CMakeFiles/cmTC_51fe6.dir/CheckSymbolExists.c.o
/usr/bin/cc   -pedantic -Wall -W -Wpointer-arith -Wwrite-strings -Wunused -Wshadow -Winline -Wnested-externs -Wmissing-declarations -Wmissing-prototypes -Wno-long-long -Wfloat-equal -Wno-multichar -Wsign-compare -Wundef -Wno-format-nonliteral -Wendif-labels -Wstrict-prototypes -Wdeclaration-after-statement -Wstrict-aliasing=3 -Wcast-align -Wtype-limits -Wold-style-declaration -Wmissing-parameter-type -Wempty-body -Wclobbered -Wignored-qualifiers -Wconversion -Wno-sign-conversion -Wvla -Wdouble-promotion -Wno-system-headers    -o CMakeFiles/cmTC_51fe6.dir/CheckSymbolExists.c.o   -c /home/justin/MSCVProject/compiler/CMakeFiles/CMakeTmp/CheckSymbolExists.c
/home/justin/MSCVProject/compiler/CMakeFiles/CMakeTmp/CheckSymbolExists.c: In function ‘main’:
/home/justin/MSCVProject/compiler/CMakeFiles/CMakeTmp/CheckSymbolExists.c:60:19: error: ‘strlcat’ undeclared (first use in this function); did you mean ‘strncat’?
   return ((int*)(&strlcat))[argc];
                   ^~~~~~~
                   strncat
/home/justin/MSCVProject/compiler/CMakeFiles/CMakeTmp/CheckSymbolExists.c:60:19: note: each undeclared identifier is reported only once for each function it appears in
/home/justin/MSCVProject/compiler/CMakeFiles/CMakeTmp/CheckSymbolExists.c:56:14: warning: parameter ‘argc’ set but not used [-Wunused-but-set-parameter]
 int main(int argc, char** argv)
          ~~~~^~~~
make[2]: *** [CMakeFiles/cmTC_51fe6.dir/build.make:66: CMakeFiles/cmTC_51fe6.dir/CheckSymbolExists.c.o] Error 1
make[2]: Leaving directory '/home/justin/MSCVProject/compiler/CMakeFiles/CMakeTmp'
make[1]: *** [Makefile:121: cmTC_51fe6/fast] Error 2
make[1]: Leaving directory '/home/justin/MSCVProject/compiler/CMakeFiles/CMakeTmp'

File /home/justin/MSCVProject/compiler/CMakeFiles/CMakeTmp/CheckSymbolExists.c:
/* */
#include <stdio.h>
#include <inttypes.h>
#include <sys/ioctl.h>
#include <sys/param.h>
#include <sys/poll.h>
#include <sys/resource.h>
#include <sys/select.h>
#include <sys/socket.h>
#include <sys/stat.h>
#include <sys/time.h>
#include <sys/types.h>
#include <sys/uio.h>
#include <sys/un.h>
#include <sys/xattr.h>
#include <alloca.h>
#include <arpa/inet.h>
#include <arpa/tftp.h>
#include <assert.h>
#include <err.h>
#include <errno.h>
#include <fcntl.h>
#include <ifaddrs.h>
#include <libgen.h>
#include <limits.h>
#include <locale.h>
#include <net/if.h>
#include <netdb.h>
#include <netinet/in.h>
#include <netinet/tcp.h>
#include <poll.h>
#include <pwd.h>
#include <setjmp.h>
#include <sgtty.h>
#include <signal.h>
#include <stdbool.h>
#include <stdint.h>
#include <stdio.h>
#include <stdlib.h>
#include <string.h>
#include <strings.h>
#include <stropts.h>
#include <termio.h>
#include <termios.h>
#include <time.h>
#include <unistd.h>
#include <utime.h>
#include <stddef.h>
#include <dlfcn.h>
#include <malloc.h>
#include <memory.h>
#include <netinet/if_ether.h>
#include <stdint.h>
#include <sys/utsname.h>

int main(int argc, char** argv)
{
  (void)argv;
#ifndef strlcat
  return ((int*)(&strlcat))[argc];
#else
  (void)argc;
  return 0;
#endif
}

Determining if the _strtoi64 exist failed with the following output:
Change Dir: /home/justin/MSCVProject/compiler/CMakeFiles/CMakeTmp

Run Build Command:"/usr/bin/make" "cmTC_6df01/fast"
make[1]: Entering directory '/home/justin/MSCVProject/compiler/CMakeFiles/CMakeTmp'
/usr/bin/make -f CMakeFiles/cmTC_6df01.dir/build.make CMakeFiles/cmTC_6df01.dir/build
make[2]: Entering directory '/home/justin/MSCVProject/compiler/CMakeFiles/CMakeTmp'
Building C object CMakeFiles/cmTC_6df01.dir/CheckSymbolExists.c.o
/usr/bin/cc   -pedantic -Wall -W -Wpointer-arith -Wwrite-strings -Wunused -Wshadow -Winline -Wnested-externs -Wmissing-declarations -Wmissing-prototypes -Wno-long-long -Wfloat-equal -Wno-multichar -Wsign-compare -Wundef -Wno-format-nonliteral -Wendif-labels -Wstrict-prototypes -Wdeclaration-after-statement -Wstrict-aliasing=3 -Wcast-align -Wtype-limits -Wold-style-declaration -Wmissing-parameter-type -Wempty-body -Wclobbered -Wignored-qualifiers -Wconversion -Wno-sign-conversion -Wvla -Wdouble-promotion -Wno-system-headers    -o CMakeFiles/cmTC_6df01.dir/CheckSymbolExists.c.o   -c /home/justin/MSCVProject/compiler/CMakeFiles/CMakeTmp/CheckSymbolExists.c
/home/justin/MSCVProject/compiler/CMakeFiles/CMakeTmp/CheckSymbolExists.c: In function ‘main’:
/home/justin/MSCVProject/compiler/CMakeFiles/CMakeTmp/CheckSymbolExists.c:60:19: error: ‘_strtoi64’ undeclared (first use in this function); did you mean ‘strtoull’?
   return ((int*)(&_strtoi64))[argc];
                   ^~~~~~~~~
                   strtoull
/home/justin/MSCVProject/compiler/CMakeFiles/CMakeTmp/CheckSymbolExists.c:60:19: note: each undeclared identifier is reported only once for each function it appears in
/home/justin/MSCVProject/compiler/CMakeFiles/CMakeTmp/CheckSymbolExists.c:56:14: warning: parameter ‘argc’ set but not used [-Wunused-but-set-parameter]
 int main(int argc, char** argv)
          ~~~~^~~~
make[2]: *** [CMakeFiles/cmTC_6df01.dir/build.make:66: CMakeFiles/cmTC_6df01.dir/CheckSymbolExists.c.o] Error 1
make[2]: Leaving directory '/home/justin/MSCVProject/compiler/CMakeFiles/CMakeTmp'
make[1]: *** [Makefile:121: cmTC_6df01/fast] Error 2
make[1]: Leaving directory '/home/justin/MSCVProject/compiler/CMakeFiles/CMakeTmp'

File /home/justin/MSCVProject/compiler/CMakeFiles/CMakeTmp/CheckSymbolExists.c:
/* */
#include <stdio.h>
#include <inttypes.h>
#include <sys/ioctl.h>
#include <sys/param.h>
#include <sys/poll.h>
#include <sys/resource.h>
#include <sys/select.h>
#include <sys/socket.h>
#include <sys/stat.h>
#include <sys/time.h>
#include <sys/types.h>
#include <sys/uio.h>
#include <sys/un.h>
#include <sys/xattr.h>
#include <alloca.h>
#include <arpa/inet.h>
#include <arpa/tftp.h>
#include <assert.h>
#include <err.h>
#include <errno.h>
#include <fcntl.h>
#include <ifaddrs.h>
#include <libgen.h>
#include <limits.h>
#include <locale.h>
#include <net/if.h>
#include <netdb.h>
#include <netinet/in.h>
#include <netinet/tcp.h>
#include <poll.h>
#include <pwd.h>
#include <setjmp.h>
#include <sgtty.h>
#include <signal.h>
#include <stdbool.h>
#include <stdint.h>
#include <stdio.h>
#include <stdlib.h>
#include <string.h>
#include <strings.h>
#include <stropts.h>
#include <termio.h>
#include <termios.h>
#include <time.h>
#include <unistd.h>
#include <utime.h>
#include <stddef.h>
#include <dlfcn.h>
#include <malloc.h>
#include <memory.h>
#include <netinet/if_ether.h>
#include <stdint.h>
#include <sys/utsname.h>

int main(int argc, char** argv)
{
  (void)argv;
#ifndef _strtoi64
  return ((int*)(&_strtoi64))[argc];
#else
  (void)argc;
  return 0;
#endif
}

Performing Curl Test HAVE_FSETXATTR_6 failed with the following output:
Change Dir: /home/justin/MSCVProject/compiler/CMakeFiles/CMakeTmp

Run Build Command:"/usr/bin/make" "cmTC_97b1e/fast"
make[1]: Entering directory '/home/justin/MSCVProject/compiler/CMakeFiles/CMakeTmp'
/usr/bin/make -f CMakeFiles/cmTC_97b1e.dir/build.make CMakeFiles/cmTC_97b1e.dir/build
make[2]: Entering directory '/home/justin/MSCVProject/compiler/CMakeFiles/CMakeTmp'
Building C object CMakeFiles/cmTC_97b1e.dir/CurlTests.c.o
/usr/bin/cc   -pedantic -Wall -W -Wpointer-arith -Wwrite-strings -Wunused -Wshadow -Winline -Wnested-externs -Wmissing-declarations -Wmissing-prototypes -Wno-long-long -Wfloat-equal -Wno-multichar -Wsign-compare -Wundef -Wno-format-nonliteral -Wendif-labels -Wstrict-prototypes -Wdeclaration-after-statement -Wstrict-aliasing=3 -Wcast-align -Wtype-limits -Wold-style-declaration -Wmissing-parameter-type -Wempty-body -Wclobbered -Wignored-qualifiers -Wconversion -Wno-sign-conversion -Wvla -Wdouble-promotion -Wno-system-headers -DHAVE_FSETXATTR_6   -o CMakeFiles/cmTC_97b1e.dir/CurlTests.c.o   -c /home/justin/MSCVProject/compiler/cpr/opt/curl/CMake/CurlTests.c
/home/justin/MSCVProject/compiler/cpr/opt/curl/CMake/CurlTests.c:539:1: warning: function declaration isn’t a prototype [-Wstrict-prototypes]
 main() {
 ^~~~
/home/justin/MSCVProject/compiler/cpr/opt/curl/CMake/CurlTests.c: In function ‘main’:
/home/justin/MSCVProject/compiler/cpr/opt/curl/CMake/CurlTests.c:540:3: error: too many arguments to function ‘fsetxattr’
   fsetxattr(0, 0, 0, 0, 0, 0);
   ^~~~~~~~~
In file included from /home/justin/MSCVProject/compiler/cpr/opt/curl/CMake/CurlTests.c:537:
/usr/include/x86_64-linux-gnu/sys/xattr.h:54:12: note: declared here
 extern int fsetxattr (int __fd, const char *__name, const void *__value,
            ^~~~~~~~~
make[2]: *** [CMakeFiles/cmTC_97b1e.dir/build.make:66: CMakeFiles/cmTC_97b1e.dir/CurlTests.c.o] Error 1
make[2]: Leaving directory '/home/justin/MSCVProject/compiler/CMakeFiles/CMakeTmp'
make[1]: *** [Makefile:121: cmTC_97b1e/fast] Error 2
make[1]: Leaving directory '/home/justin/MSCVProject/compiler/CMakeFiles/CMakeTmp'


Performing Curl Test HAVE_IOCTLSOCKET failed with the following output:
Change Dir: /home/justin/MSCVProject/compiler/CMakeFiles/CMakeTmp

Run Build Command:"/usr/bin/make" "cmTC_90d5d/fast"
make[1]: Entering directory '/home/justin/MSCVProject/compiler/CMakeFiles/CMakeTmp'
/usr/bin/make -f CMakeFiles/cmTC_90d5d.dir/build.make CMakeFiles/cmTC_90d5d.dir/build
make[2]: Entering directory '/home/justin/MSCVProject/compiler/CMakeFiles/CMakeTmp'
Building C object CMakeFiles/cmTC_90d5d.dir/CurlTests.c.o
/usr/bin/cc   -pedantic -Wall -W -Wpointer-arith -Wwrite-strings -Wunused -Wshadow -Winline -Wnested-externs -Wmissing-declarations -Wmissing-prototypes -Wno-long-long -Wfloat-equal -Wno-multichar -Wsign-compare -Wundef -Wno-format-nonliteral -Wendif-labels -Wstrict-prototypes -Wdeclaration-after-statement -Wstrict-aliasing=3 -Wcast-align -Wtype-limits -Wold-style-declaration -Wmissing-parameter-type -Wempty-body -Wclobbered -Wignored-qualifiers -Wconversion -Wno-sign-conversion -Wvla -Wdouble-promotion -Wno-system-headers -DHAVE_IOCTLSOCKET  -DHAVE_STDIO_H -DHAVE_INTTYPES_H -DHAVE_SYS_IOCTL_H -DHAVE_SYS_PARAM_H -DHAVE_SYS_POLL_H -DHAVE_SYS_RESOURCE_H -DHAVE_SYS_SELECT_H -DHAVE_SYS_SOCKET_H -DHAVE_SYS_STAT_H -DHAVE_SYS_TIME_H -DHAVE_SYS_TYPES_H -DHAVE_SYS_UIO_H -DHAVE_SYS_UN_H -DHAVE_SYS_XATTR_H -DHAVE_ALLOCA_H -DHAVE_ARPA_INET_H -DHAVE_ARPA_TFTP_H -DHAVE_ASSERT_H -DHAVE_ERR_H -DHAVE_ERRNO_H -DHAVE_FCNTL_H -DHAVE_IFADDRS_H -DHAVE_LIBGEN_H -DHAVE_LIMITS_H -DHAVE_LOCALE_H -DHAVE_NET_IF_H -DHAVE_NETDB_H -DHAVE_NETINET_IN_H -DHAVE_NETINET_TCP_H -DHAVE_POLL_H -DHAVE_PWD_H -DHAVE_SETJMP_H -DHAVE_SGTTY_H -DHAVE_SIGNAL_H -DHAVE_STDBOOL_H -DHAVE_STDINT_H -DHAVE_STDIO_H -DHAVE_STDLIB_H -DHAVE_STRING_H -DHAVE_STRINGS_H -DHAVE_STROPTS_H -DHAVE_TERMIO_H -DHAVE_TERMIOS_H -DHAVE_TIME_H -DHAVE_UNISTD_H -DHAVE_UTIME_H -DHAVE_STDDEF_H -DHAVE_DLFCN_H -DHAVE_MALLOC_H -DHAVE_MEMORY_H -DHAVE_NETINET_IF_ETHER_H -DHAVE_STDINT_H -DHAVE_SYS_UTSNAME_H   -o CMakeFiles/cmTC_90d5d.dir/CurlTests.c.o   -c /home/justin/MSCVProject/compiler/cpr/opt/curl/CMake/CurlTests.c
/home/justin/MSCVProject/compiler/cpr/opt/curl/CMake/CurlTests.c:317:1: warning: function declaration isn’t a prototype [-Wstrict-prototypes]
 main ()
 ^~~~
/home/justin/MSCVProject/compiler/cpr/opt/curl/CMake/CurlTests.c: In function ‘main’:
/home/justin/MSCVProject/compiler/cpr/opt/curl/CMake/CurlTests.c:322:24: warning: implicit declaration of function ‘ioctlsocket’ [-Wimplicit-function-declaration]
  unsigned long flags = ioctlsocket(socket, FIONBIO, &flags);
                        ^~~~~~~~~~~
/home/justin/MSCVProject/compiler/cpr/opt/curl/CMake/CurlTests.c:322:24: warning: nested extern declaration of ‘ioctlsocket’ [-Wnested-externs]
/home/justin/MSCVProject/compiler/cpr/opt/curl/CMake/CurlTests.c:322:44: error: ‘FIONBIO’ undeclared (first use in this function)
  unsigned long flags = ioctlsocket(socket, FIONBIO, &flags);
                                            ^~~~~~~
/home/justin/MSCVProject/compiler/cpr/opt/curl/CMake/CurlTests.c:322:44: note: each undeclared identifier is reported only once for each function it appears in
make[2]: *** [CMakeFiles/cmTC_90d5d.dir/build.make:66: CMakeFiles/cmTC_90d5d.dir/CurlTests.c.o] Error 1
make[2]: Leaving directory '/home/justin/MSCVProject/compiler/CMakeFiles/CMakeTmp'
make[1]: *** [Makefile:121: cmTC_90d5d/fast] Error 2
make[1]: Leaving directory '/home/justin/MSCVProject/compiler/CMakeFiles/CMakeTmp'

Performing Curl Test HAVE_IOCTLSOCKET_CAMEL failed with the following output:
Change Dir: /home/justin/MSCVProject/compiler/CMakeFiles/CMakeTmp

Run Build Command:"/usr/bin/make" "cmTC_f9a67/fast"
make[1]: Entering directory '/home/justin/MSCVProject/compiler/CMakeFiles/CMakeTmp'
/usr/bin/make -f CMakeFiles/cmTC_f9a67.dir/build.make CMakeFiles/cmTC_f9a67.dir/build
make[2]: Entering directory '/home/justin/MSCVProject/compiler/CMakeFiles/CMakeTmp'
Building C object CMakeFiles/cmTC_f9a67.dir/CurlTests.c.o
/usr/bin/cc   -pedantic -Wall -W -Wpointer-arith -Wwrite-strings -Wunused -Wshadow -Winline -Wnested-externs -Wmissing-declarations -Wmissing-prototypes -Wno-long-long -Wfloat-equal -Wno-multichar -Wsign-compare -Wundef -Wno-format-nonliteral -Wendif-labels -Wstrict-prototypes -Wdeclaration-after-statement -Wstrict-aliasing=3 -Wcast-align -Wtype-limits -Wold-style-declaration -Wmissing-parameter-type -Wempty-body -Wclobbered -Wignored-qualifiers -Wconversion -Wno-sign-conversion -Wvla -Wdouble-promotion -Wno-system-headers -DHAVE_IOCTLSOCKET_CAMEL  -DHAVE_STDIO_H -DHAVE_INTTYPES_H -DHAVE_SYS_IOCTL_H -DHAVE_SYS_PARAM_H -DHAVE_SYS_POLL_H -DHAVE_SYS_RESOURCE_H -DHAVE_SYS_SELECT_H -DHAVE_SYS_SOCKET_H -DHAVE_SYS_STAT_H -DHAVE_SYS_TIME_H -DHAVE_SYS_TYPES_H -DHAVE_SYS_UIO_H -DHAVE_SYS_UN_H -DHAVE_SYS_XATTR_H -DHAVE_ALLOCA_H -DHAVE_ARPA_INET_H -DHAVE_ARPA_TFTP_H -DHAVE_ASSERT_H -DHAVE_ERR_H -DHAVE_ERRNO_H -DHAVE_FCNTL_H -DHAVE_IFADDRS_H -DHAVE_LIBGEN_H -DHAVE_LIMITS_H -DHAVE_LOCALE_H -DHAVE_NET_IF_H -DHAVE_NETDB_H -DHAVE_NETINET_IN_H -DHAVE_NETINET_TCP_H -DHAVE_POLL_H -DHAVE_PWD_H -DHAVE_SETJMP_H -DHAVE_SGTTY_H -DHAVE_SIGNAL_H -DHAVE_STDBOOL_H -DHAVE_STDINT_H -DHAVE_STDIO_H -DHAVE_STDLIB_H -DHAVE_STRING_H -DHAVE_STRINGS_H -DHAVE_STROPTS_H -DHAVE_TERMIO_H -DHAVE_TERMIOS_H -DHAVE_TIME_H -DHAVE_UNISTD_H -DHAVE_UTIME_H -DHAVE_STDDEF_H -DHAVE_DLFCN_H -DHAVE_MALLOC_H -DHAVE_MEMORY_H -DHAVE_NETINET_IF_ETHER_H -DHAVE_STDINT_H -DHAVE_SYS_UTSNAME_H   -o CMakeFiles/cmTC_f9a67.dir/CurlTests.c.o   -c /home/justin/MSCVProject/compiler/cpr/opt/curl/CMake/CurlTests.c
/home/justin/MSCVProject/compiler/cpr/opt/curl/CMake/CurlTests.c:346:1: warning: function declaration isn’t a prototype [-Wstrict-prototypes]
 main ()
 ^~~~
/home/justin/MSCVProject/compiler/cpr/opt/curl/CMake/CurlTests.c: In function ‘main’:
/home/justin/MSCVProject/compiler/cpr/opt/curl/CMake/CurlTests.c:350:13: warning: implicit declaration of function ‘IoctlSocket’ [-Wimplicit-function-declaration]
     if(0 != IoctlSocket(0, 0, 0))
             ^~~~~~~~~~~
/home/justin/MSCVProject/compiler/cpr/opt/curl/CMake/CurlTests.c:350:13: warning: nested extern declaration of ‘IoctlSocket’ [-Wnested-externs]
Linking C executable cmTC_f9a67
/usr/local/bin/cmake -E cmake_link_script CMakeFiles/cmTC_f9a67.dir/link.txt --verbose=1
/usr/bin/cc   -pedantic -Wall -W -Wpointer-arith -Wwrite-strings -Wunused -Wshadow -Winline -Wnested-externs -Wmissing-declarations -Wmissing-prototypes -Wno-long-long -Wfloat-equal -Wno-multichar -Wsign-compare -Wundef -Wno-format-nonliteral -Wendif-labels -Wstrict-prototypes -Wdeclaration-after-statement -Wstrict-aliasing=3 -Wcast-align -Wtype-limits -Wold-style-declaration -Wmissing-parameter-type -Wempty-body -Wclobbered -Wignored-qualifiers -Wconversion -Wno-sign-conversion -Wvla -Wdouble-promotion -Wno-system-headers -DHAVE_IOCTLSOCKET_CAMEL  -DHAVE_STDIO_H -DHAVE_INTTYPES_H -DHAVE_SYS_IOCTL_H -DHAVE_SYS_PARAM_H -DHAVE_SYS_POLL_H -DHAVE_SYS_RESOURCE_H -DHAVE_SYS_SELECT_H -DHAVE_SYS_SOCKET_H -DHAVE_SYS_STAT_H -DHAVE_SYS_TIME_H -DHAVE_SYS_TYPES_H -DHAVE_SYS_UIO_H -DHAVE_SYS_UN_H -DHAVE_SYS_XATTR_H -DHAVE_ALLOCA_H -DHAVE_ARPA_INET_H -DHAVE_ARPA_TFTP_H -DHAVE_ASSERT_H -DHAVE_ERR_H -DHAVE_ERRNO_H -DHAVE_FCNTL_H -DHAVE_IFADDRS_H -DHAVE_LIBGEN_H -DHAVE_LIMITS_H -DHAVE_LOCALE_H -DHAVE_NET_IF_H -DHAVE_NETDB_H -DHAVE_NETINET_IN_H -DHAVE_NETINET_TCP_H -DHAVE_POLL_H -DHAVE_PWD_H -DHAVE_SETJMP_H -DHAVE_SGTTY_H -DHAVE_SIGNAL_H -DHAVE_STDBOOL_H -DHAVE_STDINT_H -DHAVE_STDIO_H -DHAVE_STDLIB_H -DHAVE_STRING_H -DHAVE_STRINGS_H -DHAVE_STROPTS_H -DHAVE_TERMIO_H -DHAVE_TERMIOS_H -DHAVE_TIME_H -DHAVE_UNISTD_H -DHAVE_UTIME_H -DHAVE_STDDEF_H -DHAVE_DLFCN_H -DHAVE_MALLOC_H -DHAVE_MEMORY_H -DHAVE_NETINET_IF_ETHER_H -DHAVE_STDINT_H -DHAVE_SYS_UTSNAME_H    -rdynamic CMakeFiles/cmTC_f9a67.dir/CurlTests.c.o  -o cmTC_f9a67 /usr/lib/x86_64-linux-gnu/libssl.so /usr/lib/x86_64-linux-gnu/libcrypto.so 
/usr/bin/ld: CMakeFiles/cmTC_f9a67.dir/CurlTests.c.o: in function `main':
CurlTests.c:(.text+0x19): undefined reference to `IoctlSocket'
collect2: error: ld returned 1 exit status
make[2]: *** [CMakeFiles/cmTC_f9a67.dir/build.make:89: cmTC_f9a67] Error 1
make[2]: Leaving directory '/home/justin/MSCVProject/compiler/CMakeFiles/CMakeTmp'
make[1]: *** [Makefile:121: cmTC_f9a67/fast] Error 2
make[1]: Leaving directory '/home/justin/MSCVProject/compiler/CMakeFiles/CMakeTmp'

Performing Curl Test HAVE_IOCTLSOCKET_CAMEL_FIONBIO failed with the following output:
Change Dir: /home/justin/MSCVProject/compiler/CMakeFiles/CMakeTmp

Run Build Command:"/usr/bin/make" "cmTC_b176e/fast"
make[1]: Entering directory '/home/justin/MSCVProject/compiler/CMakeFiles/CMakeTmp'
/usr/bin/make -f CMakeFiles/cmTC_b176e.dir/build.make CMakeFiles/cmTC_b176e.dir/build
make[2]: Entering directory '/home/justin/MSCVProject/compiler/CMakeFiles/CMakeTmp'
Building C object CMakeFiles/cmTC_b176e.dir/CurlTests.c.o
/usr/bin/cc   -pedantic -Wall -W -Wpointer-arith -Wwrite-strings -Wunused -Wshadow -Winline -Wnested-externs -Wmissing-declarations -Wmissing-prototypes -Wno-long-long -Wfloat-equal -Wno-multichar -Wsign-compare -Wundef -Wno-format-nonliteral -Wendif-labels -Wstrict-prototypes -Wdeclaration-after-statement -Wstrict-aliasing=3 -Wcast-align -Wtype-limits -Wold-style-declaration -Wmissing-parameter-type -Wempty-body -Wclobbered -Wignored-qualifiers -Wconversion -Wno-sign-conversion -Wvla -Wdouble-promotion -Wno-system-headers -DHAVE_IOCTLSOCKET_CAMEL_FIONBIO  -DHAVE_STDIO_H -DHAVE_INTTYPES_H -DHAVE_SYS_IOCTL_H -DHAVE_SYS_PARAM_H -DHAVE_SYS_POLL_H -DHAVE_SYS_RESOURCE_H -DHAVE_SYS_SELECT_H -DHAVE_SYS_SOCKET_H -DHAVE_SYS_STAT_H -DHAVE_SYS_TIME_H -DHAVE_SYS_TYPES_H -DHAVE_SYS_UIO_H -DHAVE_SYS_UN_H -DHAVE_SYS_XATTR_H -DHAVE_ALLOCA_H -DHAVE_ARPA_INET_H -DHAVE_ARPA_TFTP_H -DHAVE_ASSERT_H -DHAVE_ERR_H -DHAVE_ERRNO_H -DHAVE_FCNTL_H -DHAVE_IFADDRS_H -DHAVE_LIBGEN_H -DHAVE_LIMITS_H -DHAVE_LOCALE_H -DHAVE_NET_IF_H -DHAVE_NETDB_H -DHAVE_NETINET_IN_H -DHAVE_NETINET_TCP_H -DHAVE_POLL_H -DHAVE_PWD_H -DHAVE_SETJMP_H -DHAVE_SGTTY_H -DHAVE_SIGNAL_H -DHAVE_STDBOOL_H -DHAVE_STDINT_H -DHAVE_STDIO_H -DHAVE_STDLIB_H -DHAVE_STRING_H -DHAVE_STRINGS_H -DHAVE_STROPTS_H -DHAVE_TERMIO_H -DHAVE_TERMIOS_H -DHAVE_TIME_H -DHAVE_UNISTD_H -DHAVE_UTIME_H -DHAVE_STDDEF_H -DHAVE_DLFCN_H -DHAVE_MALLOC_H -DHAVE_MEMORY_H -DHAVE_NETINET_IF_ETHER_H -DHAVE_STDINT_H -DHAVE_SYS_UTSNAME_H   -o CMakeFiles/cmTC_b176e.dir/CurlTests.c.o   -c /home/justin/MSCVProject/compiler/cpr/opt/curl/CMake/CurlTests.c
/home/justin/MSCVProject/compiler/cpr/opt/curl/CMake/CurlTests.c:373:1: warning: function declaration isn’t a prototype [-Wstrict-prototypes]
 main ()
 ^~~~
/home/justin/MSCVProject/compiler/cpr/opt/curl/CMake/CurlTests.c: In function ‘main’:
/home/justin/MSCVProject/compiler/cpr/opt/curl/CMake/CurlTests.c:378:17: warning: implicit declaration of function ‘ioctlsocket’ [-Wimplicit-function-declaration]
         if(0 != ioctlsocket(0, FIONBIO, &flags))
                 ^~~~~~~~~~~
/home/justin/MSCVProject/compiler/cpr/opt/curl/CMake/CurlTests.c:378:17: warning: nested extern declaration of ‘ioctlsocket’ [-Wnested-externs]
/home/justin/MSCVProject/compiler/cpr/opt/curl/CMake/CurlTests.c:378:32: error: ‘FIONBIO’ undeclared (first use in this function)
         if(0 != ioctlsocket(0, FIONBIO, &flags))
                                ^~~~~~~
/home/justin/MSCVProject/compiler/cpr/opt/curl/CMake/CurlTests.c:378:32: note: each undeclared identifier is reported only once for each function it appears in
make[2]: *** [CMakeFiles/cmTC_b176e.dir/build.make:66: CMakeFiles/cmTC_b176e.dir/CurlTests.c.o] Error 1
make[2]: Leaving directory '/home/justin/MSCVProject/compiler/CMakeFiles/CMakeTmp'
make[1]: *** [Makefile:121: cmTC_b176e/fast] Error 2
make[1]: Leaving directory '/home/justin/MSCVProject/compiler/CMakeFiles/CMakeTmp'

Performing Curl Test HAVE_IOCTLSOCKET_FIONBIO failed with the following output:
Change Dir: /home/justin/MSCVProject/compiler/CMakeFiles/CMakeTmp

Run Build Command:"/usr/bin/make" "cmTC_8ebc5/fast"
make[1]: Entering directory '/home/justin/MSCVProject/compiler/CMakeFiles/CMakeTmp'
/usr/bin/make -f CMakeFiles/cmTC_8ebc5.dir/build.make CMakeFiles/cmTC_8ebc5.dir/build
make[2]: Entering directory '/home/justin/MSCVProject/compiler/CMakeFiles/CMakeTmp'
Building C object CMakeFiles/cmTC_8ebc5.dir/CurlTests.c.o
/usr/bin/cc   -pedantic -Wall -W -Wpointer-arith -Wwrite-strings -Wunused -Wshadow -Winline -Wnested-externs -Wmissing-declarations -Wmissing-prototypes -Wno-long-long -Wfloat-equal -Wno-multichar -Wsign-compare -Wundef -Wno-format-nonliteral -Wendif-labels -Wstrict-prototypes -Wdeclaration-after-statement -Wstrict-aliasing=3 -Wcast-align -Wtype-limits -Wold-style-declaration -Wmissing-parameter-type -Wempty-body -Wclobbered -Wignored-qualifiers -Wconversion -Wno-sign-conversion -Wvla -Wdouble-promotion -Wno-system-headers -DHAVE_IOCTLSOCKET_FIONBIO  -DHAVE_STDIO_H -DHAVE_INTTYPES_H -DHAVE_SYS_IOCTL_H -DHAVE_SYS_PARAM_H -DHAVE_SYS_POLL_H -DHAVE_SYS_RESOURCE_H -DHAVE_SYS_SELECT_H -DHAVE_SYS_SOCKET_H -DHAVE_SYS_STAT_H -DHAVE_SYS_TIME_H -DHAVE_SYS_TYPES_H -DHAVE_SYS_UIO_H -DHAVE_SYS_UN_H -DHAVE_SYS_XATTR_H -DHAVE_ALLOCA_H -DHAVE_ARPA_INET_H -DHAVE_ARPA_TFTP_H -DHAVE_ASSERT_H -DHAVE_ERR_H -DHAVE_ERRNO_H -DHAVE_FCNTL_H -DHAVE_IFADDRS_H -DHAVE_LIBGEN_H -DHAVE_LIMITS_H -DHAVE_LOCALE_H -DHAVE_NET_IF_H -DHAVE_NETDB_H -DHAVE_NETINET_IN_H -DHAVE_NETINET_TCP_H -DHAVE_POLL_H -DHAVE_PWD_H -DHAVE_SETJMP_H -DHAVE_SGTTY_H -DHAVE_SIGNAL_H -DHAVE_STDBOOL_H -DHAVE_STDINT_H -DHAVE_STDIO_H -DHAVE_STDLIB_H -DHAVE_STRING_H -DHAVE_STRINGS_H -DHAVE_STROPTS_H -DHAVE_TERMIO_H -DHAVE_TERMIOS_H -DHAVE_TIME_H -DHAVE_UNISTD_H -DHAVE_UTIME_H -DHAVE_STDDEF_H -DHAVE_DLFCN_H -DHAVE_MALLOC_H -DHAVE_MEMORY_H -DHAVE_NETINET_IF_ETHER_H -DHAVE_STDINT_H -DHAVE_SYS_UTSNAME_H   -o CMakeFiles/cmTC_8ebc5.dir/CurlTests.c.o   -c /home/justin/MSCVProject/compiler/cpr/opt/curl/CMake/CurlTests.c
/home/justin/MSCVProject/compiler/cpr/opt/curl/CMake/CurlTests.c:401:1: warning: function declaration isn’t a prototype [-Wstrict-prototypes]
 main ()
 ^~~~
/home/justin/MSCVProject/compiler/cpr/opt/curl/CMake/CurlTests.c: In function ‘main’:
/home/justin/MSCVProject/compiler/cpr/opt/curl/CMake/CurlTests.c:405:17: warning: implicit declaration of function ‘ioctlsocket’ [-Wimplicit-function-declaration]
         if(0 != ioctlsocket(0, FIONBIO, &flags))
                 ^~~~~~~~~~~
/home/justin/MSCVProject/compiler/cpr/opt/curl/CMake/CurlTests.c:405:17: warning: nested extern declaration of ‘ioctlsocket’ [-Wnested-externs]
/home/justin/MSCVProject/compiler/cpr/opt/curl/CMake/CurlTests.c:405:32: error: ‘FIONBIO’ undeclared (first use in this function)
         if(0 != ioctlsocket(0, FIONBIO, &flags))
                                ^~~~~~~
/home/justin/MSCVProject/compiler/cpr/opt/curl/CMake/CurlTests.c:405:32: note: each undeclared identifier is reported only once for each function it appears in
make[2]: *** [CMakeFiles/cmTC_8ebc5.dir/build.make:66: CMakeFiles/cmTC_8ebc5.dir/CurlTests.c.o] Error 1
make[2]: Leaving directory '/home/justin/MSCVProject/compiler/CMakeFiles/CMakeTmp'
make[1]: *** [Makefile:121: cmTC_8ebc5/fast] Error 2
make[1]: Leaving directory '/home/justin/MSCVProject/compiler/CMakeFiles/CMakeTmp'

Performing Curl Test HAVE_SETSOCKOPT_SO_NONBLOCK failed with the following output:
Change Dir: /home/justin/MSCVProject/compiler/CMakeFiles/CMakeTmp

Run Build Command:"/usr/bin/make" "cmTC_d2d47/fast"
make[1]: Entering directory '/home/justin/MSCVProject/compiler/CMakeFiles/CMakeTmp'
/usr/bin/make -f CMakeFiles/cmTC_d2d47.dir/build.make CMakeFiles/cmTC_d2d47.dir/build
make[2]: Entering directory '/home/justin/MSCVProject/compiler/CMakeFiles/CMakeTmp'
Building C object CMakeFiles/cmTC_d2d47.dir/CurlTests.c.o
/usr/bin/cc   -pedantic -Wall -W -Wpointer-arith -Wwrite-strings -Wunused -Wshadow -Winline -Wnested-externs -Wmissing-declarations -Wmissing-prototypes -Wno-long-long -Wfloat-equal -Wno-multichar -Wsign-compare -Wundef -Wno-format-nonliteral -Wendif-labels -Wstrict-prototypes -Wdeclaration-after-statement -Wstrict-aliasing=3 -Wcast-align -Wtype-limits -Wold-style-declaration -Wmissing-parameter-type -Wempty-body -Wclobbered -Wignored-qualifiers -Wconversion -Wno-sign-conversion -Wvla -Wdouble-promotion -Wno-system-headers -DHAVE_SETSOCKOPT_SO_NONBLOCK  -DHAVE_STDIO_H -DHAVE_INTTYPES_H -DHAVE_SYS_IOCTL_H -DHAVE_SYS_PARAM_H -DHAVE_SYS_POLL_H -DHAVE_SYS_RESOURCE_H -DHAVE_SYS_SELECT_H -DHAVE_SYS_SOCKET_H -DHAVE_SYS_STAT_H -DHAVE_SYS_TIME_H -DHAVE_SYS_TYPES_H -DHAVE_SYS_UIO_H -DHAVE_SYS_UN_H -DHAVE_SYS_XATTR_H -DHAVE_ALLOCA_H -DHAVE_ARPA_INET_H -DHAVE_ARPA_TFTP_H -DHAVE_ASSERT_H -DHAVE_ERR_H -DHAVE_ERRNO_H -DHAVE_FCNTL_H -DHAVE_IFADDRS_H -DHAVE_LIBGEN_H -DHAVE_LIMITS_H -DHAVE_LOCALE_H -DHAVE_NET_IF_H -DHAVE_NETDB_H -DHAVE_NETINET_IN_H -DHAVE_NETINET_TCP_H -DHAVE_POLL_H -DHAVE_PWD_H -DHAVE_SETJMP_H -DHAVE_SGTTY_H -DHAVE_SIGNAL_H -DHAVE_STDBOOL_H -DHAVE_STDINT_H -DHAVE_STDIO_H -DHAVE_STDLIB_H -DHAVE_STRING_H -DHAVE_STRINGS_H -DHAVE_STROPTS_H -DHAVE_TERMIO_H -DHAVE_TERMIOS_H -DHAVE_TIME_H -DHAVE_UNISTD_H -DHAVE_UTIME_H -DHAVE_STDDEF_H -DHAVE_DLFCN_H -DHAVE_MALLOC_H -DHAVE_MEMORY_H -DHAVE_NETINET_IF_ETHER_H -DHAVE_STDINT_H -DHAVE_SYS_UTSNAME_H   -o CMakeFiles/cmTC_d2d47.dir/CurlTests.c.o   -c /home/justin/MSCVProject/compiler/cpr/opt/curl/CMake/CurlTests.c
/home/justin/MSCVProject/compiler/cpr/opt/curl/CMake/CurlTests.c:499:1: warning: function declaration isn’t a prototype [-Wstrict-prototypes]
 main ()
 ^~~~
/home/justin/MSCVProject/compiler/cpr/opt/curl/CMake/CurlTests.c: In function ‘main’:
/home/justin/MSCVProject/compiler/cpr/opt/curl/CMake/CurlTests.c:501:43: error: ‘SO_NONBLOCK’ undeclared (first use in this function); did you mean ‘SOCK_NONBLOCK’?
         if(0 != setsockopt(0, SOL_SOCKET, SO_NONBLOCK, 0, 0))
                                           ^~~~~~~~~~~
                                           SOCK_NONBLOCK
/home/justin/MSCVProject/compiler/cpr/opt/curl/CMake/CurlTests.c:501:43: note: each undeclared identifier is reported only once for each function it appears in
make[2]: *** [CMakeFiles/cmTC_d2d47.dir/build.make:66: CMakeFiles/cmTC_d2d47.dir/CurlTests.c.o] Error 1
make[2]: Leaving directory '/home/justin/MSCVProject/compiler/CMakeFiles/CMakeTmp'
make[1]: *** [Makefile:121: cmTC_d2d47/fast] Error 2
make[1]: Leaving directory '/home/justin/MSCVProject/compiler/CMakeFiles/CMakeTmp'

Performing Curl Test HAVE_O_NONBLOCK failed with the following output:
Change Dir: /home/justin/MSCVProject/compiler/CMakeFiles/CMakeTmp

Run Build Command:"/usr/bin/make" "cmTC_5747b/fast"
make[1]: Entering directory '/home/justin/MSCVProject/compiler/CMakeFiles/CMakeTmp'
/usr/bin/make -f CMakeFiles/cmTC_5747b.dir/build.make CMakeFiles/cmTC_5747b.dir/build
make[2]: Entering directory '/home/justin/MSCVProject/compiler/CMakeFiles/CMakeTmp'
Building C object CMakeFiles/cmTC_5747b.dir/CurlTests.c.o
/usr/bin/cc   -pedantic -Wall -W -Wpointer-arith -Wwrite-strings -Wunused -Wshadow -Winline -Wnested-externs -Wmissing-declarations -Wmissing-prototypes -Wno-long-long -Wfloat-equal -Wno-multichar -Wsign-compare -Wundef -Wno-format-nonliteral -Wendif-labels -Wstrict-prototypes -Wdeclaration-after-statement -Wstrict-aliasing=3 -Wcast-align -Wtype-limits -Wold-style-declaration -Wmissing-parameter-type -Wempty-body -Wclobbered -Wignored-qualifiers -Wconversion -Wno-sign-conversion -Wvla -Wdouble-promotion -Wno-system-headers -DHAVE_O_NONBLOCK  -DHAVE_STDIO_H -DHAVE_INTTYPES_H -DHAVE_SYS_IOCTL_H -DHAVE_SYS_PARAM_H -DHAVE_SYS_POLL_H -DHAVE_SYS_RESOURCE_H -DHAVE_SYS_SELECT_H -DHAVE_SYS_SOCKET_H -DHAVE_SYS_STAT_H -DHAVE_SYS_TIME_H -DHAVE_SYS_TYPES_H -DHAVE_SYS_UIO_H -DHAVE_SYS_UN_H -DHAVE_SYS_XATTR_H -DHAVE_ALLOCA_H -DHAVE_ARPA_INET_H -DHAVE_ARPA_TFTP_H -DHAVE_ASSERT_H -DHAVE_ERR_H -DHAVE_ERRNO_H -DHAVE_FCNTL_H -DHAVE_IFADDRS_H -DHAVE_LIBGEN_H -DHAVE_LIMITS_H -DHAVE_LOCALE_H -DHAVE_NET_IF_H -DHAVE_NETDB_H -DHAVE_NETINET_IN_H -DHAVE_NETINET_TCP_H -DHAVE_POLL_H -DHAVE_PWD_H -DHAVE_SETJMP_H -DHAVE_SGTTY_H -DHAVE_SIGNAL_H -DHAVE_STDBOOL_H -DHAVE_STDINT_H -DHAVE_STDIO_H -DHAVE_STDLIB_H -DHAVE_STRING_H -DHAVE_STRINGS_H -DHAVE_STROPTS_H -DHAVE_TERMIO_H -DHAVE_TERMIOS_H -DHAVE_TIME_H -DHAVE_UNISTD_H -DHAVE_UTIME_H -DHAVE_STDDEF_H -DHAVE_DLFCN_H -DHAVE_MALLOC_H -DHAVE_MEMORY_H -DHAVE_NETINET_IF_ETHER_H -DHAVE_STDINT_H -DHAVE_SYS_UTSNAME_H   -o CMakeFiles/cmTC_5747b.dir/CurlTests.c.o   -c /home/justin/MSCVProject/compiler/cpr/opt/curl/CMake/CurlTests.c
/home/justin/MSCVProject/compiler/cpr/opt/curl/CMake/CurlTests.c:551: warning: ISO C forbids an empty translation unit [-Wpedantic]
 #endif
 
Linking C executable cmTC_5747b
/usr/local/bin/cmake -E cmake_link_script CMakeFiles/cmTC_5747b.dir/link.txt --verbose=1
/usr/bin/cc   -pedantic -Wall -W -Wpointer-arith -Wwrite-strings -Wunused -Wshadow -Winline -Wnested-externs -Wmissing-declarations -Wmissing-prototypes -Wno-long-long -Wfloat-equal -Wno-multichar -Wsign-compare -Wundef -Wno-format-nonliteral -Wendif-labels -Wstrict-prototypes -Wdeclaration-after-statement -Wstrict-aliasing=3 -Wcast-align -Wtype-limits -Wold-style-declaration -Wmissing-parameter-type -Wempty-body -Wclobbered -Wignored-qualifiers -Wconversion -Wno-sign-conversion -Wvla -Wdouble-promotion -Wno-system-headers -DHAVE_O_NONBLOCK  -DHAVE_STDIO_H -DHAVE_INTTYPES_H -DHAVE_SYS_IOCTL_H -DHAVE_SYS_PARAM_H -DHAVE_SYS_POLL_H -DHAVE_SYS_RESOURCE_H -DHAVE_SYS_SELECT_H -DHAVE_SYS_SOCKET_H -DHAVE_SYS_STAT_H -DHAVE_SYS_TIME_H -DHAVE_SYS_TYPES_H -DHAVE_SYS_UIO_H -DHAVE_SYS_UN_H -DHAVE_SYS_XATTR_H -DHAVE_ALLOCA_H -DHAVE_ARPA_INET_H -DHAVE_ARPA_TFTP_H -DHAVE_ASSERT_H -DHAVE_ERR_H -DHAVE_ERRNO_H -DHAVE_FCNTL_H -DHAVE_IFADDRS_H -DHAVE_LIBGEN_H -DHAVE_LIMITS_H -DHAVE_LOCALE_H -DHAVE_NET_IF_H -DHAVE_NETDB_H -DHAVE_NETINET_IN_H -DHAVE_NETINET_TCP_H -DHAVE_POLL_H -DHAVE_PWD_H -DHAVE_SETJMP_H -DHAVE_SGTTY_H -DHAVE_SIGNAL_H -DHAVE_STDBOOL_H -DHAVE_STDINT_H -DHAVE_STDIO_H -DHAVE_STDLIB_H -DHAVE_STRING_H -DHAVE_STRINGS_H -DHAVE_STROPTS_H -DHAVE_TERMIO_H -DHAVE_TERMIOS_H -DHAVE_TIME_H -DHAVE_UNISTD_H -DHAVE_UTIME_H -DHAVE_STDDEF_H -DHAVE_DLFCN_H -DHAVE_MALLOC_H -DHAVE_MEMORY_H -DHAVE_NETINET_IF_ETHER_H -DHAVE_STDINT_H -DHAVE_SYS_UTSNAME_H    -rdynamic CMakeFiles/cmTC_5747b.dir/CurlTests.c.o  -o cmTC_5747b /usr/lib/x86_64-linux-gnu/libssl.so /usr/lib/x86_64-linux-gnu/libcrypto.so 
/usr/bin/ld: /usr/lib/gcc/x86_64-linux-gnu/8/../../../x86_64-linux-gnu/Scrt1.o: in function `_start':
(.text+0x20): undefined reference to `main'
collect2: error: ld returned 1 exit status
make[2]: *** [CMakeFiles/cmTC_5747b.dir/build.make:89: cmTC_5747b] Error 1
make[2]: Leaving directory '/home/justin/MSCVProject/compiler/CMakeFiles/CMakeTmp'
make[1]: *** [Makefile:121: cmTC_5747b/fast] Error 2
make[1]: Leaving directory '/home/justin/MSCVProject/compiler/CMakeFiles/CMakeTmp'

Performing Curl Test HAVE_GETHOSTBYADDR_R_5 failed with the following output:
Change Dir: /home/justin/MSCVProject/compiler/CMakeFiles/CMakeTmp

Run Build Command:"/usr/bin/make" "cmTC_15f2d/fast"
make[1]: Entering directory '/home/justin/MSCVProject/compiler/CMakeFiles/CMakeTmp'
/usr/bin/make -f CMakeFiles/cmTC_15f2d.dir/build.make CMakeFiles/cmTC_15f2d.dir/build
make[2]: Entering directory '/home/justin/MSCVProject/compiler/CMakeFiles/CMakeTmp'
Building C object CMakeFiles/cmTC_15f2d.dir/CurlTests.c.o
/usr/bin/cc   -pedantic -Wall -W -Wpointer-arith -Wwrite-strings -Wunused -Wshadow -Winline -Wnested-externs -Wmissing-declarations -Wmissing-prototypes -Wno-long-long -Wfloat-equal -Wno-multichar -Wsign-compare -Wundef -Wno-format-nonliteral -Wendif-labels -Wstrict-prototypes -Wdeclaration-after-statement -Wstrict-aliasing=3 -Wcast-align -Wtype-limits -Wold-style-declaration -Wmissing-parameter-type -Wempty-body -Wclobbered -Wignored-qualifiers -Wconversion -Wno-sign-conversion -Wvla -Wdouble-promotion -Wno-system-headers -DHAVE_GETHOSTBYADDR_R_5  -DHAVE_STDIO_H -DHAVE_INTTYPES_H -DHAVE_SYS_IOCTL_H -DHAVE_SYS_PARAM_H -DHAVE_SYS_POLL_H -DHAVE_SYS_RESOURCE_H -DHAVE_SYS_SELECT_H -DHAVE_SYS_SOCKET_H -DHAVE_SYS_STAT_H -DHAVE_SYS_TIME_H -DHAVE_SYS_TYPES_H -DHAVE_SYS_UIO_H -DHAVE_SYS_UN_H -DHAVE_SYS_XATTR_H -DHAVE_ALLOCA_H -DHAVE_ARPA_INET_H -DHAVE_ARPA_TFTP_H -DHAVE_ASSERT_H -DHAVE_ERR_H -DHAVE_ERRNO_H -DHAVE_FCNTL_H -DHAVE_IFADDRS_H -DHAVE_LIBGEN_H -DHAVE_LIMITS_H -DHAVE_LOCALE_H -DHAVE_NET_IF_H -DHAVE_NETDB_H -DHAVE_NETINET_IN_H -DHAVE_NETINET_TCP_H -DHAVE_POLL_H -DHAVE_PWD_H -DHAVE_SETJMP_H -DHAVE_SGTTY_H -DHAVE_SIGNAL_H -DHAVE_STDBOOL_H -DHAVE_STDINT_H -DHAVE_STDIO_H -DHAVE_STDLIB_H -DHAVE_STRING_H -DHAVE_STRINGS_H -DHAVE_STROPTS_H -DHAVE_TERMIO_H -DHAVE_TERMIOS_H -DHAVE_TIME_H -DHAVE_UNISTD_H -DHAVE_UTIME_H -DHAVE_STDDEF_H -DHAVE_DLFCN_H -DHAVE_MALLOC_H -DHAVE_MEMORY_H -DHAVE_NETINET_IF_ETHER_H -DHAVE_STDINT_H -DHAVE_SYS_UTSNAME_H   -o CMakeFiles/cmTC_15f2d.dir/CurlTests.c.o   -c /home/justin/MSCVProject/compiler/cpr/opt/curl/CMake/CurlTests.c
/home/justin/MSCVProject/compiler/cpr/opt/curl/CMake/CurlTests.c: In function ‘main’:
/home/justin/MSCVProject/compiler/cpr/opt/curl/CMake/CurlTests.c:96:19: warning: initialization discards ‘const’ qualifier from pointer target type [-Wdiscarded-qualifiers]
   char *address = "example.com";
                   ^~~~~~~~~~~~~
/home/justin/MSCVProject/compiler/cpr/opt/curl/CMake/CurlTests.c:106:23: error: storage size of ‘hdata’ isn’t known
   struct hostent_data hdata;
                       ^~~~~
/home/justin/MSCVProject/compiler/cpr/opt/curl/CMake/CurlTests.c:127:8: error: too few arguments to function ‘gethostbyaddr_r’
   rc = gethostbyaddr_r(address, length, type, &h, &hdata);
        ^~~~~~~~~~~~~~~
In file included from /home/justin/MSCVProject/compiler/cpr/opt/curl/CMake/CurlTests.c:93:
/usr/include/netdb.h:170:12: note: declared here
 extern int gethostbyaddr_r (const void *__restrict __addr, __socklen_t __len,
            ^~~~~~~~~~~~~~~
/home/justin/MSCVProject/compiler/cpr/opt/curl/CMake/CurlTests.c:106:23: warning: unused variable ‘hdata’ [-Wunused-variable]
   struct hostent_data hdata;
                       ^~~~~
make[2]: *** [CMakeFiles/cmTC_15f2d.dir/build.make:66: CMakeFiles/cmTC_15f2d.dir/CurlTests.c.o] Error 1
make[2]: Leaving directory '/home/justin/MSCVProject/compiler/CMakeFiles/CMakeTmp'
make[1]: *** [Makefile:121: cmTC_15f2d/fast] Error 2
make[1]: Leaving directory '/home/justin/MSCVProject/compiler/CMakeFiles/CMakeTmp'

Performing Curl Test HAVE_GETHOSTBYADDR_R_7 failed with the following output:
Change Dir: /home/justin/MSCVProject/compiler/CMakeFiles/CMakeTmp

Run Build Command:"/usr/bin/make" "cmTC_94128/fast"
make[1]: Entering directory '/home/justin/MSCVProject/compiler/CMakeFiles/CMakeTmp'
/usr/bin/make -f CMakeFiles/cmTC_94128.dir/build.make CMakeFiles/cmTC_94128.dir/build
make[2]: Entering directory '/home/justin/MSCVProject/compiler/CMakeFiles/CMakeTmp'
Building C object CMakeFiles/cmTC_94128.dir/CurlTests.c.o
/usr/bin/cc   -pedantic -Wall -W -Wpointer-arith -Wwrite-strings -Wunused -Wshadow -Winline -Wnested-externs -Wmissing-declarations -Wmissing-prototypes -Wno-long-long -Wfloat-equal -Wno-multichar -Wsign-compare -Wundef -Wno-format-nonliteral -Wendif-labels -Wstrict-prototypes -Wdeclaration-after-statement -Wstrict-aliasing=3 -Wcast-align -Wtype-limits -Wold-style-declaration -Wmissing-parameter-type -Wempty-body -Wclobbered -Wignored-qualifiers -Wconversion -Wno-sign-conversion -Wvla -Wdouble-promotion -Wno-system-headers -DHAVE_GETHOSTBYADDR_R_7  -DHAVE_STDIO_H -DHAVE_INTTYPES_H -DHAVE_SYS_IOCTL_H -DHAVE_SYS_PARAM_H -DHAVE_SYS_POLL_H -DHAVE_SYS_RESOURCE_H -DHAVE_SYS_SELECT_H -DHAVE_SYS_SOCKET_H -DHAVE_SYS_STAT_H -DHAVE_SYS_TIME_H -DHAVE_SYS_TYPES_H -DHAVE_SYS_UIO_H -DHAVE_SYS_UN_H -DHAVE_SYS_XATTR_H -DHAVE_ALLOCA_H -DHAVE_ARPA_INET_H -DHAVE_ARPA_TFTP_H -DHAVE_ASSERT_H -DHAVE_ERR_H -DHAVE_ERRNO_H -DHAVE_FCNTL_H -DHAVE_IFADDRS_H -DHAVE_LIBGEN_H -DHAVE_LIMITS_H -DHAVE_LOCALE_H -DHAVE_NET_IF_H -DHAVE_NETDB_H -DHAVE_NETINET_IN_H -DHAVE_NETINET_TCP_H -DHAVE_POLL_H -DHAVE_PWD_H -DHAVE_SETJMP_H -DHAVE_SGTTY_H -DHAVE_SIGNAL_H -DHAVE_STDBOOL_H -DHAVE_STDINT_H -DHAVE_STDIO_H -DHAVE_STDLIB_H -DHAVE_STRING_H -DHAVE_STRINGS_H -DHAVE_STROPTS_H -DHAVE_TERMIO_H -DHAVE_TERMIOS_H -DHAVE_TIME_H -DHAVE_UNISTD_H -DHAVE_UTIME_H -DHAVE_STDDEF_H -DHAVE_DLFCN_H -DHAVE_MALLOC_H -DHAVE_MEMORY_H -DHAVE_NETINET_IF_ETHER_H -DHAVE_STDINT_H -DHAVE_SYS_UTSNAME_H   -o CMakeFiles/cmTC_94128.dir/CurlTests.c.o   -c /home/justin/MSCVProject/compiler/cpr/opt/curl/CMake/CurlTests.c
/home/justin/MSCVProject/compiler/cpr/opt/curl/CMake/CurlTests.c: In function ‘main’:
/home/justin/MSCVProject/compiler/cpr/opt/curl/CMake/CurlTests.c:96:19: warning: initialization discards ‘const’ qualifier from pointer target type [-Wdiscarded-qualifiers]
   char *address = "example.com";
                   ^~~~~~~~~~~~~
/home/justin/MSCVProject/compiler/cpr/opt/curl/CMake/CurlTests.c:130:65: warning: passing argument 7 of ‘gethostbyaddr_r’ from incompatible pointer type [-Wincompatible-pointer-types]
   hp = gethostbyaddr_r(address, length, type, &h, buffer, 8192, &h_errnop);
                                                                 ^~~~~~~~~
In file included from /home/justin/MSCVProject/compiler/cpr/opt/curl/CMake/CurlTests.c:93:
/usr/include/netdb.h:174:36: note: expected ‘struct hostent ** restrict’ but argument is of type ‘int *’
        struct hostent **__restrict __result,
        ~~~~~~~~~~~~~~~~~~~~~~~~~~~~^~~~~~~~
/home/justin/MSCVProject/compiler/cpr/opt/curl/CMake/CurlTests.c:130:8: error: too few arguments to function ‘gethostbyaddr_r’
   hp = gethostbyaddr_r(address, length, type, &h, buffer, 8192, &h_errnop);
        ^~~~~~~~~~~~~~~
In file included from /home/justin/MSCVProject/compiler/cpr/opt/curl/CMake/CurlTests.c:93:
/usr/include/netdb.h:170:12: note: declared here
 extern int gethostbyaddr_r (const void *__restrict __addr, __socklen_t __len,
            ^~~~~~~~~~~~~~~
make[2]: *** [CMakeFiles/cmTC_94128.dir/build.make:66: CMakeFiles/cmTC_94128.dir/CurlTests.c.o] Error 1
make[2]: Leaving directory '/home/justin/MSCVProject/compiler/CMakeFiles/CMakeTmp'
make[1]: *** [Makefile:121: cmTC_94128/fast] Error 2
make[1]: Leaving directory '/home/justin/MSCVProject/compiler/CMakeFiles/CMakeTmp'

Performing Curl Test HAVE_GETHOSTBYADDR_R_5_REENTRANT failed with the following output:
Change Dir: /home/justin/MSCVProject/compiler/CMakeFiles/CMakeTmp

Run Build Command:"/usr/bin/make" "cmTC_a90ab/fast"
make[1]: Entering directory '/home/justin/MSCVProject/compiler/CMakeFiles/CMakeTmp'
/usr/bin/make -f CMakeFiles/cmTC_a90ab.dir/build.make CMakeFiles/cmTC_a90ab.dir/build
make[2]: Entering directory '/home/justin/MSCVProject/compiler/CMakeFiles/CMakeTmp'
Building C object CMakeFiles/cmTC_a90ab.dir/CurlTests.c.o
/usr/bin/cc   -pedantic -Wall -W -Wpointer-arith -Wwrite-strings -Wunused -Wshadow -Winline -Wnested-externs -Wmissing-declarations -Wmissing-prototypes -Wno-long-long -Wfloat-equal -Wno-multichar -Wsign-compare -Wundef -Wno-format-nonliteral -Wendif-labels -Wstrict-prototypes -Wdeclaration-after-statement -Wstrict-aliasing=3 -Wcast-align -Wtype-limits -Wold-style-declaration -Wmissing-parameter-type -Wempty-body -Wclobbered -Wignored-qualifiers -Wconversion -Wno-sign-conversion -Wvla -Wdouble-promotion -Wno-system-headers -DHAVE_GETHOSTBYADDR_R_5_REENTRANT  -DHAVE_STDIO_H -DHAVE_INTTYPES_H -DHAVE_SYS_IOCTL_H -DHAVE_SYS_PARAM_H -DHAVE_SYS_POLL_H -DHAVE_SYS_RESOURCE_H -DHAVE_SYS_SELECT_H -DHAVE_SYS_SOCKET_H -DHAVE_SYS_STAT_H -DHAVE_SYS_TIME_H -DHAVE_SYS_TYPES_H -DHAVE_SYS_UIO_H -DHAVE_SYS_UN_H -DHAVE_SYS_XATTR_H -DHAVE_ALLOCA_H -DHAVE_ARPA_INET_H -DHAVE_ARPA_TFTP_H -DHAVE_ASSERT_H -DHAVE_ERR_H -DHAVE_ERRNO_H -DHAVE_FCNTL_H -DHAVE_IFADDRS_H -DHAVE_LIBGEN_H -DHAVE_LIMITS_H -DHAVE_LOCALE_H -DHAVE_NET_IF_H -DHAVE_NETDB_H -DHAVE_NETINET_IN_H -DHAVE_NETINET_TCP_H -DHAVE_POLL_H -DHAVE_PWD_H -DHAVE_SETJMP_H -DHAVE_SGTTY_H -DHAVE_SIGNAL_H -DHAVE_STDBOOL_H -DHAVE_STDINT_H -DHAVE_STDIO_H -DHAVE_STDLIB_H -DHAVE_STRING_H -DHAVE_STRINGS_H -DHAVE_STROPTS_H -DHAVE_TERMIO_H -DHAVE_TERMIOS_H -DHAVE_TIME_H -DHAVE_UNISTD_H -DHAVE_UTIME_H -DHAVE_STDDEF_H -DHAVE_DLFCN_H -DHAVE_MALLOC_H -DHAVE_MEMORY_H -DHAVE_NETINET_IF_ETHER_H -DHAVE_STDINT_H -DHAVE_SYS_UTSNAME_H   -o CMakeFiles/cmTC_a90ab.dir/CurlTests.c.o   -c /home/justin/MSCVProject/compiler/cpr/opt/curl/CMake/CurlTests.c
/home/justin/MSCVProject/compiler/cpr/opt/curl/CMake/CurlTests.c: In function ‘main’:
/home/justin/MSCVProject/compiler/cpr/opt/curl/CMake/CurlTests.c:96:19: warning: initialization discards ‘const’ qualifier from pointer target type [-Wdiscarded-qualifiers]
   char *address = "example.com";
                   ^~~~~~~~~~~~~
/home/justin/MSCVProject/compiler/cpr/opt/curl/CMake/CurlTests.c:106:23: error: storage size of ‘hdata’ isn’t known
   struct hostent_data hdata;
                       ^~~~~
/home/justin/MSCVProject/compiler/cpr/opt/curl/CMake/CurlTests.c:127:8: error: too few arguments to function ‘gethostbyaddr_r’
   rc = gethostbyaddr_r(address, length, type, &h, &hdata);
        ^~~~~~~~~~~~~~~
In file included from /home/justin/MSCVProject/compiler/cpr/opt/curl/CMake/CurlTests.c:93:
/usr/include/netdb.h:170:12: note: declared here
 extern int gethostbyaddr_r (const void *__restrict __addr, __socklen_t __len,
            ^~~~~~~~~~~~~~~
/home/justin/MSCVProject/compiler/cpr/opt/curl/CMake/CurlTests.c:106:23: warning: unused variable ‘hdata’ [-Wunused-variable]
   struct hostent_data hdata;
                       ^~~~~
make[2]: *** [CMakeFiles/cmTC_a90ab.dir/build.make:66: CMakeFiles/cmTC_a90ab.dir/CurlTests.c.o] Error 1
make[2]: Leaving directory '/home/justin/MSCVProject/compiler/CMakeFiles/CMakeTmp'
make[1]: *** [Makefile:121: cmTC_a90ab/fast] Error 2
make[1]: Leaving directory '/home/justin/MSCVProject/compiler/CMakeFiles/CMakeTmp'

Performing Curl Test HAVE_GETHOSTBYADDR_R_7_REENTRANT failed with the following output:
Change Dir: /home/justin/MSCVProject/compiler/CMakeFiles/CMakeTmp

Run Build Command:"/usr/bin/make" "cmTC_e2bbd/fast"
make[1]: Entering directory '/home/justin/MSCVProject/compiler/CMakeFiles/CMakeTmp'
/usr/bin/make -f CMakeFiles/cmTC_e2bbd.dir/build.make CMakeFiles/cmTC_e2bbd.dir/build
make[2]: Entering directory '/home/justin/MSCVProject/compiler/CMakeFiles/CMakeTmp'
Building C object CMakeFiles/cmTC_e2bbd.dir/CurlTests.c.o
/usr/bin/cc   -pedantic -Wall -W -Wpointer-arith -Wwrite-strings -Wunused -Wshadow -Winline -Wnested-externs -Wmissing-declarations -Wmissing-prototypes -Wno-long-long -Wfloat-equal -Wno-multichar -Wsign-compare -Wundef -Wno-format-nonliteral -Wendif-labels -Wstrict-prototypes -Wdeclaration-after-statement -Wstrict-aliasing=3 -Wcast-align -Wtype-limits -Wold-style-declaration -Wmissing-parameter-type -Wempty-body -Wclobbered -Wignored-qualifiers -Wconversion -Wno-sign-conversion -Wvla -Wdouble-promotion -Wno-system-headers -DHAVE_GETHOSTBYADDR_R_7_REENTRANT  -DHAVE_STDIO_H -DHAVE_INTTYPES_H -DHAVE_SYS_IOCTL_H -DHAVE_SYS_PARAM_H -DHAVE_SYS_POLL_H -DHAVE_SYS_RESOURCE_H -DHAVE_SYS_SELECT_H -DHAVE_SYS_SOCKET_H -DHAVE_SYS_STAT_H -DHAVE_SYS_TIME_H -DHAVE_SYS_TYPES_H -DHAVE_SYS_UIO_H -DHAVE_SYS_UN_H -DHAVE_SYS_XATTR_H -DHAVE_ALLOCA_H -DHAVE_ARPA_INET_H -DHAVE_ARPA_TFTP_H -DHAVE_ASSERT_H -DHAVE_ERR_H -DHAVE_ERRNO_H -DHAVE_FCNTL_H -DHAVE_IFADDRS_H -DHAVE_LIBGEN_H -DHAVE_LIMITS_H -DHAVE_LOCALE_H -DHAVE_NET_IF_H -DHAVE_NETDB_H -DHAVE_NETINET_IN_H -DHAVE_NETINET_TCP_H -DHAVE_POLL_H -DHAVE_PWD_H -DHAVE_SETJMP_H -DHAVE_SGTTY_H -DHAVE_SIGNAL_H -DHAVE_STDBOOL_H -DHAVE_STDINT_H -DHAVE_STDIO_H -DHAVE_STDLIB_H -DHAVE_STRING_H -DHAVE_STRINGS_H -DHAVE_STROPTS_H -DHAVE_TERMIO_H -DHAVE_TERMIOS_H -DHAVE_TIME_H -DHAVE_UNISTD_H -DHAVE_UTIME_H -DHAVE_STDDEF_H -DHAVE_DLFCN_H -DHAVE_MALLOC_H -DHAVE_MEMORY_H -DHAVE_NETINET_IF_ETHER_H -DHAVE_STDINT_H -DHAVE_SYS_UTSNAME_H   -o CMakeFiles/cmTC_e2bbd.dir/CurlTests.c.o   -c /home/justin/MSCVProject/compiler/cpr/opt/curl/CMake/CurlTests.c
/home/justin/MSCVProject/compiler/cpr/opt/curl/CMake/CurlTests.c: In function ‘main’:
/home/justin/MSCVProject/compiler/cpr/opt/curl/CMake/CurlTests.c:96:19: warning: initialization discards ‘const’ qualifier from pointer target type [-Wdiscarded-qualifiers]
   char *address = "example.com";
                   ^~~~~~~~~~~~~
/home/justin/MSCVProject/compiler/cpr/opt/curl/CMake/CurlTests.c:130:65: warning: passing argument 7 of ‘gethostbyaddr_r’ from incompatible pointer type [-Wincompatible-pointer-types]
   hp = gethostbyaddr_r(address, length, type, &h, buffer, 8192, &h_errnop);
                                                                 ^~~~~~~~~
In file included from /home/justin/MSCVProject/compiler/cpr/opt/curl/CMake/CurlTests.c:93:
/usr/include/netdb.h:174:36: note: expected ‘struct hostent ** restrict’ but argument is of type ‘int *’
        struct hostent **__restrict __result,
        ~~~~~~~~~~~~~~~~~~~~~~~~~~~~^~~~~~~~
/home/justin/MSCVProject/compiler/cpr/opt/curl/CMake/CurlTests.c:130:8: error: too few arguments to function ‘gethostbyaddr_r’
   hp = gethostbyaddr_r(address, length, type, &h, buffer, 8192, &h_errnop);
        ^~~~~~~~~~~~~~~
In file included from /home/justin/MSCVProject/compiler/cpr/opt/curl/CMake/CurlTests.c:93:
/usr/include/netdb.h:170:12: note: declared here
 extern int gethostbyaddr_r (const void *__restrict __addr, __socklen_t __len,
            ^~~~~~~~~~~~~~~
make[2]: *** [CMakeFiles/cmTC_e2bbd.dir/build.make:66: CMakeFiles/cmTC_e2bbd.dir/CurlTests.c.o] Error 1
make[2]: Leaving directory '/home/justin/MSCVProject/compiler/CMakeFiles/CMakeTmp'
make[1]: *** [Makefile:121: cmTC_e2bbd/fast] Error 2
make[1]: Leaving directory '/home/justin/MSCVProject/compiler/CMakeFiles/CMakeTmp'

Performing Curl Test HAVE_GETHOSTBYNAME_R_3 failed with the following output:
Change Dir: /home/justin/MSCVProject/compiler/CMakeFiles/CMakeTmp

Run Build Command:"/usr/bin/make" "cmTC_0aaff/fast"
make[1]: Entering directory '/home/justin/MSCVProject/compiler/CMakeFiles/CMakeTmp'
/usr/bin/make -f CMakeFiles/cmTC_0aaff.dir/build.make CMakeFiles/cmTC_0aaff.dir/build
make[2]: Entering directory '/home/justin/MSCVProject/compiler/CMakeFiles/CMakeTmp'
Building C object CMakeFiles/cmTC_0aaff.dir/CurlTests.c.o
/usr/bin/cc   -pedantic -Wall -W -Wpointer-arith -Wwrite-strings -Wunused -Wshadow -Winline -Wnested-externs -Wmissing-declarations -Wmissing-prototypes -Wno-long-long -Wfloat-equal -Wno-multichar -Wsign-compare -Wundef -Wno-format-nonliteral -Wendif-labels -Wstrict-prototypes -Wdeclaration-after-statement -Wstrict-aliasing=3 -Wcast-align -Wtype-limits -Wold-style-declaration -Wmissing-parameter-type -Wempty-body -Wclobbered -Wignored-qualifiers -Wconversion -Wno-sign-conversion -Wvla -Wdouble-promotion -Wno-system-headers -DHAVE_GETHOSTBYNAME_R_3  -DHAVE_STDIO_H -DHAVE_INTTYPES_H -DHAVE_SYS_IOCTL_H -DHAVE_SYS_PARAM_H -DHAVE_SYS_POLL_H -DHAVE_SYS_RESOURCE_H -DHAVE_SYS_SELECT_H -DHAVE_SYS_SOCKET_H -DHAVE_SYS_STAT_H -DHAVE_SYS_TIME_H -DHAVE_SYS_TYPES_H -DHAVE_SYS_UIO_H -DHAVE_SYS_UN_H -DHAVE_SYS_XATTR_H -DHAVE_ALLOCA_H -DHAVE_ARPA_INET_H -DHAVE_ARPA_TFTP_H -DHAVE_ASSERT_H -DHAVE_ERR_H -DHAVE_ERRNO_H -DHAVE_FCNTL_H -DHAVE_IFADDRS_H -DHAVE_LIBGEN_H -DHAVE_LIMITS_H -DHAVE_LOCALE_H -DHAVE_NET_IF_H -DHAVE_NETDB_H -DHAVE_NETINET_IN_H -DHAVE_NETINET_TCP_H -DHAVE_POLL_H -DHAVE_PWD_H -DHAVE_SETJMP_H -DHAVE_SGTTY_H -DHAVE_SIGNAL_H -DHAVE_STDBOOL_H -DHAVE_STDINT_H -DHAVE_STDIO_H -DHAVE_STDLIB_H -DHAVE_STRING_H -DHAVE_STRINGS_H -DHAVE_STROPTS_H -DHAVE_TERMIO_H -DHAVE_TERMIOS_H -DHAVE_TIME_H -DHAVE_UNISTD_H -DHAVE_UTIME_H -DHAVE_STDDEF_H -DHAVE_DLFCN_H -DHAVE_MALLOC_H -DHAVE_MEMORY_H -DHAVE_NETINET_IF_ETHER_H -DHAVE_STDINT_H -DHAVE_SYS_UTSNAME_H   -o CMakeFiles/cmTC_0aaff.dir/CurlTests.c.o   -c /home/justin/MSCVProject/compiler/cpr/opt/curl/CMake/CurlTests.c
/home/justin/MSCVProject/compiler/cpr/opt/curl/CMake/CurlTests.c: In function ‘main’:
/home/justin/MSCVProject/compiler/cpr/opt/curl/CMake/CurlTests.c:96:19: warning: initialization discards ‘const’ qualifier from pointer target type [-Wdiscarded-qualifiers]
   char *address = "example.com";
                   ^~~~~~~~~~~~~
/home/justin/MSCVProject/compiler/cpr/opt/curl/CMake/CurlTests.c:106:23: error: storage size of ‘hdata’ isn’t known
   struct hostent_data hdata;
                       ^~~~~
/home/justin/MSCVProject/compiler/cpr/opt/curl/CMake/CurlTests.c:139:8: error: too few arguments to function ‘gethostbyname_r’
   rc = gethostbyname_r(address, &h, &hdata);
        ^~~~~~~~~~~~~~~
In file included from /home/justin/MSCVProject/compiler/cpr/opt/curl/CMake/CurlTests.c:93:
/usr/include/netdb.h:177:12: note: declared here
 extern int gethostbyname_r (const char *__restrict __name,
            ^~~~~~~~~~~~~~~
/home/justin/MSCVProject/compiler/cpr/opt/curl/CMake/CurlTests.c:106:23: warning: unused variable ‘hdata’ [-Wunused-variable]
   struct hostent_data hdata;
                       ^~~~~
make[2]: *** [CMakeFiles/cmTC_0aaff.dir/build.make:66: CMakeFiles/cmTC_0aaff.dir/CurlTests.c.o] Error 1
make[2]: Leaving directory '/home/justin/MSCVProject/compiler/CMakeFiles/CMakeTmp'
make[1]: *** [Makefile:121: cmTC_0aaff/fast] Error 2
make[1]: Leaving directory '/home/justin/MSCVProject/compiler/CMakeFiles/CMakeTmp'

Performing Curl Test HAVE_GETHOSTBYNAME_R_5 failed with the following output:
Change Dir: /home/justin/MSCVProject/compiler/CMakeFiles/CMakeTmp

Run Build Command:"/usr/bin/make" "cmTC_f3930/fast"
make[1]: Entering directory '/home/justin/MSCVProject/compiler/CMakeFiles/CMakeTmp'
/usr/bin/make -f CMakeFiles/cmTC_f3930.dir/build.make CMakeFiles/cmTC_f3930.dir/build
make[2]: Entering directory '/home/justin/MSCVProject/compiler/CMakeFiles/CMakeTmp'
Building C object CMakeFiles/cmTC_f3930.dir/CurlTests.c.o
/usr/bin/cc   -pedantic -Wall -W -Wpointer-arith -Wwrite-strings -Wunused -Wshadow -Winline -Wnested-externs -Wmissing-declarations -Wmissing-prototypes -Wno-long-long -Wfloat-equal -Wno-multichar -Wsign-compare -Wundef -Wno-format-nonliteral -Wendif-labels -Wstrict-prototypes -Wdeclaration-after-statement -Wstrict-aliasing=3 -Wcast-align -Wtype-limits -Wold-style-declaration -Wmissing-parameter-type -Wempty-body -Wclobbered -Wignored-qualifiers -Wconversion -Wno-sign-conversion -Wvla -Wdouble-promotion -Wno-system-headers -DHAVE_GETHOSTBYNAME_R_5  -DHAVE_STDIO_H -DHAVE_INTTYPES_H -DHAVE_SYS_IOCTL_H -DHAVE_SYS_PARAM_H -DHAVE_SYS_POLL_H -DHAVE_SYS_RESOURCE_H -DHAVE_SYS_SELECT_H -DHAVE_SYS_SOCKET_H -DHAVE_SYS_STAT_H -DHAVE_SYS_TIME_H -DHAVE_SYS_TYPES_H -DHAVE_SYS_UIO_H -DHAVE_SYS_UN_H -DHAVE_SYS_XATTR_H -DHAVE_ALLOCA_H -DHAVE_ARPA_INET_H -DHAVE_ARPA_TFTP_H -DHAVE_ASSERT_H -DHAVE_ERR_H -DHAVE_ERRNO_H -DHAVE_FCNTL_H -DHAVE_IFADDRS_H -DHAVE_LIBGEN_H -DHAVE_LIMITS_H -DHAVE_LOCALE_H -DHAVE_NET_IF_H -DHAVE_NETDB_H -DHAVE_NETINET_IN_H -DHAVE_NETINET_TCP_H -DHAVE_POLL_H -DHAVE_PWD_H -DHAVE_SETJMP_H -DHAVE_SGTTY_H -DHAVE_SIGNAL_H -DHAVE_STDBOOL_H -DHAVE_STDINT_H -DHAVE_STDIO_H -DHAVE_STDLIB_H -DHAVE_STRING_H -DHAVE_STRINGS_H -DHAVE_STROPTS_H -DHAVE_TERMIO_H -DHAVE_TERMIOS_H -DHAVE_TIME_H -DHAVE_UNISTD_H -DHAVE_UTIME_H -DHAVE_STDDEF_H -DHAVE_DLFCN_H -DHAVE_MALLOC_H -DHAVE_MEMORY_H -DHAVE_NETINET_IF_ETHER_H -DHAVE_STDINT_H -DHAVE_SYS_UTSNAME_H   -o CMakeFiles/cmTC_f3930.dir/CurlTests.c.o   -c /home/justin/MSCVProject/compiler/cpr/opt/curl/CMake/CurlTests.c
/home/justin/MSCVProject/compiler/cpr/opt/curl/CMake/CurlTests.c: In function ‘main’:
/home/justin/MSCVProject/compiler/cpr/opt/curl/CMake/CurlTests.c:96:19: warning: initialization discards ‘const’ qualifier from pointer target type [-Wdiscarded-qualifiers]
   char *address = "example.com";
                   ^~~~~~~~~~~~~
/home/justin/MSCVProject/compiler/cpr/opt/curl/CMake/CurlTests.c:142:51: warning: passing argument 5 of ‘gethostbyname_r’ from incompatible pointer type [-Wincompatible-pointer-types]
   rc = gethostbyname_r(address, &h, buffer, 8192, &h_errnop);
                                                   ^~~~~~~~~
In file included from /home/justin/MSCVProject/compiler/cpr/opt/curl/CMake/CurlTests.c:93:
/usr/include/netdb.h:180:36: note: expected ‘struct hostent ** restrict’ but argument is of type ‘int *’
        struct hostent **__restrict __result,
        ~~~~~~~~~~~~~~~~~~~~~~~~~~~~^~~~~~~~
/home/justin/MSCVProject/compiler/cpr/opt/curl/CMake/CurlTests.c:142:8: error: too few arguments to function ‘gethostbyname_r’
   rc = gethostbyname_r(address, &h, buffer, 8192, &h_errnop);
        ^~~~~~~~~~~~~~~
In file included from /home/justin/MSCVProject/compiler/cpr/opt/curl/CMake/CurlTests.c:93:
/usr/include/netdb.h:177:12: note: declared here
 extern int gethostbyname_r (const char *__restrict __name,
            ^~~~~~~~~~~~~~~
make[2]: *** [CMakeFiles/cmTC_f3930.dir/build.make:66: CMakeFiles/cmTC_f3930.dir/CurlTests.c.o] Error 1
make[2]: Leaving directory '/home/justin/MSCVProject/compiler/CMakeFiles/CMakeTmp'
make[1]: *** [Makefile:121: cmTC_f3930/fast] Error 2
make[1]: Leaving directory '/home/justin/MSCVProject/compiler/CMakeFiles/CMakeTmp'

Performing Curl Test HAVE_GETHOSTBYNAME_R_3_REENTRANT failed with the following output:
Change Dir: /home/justin/MSCVProject/compiler/CMakeFiles/CMakeTmp

Run Build Command:"/usr/bin/make" "cmTC_55b0f/fast"
make[1]: Entering directory '/home/justin/MSCVProject/compiler/CMakeFiles/CMakeTmp'
/usr/bin/make -f CMakeFiles/cmTC_55b0f.dir/build.make CMakeFiles/cmTC_55b0f.dir/build
make[2]: Entering directory '/home/justin/MSCVProject/compiler/CMakeFiles/CMakeTmp'
Building C object CMakeFiles/cmTC_55b0f.dir/CurlTests.c.o
/usr/bin/cc   -pedantic -Wall -W -Wpointer-arith -Wwrite-strings -Wunused -Wshadow -Winline -Wnested-externs -Wmissing-declarations -Wmissing-prototypes -Wno-long-long -Wfloat-equal -Wno-multichar -Wsign-compare -Wundef -Wno-format-nonliteral -Wendif-labels -Wstrict-prototypes -Wdeclaration-after-statement -Wstrict-aliasing=3 -Wcast-align -Wtype-limits -Wold-style-declaration -Wmissing-parameter-type -Wempty-body -Wclobbered -Wignored-qualifiers -Wconversion -Wno-sign-conversion -Wvla -Wdouble-promotion -Wno-system-headers -DHAVE_GETHOSTBYNAME_R_3_REENTRANT  -DHAVE_STDIO_H -DHAVE_INTTYPES_H -DHAVE_SYS_IOCTL_H -DHAVE_SYS_PARAM_H -DHAVE_SYS_POLL_H -DHAVE_SYS_RESOURCE_H -DHAVE_SYS_SELECT_H -DHAVE_SYS_SOCKET_H -DHAVE_SYS_STAT_H -DHAVE_SYS_TIME_H -DHAVE_SYS_TYPES_H -DHAVE_SYS_UIO_H -DHAVE_SYS_UN_H -DHAVE_SYS_XATTR_H -DHAVE_ALLOCA_H -DHAVE_ARPA_INET_H -DHAVE_ARPA_TFTP_H -DHAVE_ASSERT_H -DHAVE_ERR_H -DHAVE_ERRNO_H -DHAVE_FCNTL_H -DHAVE_IFADDRS_H -DHAVE_LIBGEN_H -DHAVE_LIMITS_H -DHAVE_LOCALE_H -DHAVE_NET_IF_H -DHAVE_NETDB_H -DHAVE_NETINET_IN_H -DHAVE_NETINET_TCP_H -DHAVE_POLL_H -DHAVE_PWD_H -DHAVE_SETJMP_H -DHAVE_SGTTY_H -DHAVE_SIGNAL_H -DHAVE_STDBOOL_H -DHAVE_STDINT_H -DHAVE_STDIO_H -DHAVE_STDLIB_H -DHAVE_STRING_H -DHAVE_STRINGS_H -DHAVE_STROPTS_H -DHAVE_TERMIO_H -DHAVE_TERMIOS_H -DHAVE_TIME_H -DHAVE_UNISTD_H -DHAVE_UTIME_H -DHAVE_STDDEF_H -DHAVE_DLFCN_H -DHAVE_MALLOC_H -DHAVE_MEMORY_H -DHAVE_NETINET_IF_ETHER_H -DHAVE_STDINT_H -DHAVE_SYS_UTSNAME_H   -o CMakeFiles/cmTC_55b0f.dir/CurlTests.c.o   -c /home/justin/MSCVProject/compiler/cpr/opt/curl/CMake/CurlTests.c
/home/justin/MSCVProject/compiler/cpr/opt/curl/CMake/CurlTests.c: In function ‘main’:
/home/justin/MSCVProject/compiler/cpr/opt/curl/CMake/CurlTests.c:96:19: warning: initialization discards ‘const’ qualifier from pointer target type [-Wdiscarded-qualifiers]
   char *address = "example.com";
                   ^~~~~~~~~~~~~
/home/justin/MSCVProject/compiler/cpr/opt/curl/CMake/CurlTests.c:106:23: error: storage size of ‘hdata’ isn’t known
   struct hostent_data hdata;
                       ^~~~~
/home/justin/MSCVProject/compiler/cpr/opt/curl/CMake/CurlTests.c:139:8: error: too few arguments to function ‘gethostbyname_r’
   rc = gethostbyname_r(address, &h, &hdata);
        ^~~~~~~~~~~~~~~
In file included from /home/justin/MSCVProject/compiler/cpr/opt/curl/CMake/CurlTests.c:93:
/usr/include/netdb.h:177:12: note: declared here
 extern int gethostbyname_r (const char *__restrict __name,
            ^~~~~~~~~~~~~~~
/home/justin/MSCVProject/compiler/cpr/opt/curl/CMake/CurlTests.c:106:23: warning: unused variable ‘hdata’ [-Wunused-variable]
   struct hostent_data hdata;
                       ^~~~~
make[2]: *** [CMakeFiles/cmTC_55b0f.dir/build.make:66: CMakeFiles/cmTC_55b0f.dir/CurlTests.c.o] Error 1
make[2]: Leaving directory '/home/justin/MSCVProject/compiler/CMakeFiles/CMakeTmp'
make[1]: *** [Makefile:121: cmTC_55b0f/fast] Error 2
make[1]: Leaving directory '/home/justin/MSCVProject/compiler/CMakeFiles/CMakeTmp'

Performing Curl Test HAVE_GETHOSTBYNAME_R_5_REENTRANT failed with the following output:
Change Dir: /home/justin/MSCVProject/compiler/CMakeFiles/CMakeTmp

Run Build Command:"/usr/bin/make" "cmTC_efeb9/fast"
make[1]: Entering directory '/home/justin/MSCVProject/compiler/CMakeFiles/CMakeTmp'
/usr/bin/make -f CMakeFiles/cmTC_efeb9.dir/build.make CMakeFiles/cmTC_efeb9.dir/build
make[2]: Entering directory '/home/justin/MSCVProject/compiler/CMakeFiles/CMakeTmp'
Building C object CMakeFiles/cmTC_efeb9.dir/CurlTests.c.o
/usr/bin/cc   -pedantic -Wall -W -Wpointer-arith -Wwrite-strings -Wunused -Wshadow -Winline -Wnested-externs -Wmissing-declarations -Wmissing-prototypes -Wno-long-long -Wfloat-equal -Wno-multichar -Wsign-compare -Wundef -Wno-format-nonliteral -Wendif-labels -Wstrict-prototypes -Wdeclaration-after-statement -Wstrict-aliasing=3 -Wcast-align -Wtype-limits -Wold-style-declaration -Wmissing-parameter-type -Wempty-body -Wclobbered -Wignored-qualifiers -Wconversion -Wno-sign-conversion -Wvla -Wdouble-promotion -Wno-system-headers -DHAVE_GETHOSTBYNAME_R_5_REENTRANT  -DHAVE_STDIO_H -DHAVE_INTTYPES_H -DHAVE_SYS_IOCTL_H -DHAVE_SYS_PARAM_H -DHAVE_SYS_POLL_H -DHAVE_SYS_RESOURCE_H -DHAVE_SYS_SELECT_H -DHAVE_SYS_SOCKET_H -DHAVE_SYS_STAT_H -DHAVE_SYS_TIME_H -DHAVE_SYS_TYPES_H -DHAVE_SYS_UIO_H -DHAVE_SYS_UN_H -DHAVE_SYS_XATTR_H -DHAVE_ALLOCA_H -DHAVE_ARPA_INET_H -DHAVE_ARPA_TFTP_H -DHAVE_ASSERT_H -DHAVE_ERR_H -DHAVE_ERRNO_H -DHAVE_FCNTL_H -DHAVE_IFADDRS_H -DHAVE_LIBGEN_H -DHAVE_LIMITS_H -DHAVE_LOCALE_H -DHAVE_NET_IF_H -DHAVE_NETDB_H -DHAVE_NETINET_IN_H -DHAVE_NETINET_TCP_H -DHAVE_POLL_H -DHAVE_PWD_H -DHAVE_SETJMP_H -DHAVE_SGTTY_H -DHAVE_SIGNAL_H -DHAVE_STDBOOL_H -DHAVE_STDINT_H -DHAVE_STDIO_H -DHAVE_STDLIB_H -DHAVE_STRING_H -DHAVE_STRINGS_H -DHAVE_STROPTS_H -DHAVE_TERMIO_H -DHAVE_TERMIOS_H -DHAVE_TIME_H -DHAVE_UNISTD_H -DHAVE_UTIME_H -DHAVE_STDDEF_H -DHAVE_DLFCN_H -DHAVE_MALLOC_H -DHAVE_MEMORY_H -DHAVE_NETINET_IF_ETHER_H -DHAVE_STDINT_H -DHAVE_SYS_UTSNAME_H   -o CMakeFiles/cmTC_efeb9.dir/CurlTests.c.o   -c /home/justin/MSCVProject/compiler/cpr/opt/curl/CMake/CurlTests.c
/home/justin/MSCVProject/compiler/cpr/opt/curl/CMake/CurlTests.c: In function ‘main’:
/home/justin/MSCVProject/compiler/cpr/opt/curl/CMake/CurlTests.c:96:19: warning: initialization discards ‘const’ qualifier from pointer target type [-Wdiscarded-qualifiers]
   char *address = "example.com";
                   ^~~~~~~~~~~~~
/home/justin/MSCVProject/compiler/cpr/opt/curl/CMake/CurlTests.c:142:51: warning: passing argument 5 of ‘gethostbyname_r’ from incompatible pointer type [-Wincompatible-pointer-types]
   rc = gethostbyname_r(address, &h, buffer, 8192, &h_errnop);
                                                   ^~~~~~~~~
In file included from /home/justin/MSCVProject/compiler/cpr/opt/curl/CMake/CurlTests.c:93:
/usr/include/netdb.h:180:36: note: expected ‘struct hostent ** restrict’ but argument is of type ‘int *’
        struct hostent **__restrict __result,
        ~~~~~~~~~~~~~~~~~~~~~~~~~~~~^~~~~~~~
/home/justin/MSCVProject/compiler/cpr/opt/curl/CMake/CurlTests.c:142:8: error: too few arguments to function ‘gethostbyname_r’
   rc = gethostbyname_r(address, &h, buffer, 8192, &h_errnop);
        ^~~~~~~~~~~~~~~
In file included from /home/justin/MSCVProject/compiler/cpr/opt/curl/CMake/CurlTests.c:93:
/usr/include/netdb.h:177:12: note: declared here
 extern int gethostbyname_r (const char *__restrict __name,
            ^~~~~~~~~~~~~~~
make[2]: *** [CMakeFiles/cmTC_efeb9.dir/build.make:66: CMakeFiles/cmTC_efeb9.dir/CurlTests.c.o] Error 1
make[2]: Leaving directory '/home/justin/MSCVProject/compiler/CMakeFiles/CMakeTmp'
make[1]: *** [Makefile:121: cmTC_efeb9/fast] Error 2
make[1]: Leaving directory '/home/justin/MSCVProject/compiler/CMakeFiles/CMakeTmp'

Performing Curl Test HAVE_INET_NTOA_R_DECL failed with the following output:
Change Dir: /home/justin/MSCVProject/compiler/CMakeFiles/CMakeTmp

Run Build Command:"/usr/bin/make" "cmTC_edb51/fast"
make[1]: Entering directory '/home/justin/MSCVProject/compiler/CMakeFiles/CMakeTmp'
/usr/bin/make -f CMakeFiles/cmTC_edb51.dir/build.make CMakeFiles/cmTC_edb51.dir/build
make[2]: Entering directory '/home/justin/MSCVProject/compiler/CMakeFiles/CMakeTmp'
Building C object CMakeFiles/cmTC_edb51.dir/CurlTests.c.o
/usr/bin/cc   -pedantic -Wall -W -Wpointer-arith -Wwrite-strings -Wunused -Wshadow -Winline -Wnested-externs -Wmissing-declarations -Wmissing-prototypes -Wno-long-long -Wfloat-equal -Wno-multichar -Wsign-compare -Wundef -Wno-format-nonliteral -Wendif-labels -Wstrict-prototypes -Wdeclaration-after-statement -Wstrict-aliasing=3 -Wcast-align -Wtype-limits -Wold-style-declaration -Wmissing-parameter-type -Wempty-body -Wclobbered -Wignored-qualifiers -Wconversion -Wno-sign-conversion -Wvla -Wdouble-promotion -Wno-system-headers -DHAVE_INET_NTOA_R_DECL  -DHAVE_STDIO_H -DHAVE_INTTYPES_H -DHAVE_SYS_IOCTL_H -DHAVE_SYS_PARAM_H -DHAVE_SYS_POLL_H -DHAVE_SYS_RESOURCE_H -DHAVE_SYS_SELECT_H -DHAVE_SYS_SOCKET_H -DHAVE_SYS_STAT_H -DHAVE_SYS_TIME_H -DHAVE_SYS_TYPES_H -DHAVE_SYS_UIO_H -DHAVE_SYS_UN_H -DHAVE_SYS_XATTR_H -DHAVE_ALLOCA_H -DHAVE_ARPA_INET_H -DHAVE_ARPA_TFTP_H -DHAVE_ASSERT_H -DHAVE_ERR_H -DHAVE_ERRNO_H -DHAVE_FCNTL_H -DHAVE_IFADDRS_H -DHAVE_LIBGEN_H -DHAVE_LIMITS_H -DHAVE_LOCALE_H -DHAVE_NET_IF_H -DHAVE_NETDB_H -DHAVE_NETINET_IN_H -DHAVE_NETINET_TCP_H -DHAVE_POLL_H -DHAVE_PWD_H -DHAVE_SETJMP_H -DHAVE_SGTTY_H -DHAVE_SIGNAL_H -DHAVE_STDBOOL_H -DHAVE_STDINT_H -DHAVE_STDIO_H -DHAVE_STDLIB_H -DHAVE_STRING_H -DHAVE_STRINGS_H -DHAVE_STROPTS_H -DHAVE_TERMIO_H -DHAVE_TERMIOS_H -DHAVE_TIME_H -DHAVE_UNISTD_H -DHAVE_UTIME_H -DHAVE_STDDEF_H -DHAVE_DLFCN_H -DHAVE_MALLOC_H -DHAVE_MEMORY_H -DHAVE_NETINET_IF_ETHER_H -DHAVE_STDINT_H -DHAVE_SYS_UTSNAME_H   -o CMakeFiles/cmTC_edb51.dir/CurlTests.c.o   -c /home/justin/MSCVProject/compiler/cpr/opt/curl/CMake/CurlTests.c
/home/justin/MSCVProject/compiler/cpr/opt/curl/CMake/CurlTests.c:236:1: warning: function declaration isn’t a prototype [-Wstrict-prototypes]
 typedef void (*func_type)();
 ^~~~~~~
/home/justin/MSCVProject/compiler/cpr/opt/curl/CMake/CurlTests.c:238:5: warning: function declaration isn’t a prototype [-Wstrict-prototypes]
 int main()
     ^~~~
/home/justin/MSCVProject/compiler/cpr/opt/curl/CMake/CurlTests.c: In function ‘main’:
/home/justin/MSCVProject/compiler/cpr/opt/curl/CMake/CurlTests.c:242:21: error: ‘inet_ntoa_r’ undeclared (first use in this function); did you mean ‘inet_ntoa’?
   func = (func_type)inet_ntoa_r;
                     ^~~~~~~~~~~
                     inet_ntoa
/home/justin/MSCVProject/compiler/cpr/opt/curl/CMake/CurlTests.c:242:21: note: each undeclared identifier is reported only once for each function it appears in
/home/justin/MSCVProject/compiler/cpr/opt/curl/CMake/CurlTests.c:241:13: warning: variable ‘func’ set but not used [-Wunused-but-set-variable]
   func_type func;
             ^~~~
make[2]: *** [CMakeFiles/cmTC_edb51.dir/build.make:66: CMakeFiles/cmTC_edb51.dir/CurlTests.c.o] Error 1
make[2]: Leaving directory '/home/justin/MSCVProject/compiler/CMakeFiles/CMakeTmp'
make[1]: *** [Makefile:121: cmTC_edb51/fast] Error 2
make[1]: Leaving directory '/home/justin/MSCVProject/compiler/CMakeFiles/CMakeTmp'

Performing Curl Test HAVE_INET_NTOA_R_DECL_REENTRANT failed with the following output:
Change Dir: /home/justin/MSCVProject/compiler/CMakeFiles/CMakeTmp

Run Build Command:"/usr/bin/make" "cmTC_0e25a/fast"
make[1]: Entering directory '/home/justin/MSCVProject/compiler/CMakeFiles/CMakeTmp'
/usr/bin/make -f CMakeFiles/cmTC_0e25a.dir/build.make CMakeFiles/cmTC_0e25a.dir/build
make[2]: Entering directory '/home/justin/MSCVProject/compiler/CMakeFiles/CMakeTmp'
Building C object CMakeFiles/cmTC_0e25a.dir/CurlTests.c.o
/usr/bin/cc   -pedantic -Wall -W -Wpointer-arith -Wwrite-strings -Wunused -Wshadow -Winline -Wnested-externs -Wmissing-declarations -Wmissing-prototypes -Wno-long-long -Wfloat-equal -Wno-multichar -Wsign-compare -Wundef -Wno-format-nonliteral -Wendif-labels -Wstrict-prototypes -Wdeclaration-after-statement -Wstrict-aliasing=3 -Wcast-align -Wtype-limits -Wold-style-declaration -Wmissing-parameter-type -Wempty-body -Wclobbered -Wignored-qualifiers -Wconversion -Wno-sign-conversion -Wvla -Wdouble-promotion -Wno-system-headers -DHAVE_INET_NTOA_R_DECL_REENTRANT  -DHAVE_STDIO_H -DHAVE_INTTYPES_H -DHAVE_SYS_IOCTL_H -DHAVE_SYS_PARAM_H -DHAVE_SYS_POLL_H -DHAVE_SYS_RESOURCE_H -DHAVE_SYS_SELECT_H -DHAVE_SYS_SOCKET_H -DHAVE_SYS_STAT_H -DHAVE_SYS_TIME_H -DHAVE_SYS_TYPES_H -DHAVE_SYS_UIO_H -DHAVE_SYS_UN_H -DHAVE_SYS_XATTR_H -DHAVE_ALLOCA_H -DHAVE_ARPA_INET_H -DHAVE_ARPA_TFTP_H -DHAVE_ASSERT_H -DHAVE_ERR_H -DHAVE_ERRNO_H -DHAVE_FCNTL_H -DHAVE_IFADDRS_H -DHAVE_LIBGEN_H -DHAVE_LIMITS_H -DHAVE_LOCALE_H -DHAVE_NET_IF_H -DHAVE_NETDB_H -DHAVE_NETINET_IN_H -DHAVE_NETINET_TCP_H -DHAVE_POLL_H -DHAVE_PWD_H -DHAVE_SETJMP_H -DHAVE_SGTTY_H -DHAVE_SIGNAL_H -DHAVE_STDBOOL_H -DHAVE_STDINT_H -DHAVE_STDIO_H -DHAVE_STDLIB_H -DHAVE_STRING_H -DHAVE_STRINGS_H -DHAVE_STROPTS_H -DHAVE_TERMIO_H -DHAVE_TERMIOS_H -DHAVE_TIME_H -DHAVE_UNISTD_H -DHAVE_UTIME_H -DHAVE_STDDEF_H -DHAVE_DLFCN_H -DHAVE_MALLOC_H -DHAVE_MEMORY_H -DHAVE_NETINET_IF_ETHER_H -DHAVE_STDINT_H -DHAVE_SYS_UTSNAME_H   -o CMakeFiles/cmTC_0e25a.dir/CurlTests.c.o   -c /home/justin/MSCVProject/compiler/cpr/opt/curl/CMake/CurlTests.c
/home/justin/MSCVProject/compiler/cpr/opt/curl/CMake/CurlTests.c:251:1: warning: function declaration isn’t a prototype [-Wstrict-prototypes]
 typedef void (*func_type)();
 ^~~~~~~
/home/justin/MSCVProject/compiler/cpr/opt/curl/CMake/CurlTests.c:253:5: warning: function declaration isn’t a prototype [-Wstrict-prototypes]
 int main()
     ^~~~
/home/justin/MSCVProject/compiler/cpr/opt/curl/CMake/CurlTests.c: In function ‘main’:
/home/justin/MSCVProject/compiler/cpr/opt/curl/CMake/CurlTests.c:257:22: error: ‘inet_ntoa_r’ undeclared (first use in this function); did you mean ‘inet_ntoa’?
   func = (func_type)&inet_ntoa_r;
                      ^~~~~~~~~~~
                      inet_ntoa
/home/justin/MSCVProject/compiler/cpr/opt/curl/CMake/CurlTests.c:257:22: note: each undeclared identifier is reported only once for each function it appears in
/home/justin/MSCVProject/compiler/cpr/opt/curl/CMake/CurlTests.c:256:13: warning: variable ‘func’ set but not used [-Wunused-but-set-variable]
   func_type func;
             ^~~~
make[2]: *** [CMakeFiles/cmTC_0e25a.dir/build.make:66: CMakeFiles/cmTC_0e25a.dir/CurlTests.c.o] Error 1
make[2]: Leaving directory '/home/justin/MSCVProject/compiler/CMakeFiles/CMakeTmp'
make[1]: *** [Makefile:121: cmTC_0e25a/fast] Error 2
make[1]: Leaving directory '/home/justin/MSCVProject/compiler/CMakeFiles/CMakeTmp'

Performing Curl Test HAVE_GLIBC_STRERROR_R failed with the following output:
Change Dir: /home/justin/MSCVProject/compiler/CMakeFiles/CMakeTmp

Run Build Command:"/usr/bin/make" "cmTC_7f821/fast"
make[1]: Entering directory '/home/justin/MSCVProject/compiler/CMakeFiles/CMakeTmp'
/usr/bin/make -f CMakeFiles/cmTC_7f821.dir/build.make CMakeFiles/cmTC_7f821.dir/build
make[2]: Entering directory '/home/justin/MSCVProject/compiler/CMakeFiles/CMakeTmp'
Building C object CMakeFiles/cmTC_7f821.dir/CurlTests.c.o
/usr/bin/cc   -pedantic -Wall -W -Wpointer-arith -Wwrite-strings -Wunused -Wshadow -Winline -Wnested-externs -Wmissing-declarations -Wmissing-prototypes -Wno-long-long -Wfloat-equal -Wno-multichar -Wsign-compare -Wundef -Wno-format-nonliteral -Wendif-labels -Wstrict-prototypes -Wdeclaration-after-statement -Wstrict-aliasing=3 -Wcast-align -Wtype-limits -Wold-style-declaration -Wmissing-parameter-type -Wempty-body -Wclobbered -Wignored-qualifiers -Wconversion -Wno-sign-conversion -Wvla -Wdouble-promotion -Wno-system-headers -DHAVE_GLIBC_STRERROR_R   -o CMakeFiles/cmTC_7f821.dir/CurlTests.c.o   -c /home/justin/MSCVProject/compiler/cpr/opt/curl/CMake/CurlTests.c
/home/justin/MSCVProject/compiler/cpr/opt/curl/CMake/CurlTests.c:511:1: warning: function declaration isn’t a prototype [-Wstrict-prototypes]
 main () {
 ^~~~
/home/justin/MSCVProject/compiler/cpr/opt/curl/CMake/CurlTests.c: In function ‘main’:
/home/justin/MSCVProject/compiler/cpr/opt/curl/CMake/CurlTests.c:514:5: warning: initialization of ‘char *’ from ‘int’ makes pointer from integer without a cast [-Wint-conversion]
     strerror_r(EACCES, buffer, sizeof(buffer));
     ^~~~~~~~~~
Linking C executable cmTC_7f821
/usr/local/bin/cmake -E cmake_link_script CMakeFiles/cmTC_7f821.dir/link.txt --verbose=1
/usr/bin/cc   -pedantic -Wall -W -Wpointer-arith -Wwrite-strings -Wunused -Wshadow -Winline -Wnested-externs -Wmissing-declarations -Wmissing-prototypes -Wno-long-long -Wfloat-equal -Wno-multichar -Wsign-compare -Wundef -Wno-format-nonliteral -Wendif-labels -Wstrict-prototypes -Wdeclaration-after-statement -Wstrict-aliasing=3 -Wcast-align -Wtype-limits -Wold-style-declaration -Wmissing-parameter-type -Wempty-body -Wclobbered -Wignored-qualifiers -Wconversion -Wno-sign-conversion -Wvla -Wdouble-promotion -Wno-system-headers -DHAVE_GLIBC_STRERROR_R    -rdynamic CMakeFiles/cmTC_7f821.dir/CurlTests.c.o  -o cmTC_7f821 /usr/lib/x86_64-linux-gnu/libssl.so /usr/lib/x86_64-linux-gnu/libcrypto.so 
make[2]: Leaving directory '/home/justin/MSCVProject/compiler/CMakeFiles/CMakeTmp'
make[1]: Leaving directory '/home/justin/MSCVProject/compiler/CMakeFiles/CMakeTmp'
There was a problem running this test


Performing C SOURCE FILE Test curl_cv_func_recv_test failed with the following output:
Change Dir: /home/justin/MSCVProject/compiler/CMakeFiles/CMakeTmp

Run Build Command:"/usr/bin/make" "cmTC_06477/fast"
make[1]: Entering directory '/home/justin/MSCVProject/compiler/CMakeFiles/CMakeTmp'
/usr/bin/make -f CMakeFiles/cmTC_06477.dir/build.make CMakeFiles/cmTC_06477.dir/build
make[2]: Entering directory '/home/justin/MSCVProject/compiler/CMakeFiles/CMakeTmp'
Building C object CMakeFiles/cmTC_06477.dir/src.c.o
/usr/bin/cc  -I/home/justin/MSCVProject/compiler/cpr/opt/curl/include  -pedantic -Wall -W -Wpointer-arith -Wwrite-strings -Wunused -Wshadow -Winline -Wnested-externs -Wmissing-declarations -Wmissing-prototypes -Wno-long-long -Wfloat-equal -Wno-multichar -Wsign-compare -Wundef -Wno-format-nonliteral -Wendif-labels -Wstrict-prototypes -Wdeclaration-after-statement -Wstrict-aliasing=3 -Wcast-align -Wtype-limits -Wold-style-declaration -Wmissing-parameter-type -Wempty-body -Wclobbered -Wignored-qualifiers -Wconversion -Wno-sign-conversion -Wvla -Wdouble-promotion -Wno-system-headers -Dcurl_cv_func_recv_test   -o CMakeFiles/cmTC_06477.dir/src.c.o   -c /home/justin/MSCVProject/compiler/CMakeFiles/CMakeTmp/src.c
/home/justin/MSCVProject/compiler/CMakeFiles/CMakeTmp/src.c:6:31: error: expected ‘)’ before ‘char’
                   recv(SOCKET, char *, int, int);
                               ^~~~~
                               )
/home/justin/MSCVProject/compiler/CMakeFiles/CMakeTmp/src.c: In function ‘main’:
/home/justin/MSCVProject/compiler/CMakeFiles/CMakeTmp/src.c:8:21: error: unknown type name ‘SOCKET’
                     SOCKET s=0;
                     ^~~~~~
/home/justin/MSCVProject/compiler/CMakeFiles/CMakeTmp/src.c:12:31: warning: conversion from ‘ssize_t’ {aka ‘long int’} to ‘int’ may change value [-Wconversion]
                     int res = recv(s, buf, len, flags);
                               ^~~~
make[2]: *** [CMakeFiles/cmTC_06477.dir/build.make:66: CMakeFiles/cmTC_06477.dir/src.c.o] Error 1
make[2]: Leaving directory '/home/justin/MSCVProject/compiler/CMakeFiles/CMakeTmp'
make[1]: *** [Makefile:121: cmTC_06477/fast] Error 2
make[1]: Leaving directory '/home/justin/MSCVProject/compiler/CMakeFiles/CMakeTmp'

Source file was:

                  #undef inline
#include <sys/types.h>
#include <sys/socket.h>
                  extern int 
                  recv(SOCKET, char *, int, int);
                  int main(void) {
                    SOCKET s=0;
                    char * buf=0;
                    int len=0;
                    int flags=0;
                    int res = recv(s, buf, len, flags);
                    (void) res;
                    return 0;
                  }
Performing C SOURCE FILE Test curl_cv_func_recv_test failed with the following output:
Change Dir: /home/justin/MSCVProject/compiler/CMakeFiles/CMakeTmp

Run Build Command:"/usr/bin/make" "cmTC_03043/fast"
make[1]: Entering directory '/home/justin/MSCVProject/compiler/CMakeFiles/CMakeTmp'
/usr/bin/make -f CMakeFiles/cmTC_03043.dir/build.make CMakeFiles/cmTC_03043.dir/build
make[2]: Entering directory '/home/justin/MSCVProject/compiler/CMakeFiles/CMakeTmp'
Building C object CMakeFiles/cmTC_03043.dir/src.c.o
/usr/bin/cc  -I/home/justin/MSCVProject/compiler/cpr/opt/curl/include  -pedantic -Wall -W -Wpointer-arith -Wwrite-strings -Wunused -Wshadow -Winline -Wnested-externs -Wmissing-declarations -Wmissing-prototypes -Wno-long-long -Wfloat-equal -Wno-multichar -Wsign-compare -Wundef -Wno-format-nonliteral -Wendif-labels -Wstrict-prototypes -Wdeclaration-after-statement -Wstrict-aliasing=3 -Wcast-align -Wtype-limits -Wold-style-declaration -Wmissing-parameter-type -Wempty-body -Wclobbered -Wignored-qualifiers -Wconversion -Wno-sign-conversion -Wvla -Wdouble-promotion -Wno-system-headers -Dcurl_cv_func_recv_test   -o CMakeFiles/cmTC_03043.dir/src.c.o   -c /home/justin/MSCVProject/compiler/CMakeFiles/CMakeTmp/src.c
/home/justin/MSCVProject/compiler/CMakeFiles/CMakeTmp/src.c:6:31: error: expected ‘)’ before ‘char’
                   recv(SOCKET, char *, int, unsigned int);
                               ^~~~~
                               )
/home/justin/MSCVProject/compiler/CMakeFiles/CMakeTmp/src.c: In function ‘main’:
/home/justin/MSCVProject/compiler/CMakeFiles/CMakeTmp/src.c:8:21: error: unknown type name ‘SOCKET’
                     SOCKET s=0;
                     ^~~~~~
/home/justin/MSCVProject/compiler/CMakeFiles/CMakeTmp/src.c:12:31: warning: conversion from ‘ssize_t’ {aka ‘long int’} to ‘int’ may change value [-Wconversion]
                     int res = recv(s, buf, len, flags);
                               ^~~~
make[2]: *** [CMakeFiles/cmTC_03043.dir/build.make:66: CMakeFiles/cmTC_03043.dir/src.c.o] Error 1
make[2]: Leaving directory '/home/justin/MSCVProject/compiler/CMakeFiles/CMakeTmp'
make[1]: *** [Makefile:121: cmTC_03043/fast] Error 2
make[1]: Leaving directory '/home/justin/MSCVProject/compiler/CMakeFiles/CMakeTmp'

Source file was:

                  #undef inline
#include <sys/types.h>
#include <sys/socket.h>
                  extern int 
                  recv(SOCKET, char *, int, unsigned int);
                  int main(void) {
                    SOCKET s=0;
                    char * buf=0;
                    int len=0;
                    unsigned int flags=0;
                    int res = recv(s, buf, len, flags);
                    (void) res;
                    return 0;
                  }
Performing C SOURCE FILE Test curl_cv_func_recv_test failed with the following output:
Change Dir: /home/justin/MSCVProject/compiler/CMakeFiles/CMakeTmp

Run Build Command:"/usr/bin/make" "cmTC_f851d/fast"
make[1]: Entering directory '/home/justin/MSCVProject/compiler/CMakeFiles/CMakeTmp'
/usr/bin/make -f CMakeFiles/cmTC_f851d.dir/build.make CMakeFiles/cmTC_f851d.dir/build
make[2]: Entering directory '/home/justin/MSCVProject/compiler/CMakeFiles/CMakeTmp'
Building C object CMakeFiles/cmTC_f851d.dir/src.c.o
/usr/bin/cc  -I/home/justin/MSCVProject/compiler/cpr/opt/curl/include  -pedantic -Wall -W -Wpointer-arith -Wwrite-strings -Wunused -Wshadow -Winline -Wnested-externs -Wmissing-declarations -Wmissing-prototypes -Wno-long-long -Wfloat-equal -Wno-multichar -Wsign-compare -Wundef -Wno-format-nonliteral -Wendif-labels -Wstrict-prototypes -Wdeclaration-after-statement -Wstrict-aliasing=3 -Wcast-align -Wtype-limits -Wold-style-declaration -Wmissing-parameter-type -Wempty-body -Wclobbered -Wignored-qualifiers -Wconversion -Wno-sign-conversion -Wvla -Wdouble-promotion -Wno-system-headers -Dcurl_cv_func_recv_test   -o CMakeFiles/cmTC_f851d.dir/src.c.o   -c /home/justin/MSCVProject/compiler/CMakeFiles/CMakeTmp/src.c
/home/justin/MSCVProject/compiler/CMakeFiles/CMakeTmp/src.c:6:31: error: expected ‘)’ before ‘char’
                   recv(SOCKET, char *, size_t, int);
                               ^~~~~
                               )
/home/justin/MSCVProject/compiler/CMakeFiles/CMakeTmp/src.c: In function ‘main’:
/home/justin/MSCVProject/compiler/CMakeFiles/CMakeTmp/src.c:8:21: error: unknown type name ‘SOCKET’
                     SOCKET s=0;
                     ^~~~~~
/home/justin/MSCVProject/compiler/CMakeFiles/CMakeTmp/src.c:12:31: warning: conversion from ‘ssize_t’ {aka ‘long int’} to ‘int’ may change value [-Wconversion]
                     int res = recv(s, buf, len, flags);
                               ^~~~
make[2]: *** [CMakeFiles/cmTC_f851d.dir/build.make:66: CMakeFiles/cmTC_f851d.dir/src.c.o] Error 1
make[2]: Leaving directory '/home/justin/MSCVProject/compiler/CMakeFiles/CMakeTmp'
make[1]: *** [Makefile:121: cmTC_f851d/fast] Error 2
make[1]: Leaving directory '/home/justin/MSCVProject/compiler/CMakeFiles/CMakeTmp'

Source file was:

                  #undef inline
#include <sys/types.h>
#include <sys/socket.h>
                  extern int 
                  recv(SOCKET, char *, size_t, int);
                  int main(void) {
                    SOCKET s=0;
                    char * buf=0;
                    size_t len=0;
                    int flags=0;
                    int res = recv(s, buf, len, flags);
                    (void) res;
                    return 0;
                  }
Performing C SOURCE FILE Test curl_cv_func_recv_test failed with the following output:
Change Dir: /home/justin/MSCVProject/compiler/CMakeFiles/CMakeTmp

Run Build Command:"/usr/bin/make" "cmTC_66b1a/fast"
make[1]: Entering directory '/home/justin/MSCVProject/compiler/CMakeFiles/CMakeTmp'
/usr/bin/make -f CMakeFiles/cmTC_66b1a.dir/build.make CMakeFiles/cmTC_66b1a.dir/build
make[2]: Entering directory '/home/justin/MSCVProject/compiler/CMakeFiles/CMakeTmp'
Building C object CMakeFiles/cmTC_66b1a.dir/src.c.o
/usr/bin/cc  -I/home/justin/MSCVProject/compiler/cpr/opt/curl/include  -pedantic -Wall -W -Wpointer-arith -Wwrite-strings -Wunused -Wshadow -Winline -Wnested-externs -Wmissing-declarations -Wmissing-prototypes -Wno-long-long -Wfloat-equal -Wno-multichar -Wsign-compare -Wundef -Wno-format-nonliteral -Wendif-labels -Wstrict-prototypes -Wdeclaration-after-statement -Wstrict-aliasing=3 -Wcast-align -Wtype-limits -Wold-style-declaration -Wmissing-parameter-type -Wempty-body -Wclobbered -Wignored-qualifiers -Wconversion -Wno-sign-conversion -Wvla -Wdouble-promotion -Wno-system-headers -Dcurl_cv_func_recv_test   -o CMakeFiles/cmTC_66b1a.dir/src.c.o   -c /home/justin/MSCVProject/compiler/CMakeFiles/CMakeTmp/src.c
/home/justin/MSCVProject/compiler/CMakeFiles/CMakeTmp/src.c:6:31: error: expected ‘)’ before ‘char’
                   recv(SOCKET, char *, size_t, unsigned int);
                               ^~~~~
                               )
/home/justin/MSCVProject/compiler/CMakeFiles/CMakeTmp/src.c: In function ‘main’:
/home/justin/MSCVProject/compiler/CMakeFiles/CMakeTmp/src.c:8:21: error: unknown type name ‘SOCKET’
                     SOCKET s=0;
                     ^~~~~~
/home/justin/MSCVProject/compiler/CMakeFiles/CMakeTmp/src.c:12:31: warning: conversion from ‘ssize_t’ {aka ‘long int’} to ‘int’ may change value [-Wconversion]
                     int res = recv(s, buf, len, flags);
                               ^~~~
make[2]: *** [CMakeFiles/cmTC_66b1a.dir/build.make:66: CMakeFiles/cmTC_66b1a.dir/src.c.o] Error 1
make[2]: Leaving directory '/home/justin/MSCVProject/compiler/CMakeFiles/CMakeTmp'
make[1]: *** [Makefile:121: cmTC_66b1a/fast] Error 2
make[1]: Leaving directory '/home/justin/MSCVProject/compiler/CMakeFiles/CMakeTmp'

Source file was:

                  #undef inline
#include <sys/types.h>
#include <sys/socket.h>
                  extern int 
                  recv(SOCKET, char *, size_t, unsigned int);
                  int main(void) {
                    SOCKET s=0;
                    char * buf=0;
                    size_t len=0;
                    unsigned int flags=0;
                    int res = recv(s, buf, len, flags);
                    (void) res;
                    return 0;
                  }
Performing C SOURCE FILE Test curl_cv_func_recv_test failed with the following output:
Change Dir: /home/justin/MSCVProject/compiler/CMakeFiles/CMakeTmp

Run Build Command:"/usr/bin/make" "cmTC_2c797/fast"
make[1]: Entering directory '/home/justin/MSCVProject/compiler/CMakeFiles/CMakeTmp'
/usr/bin/make -f CMakeFiles/cmTC_2c797.dir/build.make CMakeFiles/cmTC_2c797.dir/build
make[2]: Entering directory '/home/justin/MSCVProject/compiler/CMakeFiles/CMakeTmp'
Building C object CMakeFiles/cmTC_2c797.dir/src.c.o
/usr/bin/cc  -I/home/justin/MSCVProject/compiler/cpr/opt/curl/include  -pedantic -Wall -W -Wpointer-arith -Wwrite-strings -Wunused -Wshadow -Winline -Wnested-externs -Wmissing-declarations -Wmissing-prototypes -Wno-long-long -Wfloat-equal -Wno-multichar -Wsign-compare -Wundef -Wno-format-nonliteral -Wendif-labels -Wstrict-prototypes -Wdeclaration-after-statement -Wstrict-aliasing=3 -Wcast-align -Wtype-limits -Wold-style-declaration -Wmissing-parameter-type -Wempty-body -Wclobbered -Wignored-qualifiers -Wconversion -Wno-sign-conversion -Wvla -Wdouble-promotion -Wno-system-headers -Dcurl_cv_func_recv_test   -o CMakeFiles/cmTC_2c797.dir/src.c.o   -c /home/justin/MSCVProject/compiler/CMakeFiles/CMakeTmp/src.c
/home/justin/MSCVProject/compiler/CMakeFiles/CMakeTmp/src.c:6:31: error: expected ‘)’ before ‘char’
                   recv(SOCKET, char *, socklen_t, int);
                               ^~~~~
                               )
/home/justin/MSCVProject/compiler/CMakeFiles/CMakeTmp/src.c: In function ‘main’:
/home/justin/MSCVProject/compiler/CMakeFiles/CMakeTmp/src.c:8:21: error: unknown type name ‘SOCKET’
                     SOCKET s=0;
                     ^~~~~~
/home/justin/MSCVProject/compiler/CMakeFiles/CMakeTmp/src.c:12:31: warning: conversion from ‘ssize_t’ {aka ‘long int’} to ‘int’ may change value [-Wconversion]
                     int res = recv(s, buf, len, flags);
                               ^~~~
make[2]: *** [CMakeFiles/cmTC_2c797.dir/build.make:66: CMakeFiles/cmTC_2c797.dir/src.c.o] Error 1
make[2]: Leaving directory '/home/justin/MSCVProject/compiler/CMakeFiles/CMakeTmp'
make[1]: *** [Makefile:121: cmTC_2c797/fast] Error 2
make[1]: Leaving directory '/home/justin/MSCVProject/compiler/CMakeFiles/CMakeTmp'

Source file was:

                  #undef inline
#include <sys/types.h>
#include <sys/socket.h>
                  extern int 
                  recv(SOCKET, char *, socklen_t, int);
                  int main(void) {
                    SOCKET s=0;
                    char * buf=0;
                    socklen_t len=0;
                    int flags=0;
                    int res = recv(s, buf, len, flags);
                    (void) res;
                    return 0;
                  }
Performing C SOURCE FILE Test curl_cv_func_recv_test failed with the following output:
Change Dir: /home/justin/MSCVProject/compiler/CMakeFiles/CMakeTmp

Run Build Command:"/usr/bin/make" "cmTC_fc1f3/fast"
make[1]: Entering directory '/home/justin/MSCVProject/compiler/CMakeFiles/CMakeTmp'
/usr/bin/make -f CMakeFiles/cmTC_fc1f3.dir/build.make CMakeFiles/cmTC_fc1f3.dir/build
make[2]: Entering directory '/home/justin/MSCVProject/compiler/CMakeFiles/CMakeTmp'
Building C object CMakeFiles/cmTC_fc1f3.dir/src.c.o
/usr/bin/cc  -I/home/justin/MSCVProject/compiler/cpr/opt/curl/include  -pedantic -Wall -W -Wpointer-arith -Wwrite-strings -Wunused -Wshadow -Winline -Wnested-externs -Wmissing-declarations -Wmissing-prototypes -Wno-long-long -Wfloat-equal -Wno-multichar -Wsign-compare -Wundef -Wno-format-nonliteral -Wendif-labels -Wstrict-prototypes -Wdeclaration-after-statement -Wstrict-aliasing=3 -Wcast-align -Wtype-limits -Wold-style-declaration -Wmissing-parameter-type -Wempty-body -Wclobbered -Wignored-qualifiers -Wconversion -Wno-sign-conversion -Wvla -Wdouble-promotion -Wno-system-headers -Dcurl_cv_func_recv_test   -o CMakeFiles/cmTC_fc1f3.dir/src.c.o   -c /home/justin/MSCVProject/compiler/CMakeFiles/CMakeTmp/src.c
/home/justin/MSCVProject/compiler/CMakeFiles/CMakeTmp/src.c:6:31: error: expected ‘)’ before ‘char’
                   recv(SOCKET, char *, socklen_t, unsigned int);
                               ^~~~~
                               )
/home/justin/MSCVProject/compiler/CMakeFiles/CMakeTmp/src.c: In function ‘main’:
/home/justin/MSCVProject/compiler/CMakeFiles/CMakeTmp/src.c:8:21: error: unknown type name ‘SOCKET’
                     SOCKET s=0;
                     ^~~~~~
/home/justin/MSCVProject/compiler/CMakeFiles/CMakeTmp/src.c:12:31: warning: conversion from ‘ssize_t’ {aka ‘long int’} to ‘int’ may change value [-Wconversion]
                     int res = recv(s, buf, len, flags);
                               ^~~~
make[2]: *** [CMakeFiles/cmTC_fc1f3.dir/build.make:66: CMakeFiles/cmTC_fc1f3.dir/src.c.o] Error 1
make[2]: Leaving directory '/home/justin/MSCVProject/compiler/CMakeFiles/CMakeTmp'
make[1]: *** [Makefile:121: cmTC_fc1f3/fast] Error 2
make[1]: Leaving directory '/home/justin/MSCVProject/compiler/CMakeFiles/CMakeTmp'

Source file was:

                  #undef inline
#include <sys/types.h>
#include <sys/socket.h>
                  extern int 
                  recv(SOCKET, char *, socklen_t, unsigned int);
                  int main(void) {
                    SOCKET s=0;
                    char * buf=0;
                    socklen_t len=0;
                    unsigned int flags=0;
                    int res = recv(s, buf, len, flags);
                    (void) res;
                    return 0;
                  }
Performing C SOURCE FILE Test curl_cv_func_recv_test failed with the following output:
Change Dir: /home/justin/MSCVProject/compiler/CMakeFiles/CMakeTmp

Run Build Command:"/usr/bin/make" "cmTC_b01f5/fast"
make[1]: Entering directory '/home/justin/MSCVProject/compiler/CMakeFiles/CMakeTmp'
/usr/bin/make -f CMakeFiles/cmTC_b01f5.dir/build.make CMakeFiles/cmTC_b01f5.dir/build
make[2]: Entering directory '/home/justin/MSCVProject/compiler/CMakeFiles/CMakeTmp'
Building C object CMakeFiles/cmTC_b01f5.dir/src.c.o
/usr/bin/cc  -I/home/justin/MSCVProject/compiler/cpr/opt/curl/include  -pedantic -Wall -W -Wpointer-arith -Wwrite-strings -Wunused -Wshadow -Winline -Wnested-externs -Wmissing-declarations -Wmissing-prototypes -Wno-long-long -Wfloat-equal -Wno-multichar -Wsign-compare -Wundef -Wno-format-nonliteral -Wendif-labels -Wstrict-prototypes -Wdeclaration-after-statement -Wstrict-aliasing=3 -Wcast-align -Wtype-limits -Wold-style-declaration -Wmissing-parameter-type -Wempty-body -Wclobbered -Wignored-qualifiers -Wconversion -Wno-sign-conversion -Wvla -Wdouble-promotion -Wno-system-headers -Dcurl_cv_func_recv_test   -o CMakeFiles/cmTC_b01f5.dir/src.c.o   -c /home/justin/MSCVProject/compiler/CMakeFiles/CMakeTmp/src.c
/home/justin/MSCVProject/compiler/CMakeFiles/CMakeTmp/src.c:6:31: error: expected ‘)’ before ‘char’
                   recv(SOCKET, char *, unsigned int, int);
                               ^~~~~
                               )
/home/justin/MSCVProject/compiler/CMakeFiles/CMakeTmp/src.c: In function ‘main’:
/home/justin/MSCVProject/compiler/CMakeFiles/CMakeTmp/src.c:8:21: error: unknown type name ‘SOCKET’
                     SOCKET s=0;
                     ^~~~~~
/home/justin/MSCVProject/compiler/CMakeFiles/CMakeTmp/src.c:12:31: warning: conversion from ‘ssize_t’ {aka ‘long int’} to ‘int’ may change value [-Wconversion]
                     int res = recv(s, buf, len, flags);
                               ^~~~
make[2]: *** [CMakeFiles/cmTC_b01f5.dir/build.make:66: CMakeFiles/cmTC_b01f5.dir/src.c.o] Error 1
make[2]: Leaving directory '/home/justin/MSCVProject/compiler/CMakeFiles/CMakeTmp'
make[1]: *** [Makefile:121: cmTC_b01f5/fast] Error 2
make[1]: Leaving directory '/home/justin/MSCVProject/compiler/CMakeFiles/CMakeTmp'

Source file was:

                  #undef inline
#include <sys/types.h>
#include <sys/socket.h>
                  extern int 
                  recv(SOCKET, char *, unsigned int, int);
                  int main(void) {
                    SOCKET s=0;
                    char * buf=0;
                    unsigned int len=0;
                    int flags=0;
                    int res = recv(s, buf, len, flags);
                    (void) res;
                    return 0;
                  }
Performing C SOURCE FILE Test curl_cv_func_recv_test failed with the following output:
Change Dir: /home/justin/MSCVProject/compiler/CMakeFiles/CMakeTmp

Run Build Command:"/usr/bin/make" "cmTC_99aef/fast"
make[1]: Entering directory '/home/justin/MSCVProject/compiler/CMakeFiles/CMakeTmp'
/usr/bin/make -f CMakeFiles/cmTC_99aef.dir/build.make CMakeFiles/cmTC_99aef.dir/build
make[2]: Entering directory '/home/justin/MSCVProject/compiler/CMakeFiles/CMakeTmp'
Building C object CMakeFiles/cmTC_99aef.dir/src.c.o
/usr/bin/cc  -I/home/justin/MSCVProject/compiler/cpr/opt/curl/include  -pedantic -Wall -W -Wpointer-arith -Wwrite-strings -Wunused -Wshadow -Winline -Wnested-externs -Wmissing-declarations -Wmissing-prototypes -Wno-long-long -Wfloat-equal -Wno-multichar -Wsign-compare -Wundef -Wno-format-nonliteral -Wendif-labels -Wstrict-prototypes -Wdeclaration-after-statement -Wstrict-aliasing=3 -Wcast-align -Wtype-limits -Wold-style-declaration -Wmissing-parameter-type -Wempty-body -Wclobbered -Wignored-qualifiers -Wconversion -Wno-sign-conversion -Wvla -Wdouble-promotion -Wno-system-headers -Dcurl_cv_func_recv_test   -o CMakeFiles/cmTC_99aef.dir/src.c.o   -c /home/justin/MSCVProject/compiler/CMakeFiles/CMakeTmp/src.c
/home/justin/MSCVProject/compiler/CMakeFiles/CMakeTmp/src.c:6:31: error: expected ‘)’ before ‘char’
                   recv(SOCKET, char *, unsigned int, unsigned int);
                               ^~~~~
                               )
/home/justin/MSCVProject/compiler/CMakeFiles/CMakeTmp/src.c: In function ‘main’:
/home/justin/MSCVProject/compiler/CMakeFiles/CMakeTmp/src.c:8:21: error: unknown type name ‘SOCKET’
                     SOCKET s=0;
                     ^~~~~~
/home/justin/MSCVProject/compiler/CMakeFiles/CMakeTmp/src.c:12:31: warning: conversion from ‘ssize_t’ {aka ‘long int’} to ‘int’ may change value [-Wconversion]
                     int res = recv(s, buf, len, flags);
                               ^~~~
make[2]: *** [CMakeFiles/cmTC_99aef.dir/build.make:66: CMakeFiles/cmTC_99aef.dir/src.c.o] Error 1
make[2]: Leaving directory '/home/justin/MSCVProject/compiler/CMakeFiles/CMakeTmp'
make[1]: *** [Makefile:121: cmTC_99aef/fast] Error 2
make[1]: Leaving directory '/home/justin/MSCVProject/compiler/CMakeFiles/CMakeTmp'

Source file was:

                  #undef inline
#include <sys/types.h>
#include <sys/socket.h>
                  extern int 
                  recv(SOCKET, char *, unsigned int, unsigned int);
                  int main(void) {
                    SOCKET s=0;
                    char * buf=0;
                    unsigned int len=0;
                    unsigned int flags=0;
                    int res = recv(s, buf, len, flags);
                    (void) res;
                    return 0;
                  }
Performing C SOURCE FILE Test curl_cv_func_recv_test failed with the following output:
Change Dir: /home/justin/MSCVProject/compiler/CMakeFiles/CMakeTmp

Run Build Command:"/usr/bin/make" "cmTC_65c36/fast"
make[1]: Entering directory '/home/justin/MSCVProject/compiler/CMakeFiles/CMakeTmp'
/usr/bin/make -f CMakeFiles/cmTC_65c36.dir/build.make CMakeFiles/cmTC_65c36.dir/build
make[2]: Entering directory '/home/justin/MSCVProject/compiler/CMakeFiles/CMakeTmp'
Building C object CMakeFiles/cmTC_65c36.dir/src.c.o
/usr/bin/cc  -I/home/justin/MSCVProject/compiler/cpr/opt/curl/include  -pedantic -Wall -W -Wpointer-arith -Wwrite-strings -Wunused -Wshadow -Winline -Wnested-externs -Wmissing-declarations -Wmissing-prototypes -Wno-long-long -Wfloat-equal -Wno-multichar -Wsign-compare -Wundef -Wno-format-nonliteral -Wendif-labels -Wstrict-prototypes -Wdeclaration-after-statement -Wstrict-aliasing=3 -Wcast-align -Wtype-limits -Wold-style-declaration -Wmissing-parameter-type -Wempty-body -Wclobbered -Wignored-qualifiers -Wconversion -Wno-sign-conversion -Wvla -Wdouble-promotion -Wno-system-headers -Dcurl_cv_func_recv_test   -o CMakeFiles/cmTC_65c36.dir/src.c.o   -c /home/justin/MSCVProject/compiler/CMakeFiles/CMakeTmp/src.c
/home/justin/MSCVProject/compiler/CMakeFiles/CMakeTmp/src.c:6:31: error: expected ‘)’ before ‘void’
                   recv(SOCKET, void *, int, int);
                               ^~~~~
                               )
/home/justin/MSCVProject/compiler/CMakeFiles/CMakeTmp/src.c: In function ‘main’:
/home/justin/MSCVProject/compiler/CMakeFiles/CMakeTmp/src.c:8:21: error: unknown type name ‘SOCKET’
                     SOCKET s=0;
                     ^~~~~~
/home/justin/MSCVProject/compiler/CMakeFiles/CMakeTmp/src.c:12:31: warning: conversion from ‘ssize_t’ {aka ‘long int’} to ‘int’ may change value [-Wconversion]
                     int res = recv(s, buf, len, flags);
                               ^~~~
make[2]: *** [CMakeFiles/cmTC_65c36.dir/build.make:66: CMakeFiles/cmTC_65c36.dir/src.c.o] Error 1
make[2]: Leaving directory '/home/justin/MSCVProject/compiler/CMakeFiles/CMakeTmp'
make[1]: *** [Makefile:121: cmTC_65c36/fast] Error 2
make[1]: Leaving directory '/home/justin/MSCVProject/compiler/CMakeFiles/CMakeTmp'

Source file was:

                  #undef inline
#include <sys/types.h>
#include <sys/socket.h>
                  extern int 
                  recv(SOCKET, void *, int, int);
                  int main(void) {
                    SOCKET s=0;
                    void * buf=0;
                    int len=0;
                    int flags=0;
                    int res = recv(s, buf, len, flags);
                    (void) res;
                    return 0;
                  }
Performing C SOURCE FILE Test curl_cv_func_recv_test failed with the following output:
Change Dir: /home/justin/MSCVProject/compiler/CMakeFiles/CMakeTmp

Run Build Command:"/usr/bin/make" "cmTC_cdb75/fast"
make[1]: Entering directory '/home/justin/MSCVProject/compiler/CMakeFiles/CMakeTmp'
/usr/bin/make -f CMakeFiles/cmTC_cdb75.dir/build.make CMakeFiles/cmTC_cdb75.dir/build
make[2]: Entering directory '/home/justin/MSCVProject/compiler/CMakeFiles/CMakeTmp'
Building C object CMakeFiles/cmTC_cdb75.dir/src.c.o
/usr/bin/cc  -I/home/justin/MSCVProject/compiler/cpr/opt/curl/include  -pedantic -Wall -W -Wpointer-arith -Wwrite-strings -Wunused -Wshadow -Winline -Wnested-externs -Wmissing-declarations -Wmissing-prototypes -Wno-long-long -Wfloat-equal -Wno-multichar -Wsign-compare -Wundef -Wno-format-nonliteral -Wendif-labels -Wstrict-prototypes -Wdeclaration-after-statement -Wstrict-aliasing=3 -Wcast-align -Wtype-limits -Wold-style-declaration -Wmissing-parameter-type -Wempty-body -Wclobbered -Wignored-qualifiers -Wconversion -Wno-sign-conversion -Wvla -Wdouble-promotion -Wno-system-headers -Dcurl_cv_func_recv_test   -o CMakeFiles/cmTC_cdb75.dir/src.c.o   -c /home/justin/MSCVProject/compiler/CMakeFiles/CMakeTmp/src.c
/home/justin/MSCVProject/compiler/CMakeFiles/CMakeTmp/src.c:6:31: error: expected ‘)’ before ‘void’
                   recv(SOCKET, void *, int, unsigned int);
                               ^~~~~
                               )
/home/justin/MSCVProject/compiler/CMakeFiles/CMakeTmp/src.c: In function ‘main’:
/home/justin/MSCVProject/compiler/CMakeFiles/CMakeTmp/src.c:8:21: error: unknown type name ‘SOCKET’
                     SOCKET s=0;
                     ^~~~~~
/home/justin/MSCVProject/compiler/CMakeFiles/CMakeTmp/src.c:12:31: warning: conversion from ‘ssize_t’ {aka ‘long int’} to ‘int’ may change value [-Wconversion]
                     int res = recv(s, buf, len, flags);
                               ^~~~
make[2]: *** [CMakeFiles/cmTC_cdb75.dir/build.make:66: CMakeFiles/cmTC_cdb75.dir/src.c.o] Error 1
make[2]: Leaving directory '/home/justin/MSCVProject/compiler/CMakeFiles/CMakeTmp'
make[1]: *** [Makefile:121: cmTC_cdb75/fast] Error 2
make[1]: Leaving directory '/home/justin/MSCVProject/compiler/CMakeFiles/CMakeTmp'

Source file was:

                  #undef inline
#include <sys/types.h>
#include <sys/socket.h>
                  extern int 
                  recv(SOCKET, void *, int, unsigned int);
                  int main(void) {
                    SOCKET s=0;
                    void * buf=0;
                    int len=0;
                    unsigned int flags=0;
                    int res = recv(s, buf, len, flags);
                    (void) res;
                    return 0;
                  }
Performing C SOURCE FILE Test curl_cv_func_recv_test failed with the following output:
Change Dir: /home/justin/MSCVProject/compiler/CMakeFiles/CMakeTmp

Run Build Command:"/usr/bin/make" "cmTC_3c1a8/fast"
make[1]: Entering directory '/home/justin/MSCVProject/compiler/CMakeFiles/CMakeTmp'
/usr/bin/make -f CMakeFiles/cmTC_3c1a8.dir/build.make CMakeFiles/cmTC_3c1a8.dir/build
make[2]: Entering directory '/home/justin/MSCVProject/compiler/CMakeFiles/CMakeTmp'
Building C object CMakeFiles/cmTC_3c1a8.dir/src.c.o
/usr/bin/cc  -I/home/justin/MSCVProject/compiler/cpr/opt/curl/include  -pedantic -Wall -W -Wpointer-arith -Wwrite-strings -Wunused -Wshadow -Winline -Wnested-externs -Wmissing-declarations -Wmissing-prototypes -Wno-long-long -Wfloat-equal -Wno-multichar -Wsign-compare -Wundef -Wno-format-nonliteral -Wendif-labels -Wstrict-prototypes -Wdeclaration-after-statement -Wstrict-aliasing=3 -Wcast-align -Wtype-limits -Wold-style-declaration -Wmissing-parameter-type -Wempty-body -Wclobbered -Wignored-qualifiers -Wconversion -Wno-sign-conversion -Wvla -Wdouble-promotion -Wno-system-headers -Dcurl_cv_func_recv_test   -o CMakeFiles/cmTC_3c1a8.dir/src.c.o   -c /home/justin/MSCVProject/compiler/CMakeFiles/CMakeTmp/src.c
/home/justin/MSCVProject/compiler/CMakeFiles/CMakeTmp/src.c:6:31: error: expected ‘)’ before ‘void’
                   recv(SOCKET, void *, size_t, int);
                               ^~~~~
                               )
/home/justin/MSCVProject/compiler/CMakeFiles/CMakeTmp/src.c: In function ‘main’:
/home/justin/MSCVProject/compiler/CMakeFiles/CMakeTmp/src.c:8:21: error: unknown type name ‘SOCKET’
                     SOCKET s=0;
                     ^~~~~~
/home/justin/MSCVProject/compiler/CMakeFiles/CMakeTmp/src.c:12:31: warning: conversion from ‘ssize_t’ {aka ‘long int’} to ‘int’ may change value [-Wconversion]
                     int res = recv(s, buf, len, flags);
                               ^~~~
make[2]: *** [CMakeFiles/cmTC_3c1a8.dir/build.make:66: CMakeFiles/cmTC_3c1a8.dir/src.c.o] Error 1
make[2]: Leaving directory '/home/justin/MSCVProject/compiler/CMakeFiles/CMakeTmp'
make[1]: *** [Makefile:121: cmTC_3c1a8/fast] Error 2
make[1]: Leaving directory '/home/justin/MSCVProject/compiler/CMakeFiles/CMakeTmp'

Source file was:

                  #undef inline
#include <sys/types.h>
#include <sys/socket.h>
                  extern int 
                  recv(SOCKET, void *, size_t, int);
                  int main(void) {
                    SOCKET s=0;
                    void * buf=0;
                    size_t len=0;
                    int flags=0;
                    int res = recv(s, buf, len, flags);
                    (void) res;
                    return 0;
                  }
Performing C SOURCE FILE Test curl_cv_func_recv_test failed with the following output:
Change Dir: /home/justin/MSCVProject/compiler/CMakeFiles/CMakeTmp

Run Build Command:"/usr/bin/make" "cmTC_28c61/fast"
make[1]: Entering directory '/home/justin/MSCVProject/compiler/CMakeFiles/CMakeTmp'
/usr/bin/make -f CMakeFiles/cmTC_28c61.dir/build.make CMakeFiles/cmTC_28c61.dir/build
make[2]: Entering directory '/home/justin/MSCVProject/compiler/CMakeFiles/CMakeTmp'
Building C object CMakeFiles/cmTC_28c61.dir/src.c.o
/usr/bin/cc  -I/home/justin/MSCVProject/compiler/cpr/opt/curl/include  -pedantic -Wall -W -Wpointer-arith -Wwrite-strings -Wunused -Wshadow -Winline -Wnested-externs -Wmissing-declarations -Wmissing-prototypes -Wno-long-long -Wfloat-equal -Wno-multichar -Wsign-compare -Wundef -Wno-format-nonliteral -Wendif-labels -Wstrict-prototypes -Wdeclaration-after-statement -Wstrict-aliasing=3 -Wcast-align -Wtype-limits -Wold-style-declaration -Wmissing-parameter-type -Wempty-body -Wclobbered -Wignored-qualifiers -Wconversion -Wno-sign-conversion -Wvla -Wdouble-promotion -Wno-system-headers -Dcurl_cv_func_recv_test   -o CMakeFiles/cmTC_28c61.dir/src.c.o   -c /home/justin/MSCVProject/compiler/CMakeFiles/CMakeTmp/src.c
/home/justin/MSCVProject/compiler/CMakeFiles/CMakeTmp/src.c:6:31: error: expected ‘)’ before ‘void’
                   recv(SOCKET, void *, size_t, unsigned int);
                               ^~~~~
                               )
/home/justin/MSCVProject/compiler/CMakeFiles/CMakeTmp/src.c: In function ‘main’:
/home/justin/MSCVProject/compiler/CMakeFiles/CMakeTmp/src.c:8:21: error: unknown type name ‘SOCKET’
                     SOCKET s=0;
                     ^~~~~~
/home/justin/MSCVProject/compiler/CMakeFiles/CMakeTmp/src.c:12:31: warning: conversion from ‘ssize_t’ {aka ‘long int’} to ‘int’ may change value [-Wconversion]
                     int res = recv(s, buf, len, flags);
                               ^~~~
make[2]: *** [CMakeFiles/cmTC_28c61.dir/build.make:66: CMakeFiles/cmTC_28c61.dir/src.c.o] Error 1
make[2]: Leaving directory '/home/justin/MSCVProject/compiler/CMakeFiles/CMakeTmp'
make[1]: *** [Makefile:121: cmTC_28c61/fast] Error 2
make[1]: Leaving directory '/home/justin/MSCVProject/compiler/CMakeFiles/CMakeTmp'

Source file was:

                  #undef inline
#include <sys/types.h>
#include <sys/socket.h>
                  extern int 
                  recv(SOCKET, void *, size_t, unsigned int);
                  int main(void) {
                    SOCKET s=0;
                    void * buf=0;
                    size_t len=0;
                    unsigned int flags=0;
                    int res = recv(s, buf, len, flags);
                    (void) res;
                    return 0;
                  }
Performing C SOURCE FILE Test curl_cv_func_recv_test failed with the following output:
Change Dir: /home/justin/MSCVProject/compiler/CMakeFiles/CMakeTmp

Run Build Command:"/usr/bin/make" "cmTC_ecd4a/fast"
make[1]: Entering directory '/home/justin/MSCVProject/compiler/CMakeFiles/CMakeTmp'
/usr/bin/make -f CMakeFiles/cmTC_ecd4a.dir/build.make CMakeFiles/cmTC_ecd4a.dir/build
make[2]: Entering directory '/home/justin/MSCVProject/compiler/CMakeFiles/CMakeTmp'
Building C object CMakeFiles/cmTC_ecd4a.dir/src.c.o
/usr/bin/cc  -I/home/justin/MSCVProject/compiler/cpr/opt/curl/include  -pedantic -Wall -W -Wpointer-arith -Wwrite-strings -Wunused -Wshadow -Winline -Wnested-externs -Wmissing-declarations -Wmissing-prototypes -Wno-long-long -Wfloat-equal -Wno-multichar -Wsign-compare -Wundef -Wno-format-nonliteral -Wendif-labels -Wstrict-prototypes -Wdeclaration-after-statement -Wstrict-aliasing=3 -Wcast-align -Wtype-limits -Wold-style-declaration -Wmissing-parameter-type -Wempty-body -Wclobbered -Wignored-qualifiers -Wconversion -Wno-sign-conversion -Wvla -Wdouble-promotion -Wno-system-headers -Dcurl_cv_func_recv_test   -o CMakeFiles/cmTC_ecd4a.dir/src.c.o   -c /home/justin/MSCVProject/compiler/CMakeFiles/CMakeTmp/src.c
/home/justin/MSCVProject/compiler/CMakeFiles/CMakeTmp/src.c:6:31: error: expected ‘)’ before ‘void’
                   recv(SOCKET, void *, socklen_t, int);
                               ^~~~~
                               )
/home/justin/MSCVProject/compiler/CMakeFiles/CMakeTmp/src.c: In function ‘main’:
/home/justin/MSCVProject/compiler/CMakeFiles/CMakeTmp/src.c:8:21: error: unknown type name ‘SOCKET’
                     SOCKET s=0;
                     ^~~~~~
/home/justin/MSCVProject/compiler/CMakeFiles/CMakeTmp/src.c:12:31: warning: conversion from ‘ssize_t’ {aka ‘long int’} to ‘int’ may change value [-Wconversion]
                     int res = recv(s, buf, len, flags);
                               ^~~~
make[2]: *** [CMakeFiles/cmTC_ecd4a.dir/build.make:66: CMakeFiles/cmTC_ecd4a.dir/src.c.o] Error 1
make[2]: Leaving directory '/home/justin/MSCVProject/compiler/CMakeFiles/CMakeTmp'
make[1]: *** [Makefile:121: cmTC_ecd4a/fast] Error 2
make[1]: Leaving directory '/home/justin/MSCVProject/compiler/CMakeFiles/CMakeTmp'

Source file was:

                  #undef inline
#include <sys/types.h>
#include <sys/socket.h>
                  extern int 
                  recv(SOCKET, void *, socklen_t, int);
                  int main(void) {
                    SOCKET s=0;
                    void * buf=0;
                    socklen_t len=0;
                    int flags=0;
                    int res = recv(s, buf, len, flags);
                    (void) res;
                    return 0;
                  }
Performing C SOURCE FILE Test curl_cv_func_recv_test failed with the following output:
Change Dir: /home/justin/MSCVProject/compiler/CMakeFiles/CMakeTmp

Run Build Command:"/usr/bin/make" "cmTC_4f9fb/fast"
make[1]: Entering directory '/home/justin/MSCVProject/compiler/CMakeFiles/CMakeTmp'
/usr/bin/make -f CMakeFiles/cmTC_4f9fb.dir/build.make CMakeFiles/cmTC_4f9fb.dir/build
make[2]: Entering directory '/home/justin/MSCVProject/compiler/CMakeFiles/CMakeTmp'
Building C object CMakeFiles/cmTC_4f9fb.dir/src.c.o
/usr/bin/cc  -I/home/justin/MSCVProject/compiler/cpr/opt/curl/include  -pedantic -Wall -W -Wpointer-arith -Wwrite-strings -Wunused -Wshadow -Winline -Wnested-externs -Wmissing-declarations -Wmissing-prototypes -Wno-long-long -Wfloat-equal -Wno-multichar -Wsign-compare -Wundef -Wno-format-nonliteral -Wendif-labels -Wstrict-prototypes -Wdeclaration-after-statement -Wstrict-aliasing=3 -Wcast-align -Wtype-limits -Wold-style-declaration -Wmissing-parameter-type -Wempty-body -Wclobbered -Wignored-qualifiers -Wconversion -Wno-sign-conversion -Wvla -Wdouble-promotion -Wno-system-headers -Dcurl_cv_func_recv_test   -o CMakeFiles/cmTC_4f9fb.dir/src.c.o   -c /home/justin/MSCVProject/compiler/CMakeFiles/CMakeTmp/src.c
/home/justin/MSCVProject/compiler/CMakeFiles/CMakeTmp/src.c:6:31: error: expected ‘)’ before ‘void’
                   recv(SOCKET, void *, socklen_t, unsigned int);
                               ^~~~~
                               )
/home/justin/MSCVProject/compiler/CMakeFiles/CMakeTmp/src.c: In function ‘main’:
/home/justin/MSCVProject/compiler/CMakeFiles/CMakeTmp/src.c:8:21: error: unknown type name ‘SOCKET’
                     SOCKET s=0;
                     ^~~~~~
/home/justin/MSCVProject/compiler/CMakeFiles/CMakeTmp/src.c:12:31: warning: conversion from ‘ssize_t’ {aka ‘long int’} to ‘int’ may change value [-Wconversion]
                     int res = recv(s, buf, len, flags);
                               ^~~~
make[2]: *** [CMakeFiles/cmTC_4f9fb.dir/build.make:66: CMakeFiles/cmTC_4f9fb.dir/src.c.o] Error 1
make[2]: Leaving directory '/home/justin/MSCVProject/compiler/CMakeFiles/CMakeTmp'
make[1]: *** [Makefile:121: cmTC_4f9fb/fast] Error 2
make[1]: Leaving directory '/home/justin/MSCVProject/compiler/CMakeFiles/CMakeTmp'

Source file was:

                  #undef inline
#include <sys/types.h>
#include <sys/socket.h>
                  extern int 
                  recv(SOCKET, void *, socklen_t, unsigned int);
                  int main(void) {
                    SOCKET s=0;
                    void * buf=0;
                    socklen_t len=0;
                    unsigned int flags=0;
                    int res = recv(s, buf, len, flags);
                    (void) res;
                    return 0;
                  }
Performing C SOURCE FILE Test curl_cv_func_recv_test failed with the following output:
Change Dir: /home/justin/MSCVProject/compiler/CMakeFiles/CMakeTmp

Run Build Command:"/usr/bin/make" "cmTC_a5fe3/fast"
make[1]: Entering directory '/home/justin/MSCVProject/compiler/CMakeFiles/CMakeTmp'
/usr/bin/make -f CMakeFiles/cmTC_a5fe3.dir/build.make CMakeFiles/cmTC_a5fe3.dir/build
make[2]: Entering directory '/home/justin/MSCVProject/compiler/CMakeFiles/CMakeTmp'
Building C object CMakeFiles/cmTC_a5fe3.dir/src.c.o
/usr/bin/cc  -I/home/justin/MSCVProject/compiler/cpr/opt/curl/include  -pedantic -Wall -W -Wpointer-arith -Wwrite-strings -Wunused -Wshadow -Winline -Wnested-externs -Wmissing-declarations -Wmissing-prototypes -Wno-long-long -Wfloat-equal -Wno-multichar -Wsign-compare -Wundef -Wno-format-nonliteral -Wendif-labels -Wstrict-prototypes -Wdeclaration-after-statement -Wstrict-aliasing=3 -Wcast-align -Wtype-limits -Wold-style-declaration -Wmissing-parameter-type -Wempty-body -Wclobbered -Wignored-qualifiers -Wconversion -Wno-sign-conversion -Wvla -Wdouble-promotion -Wno-system-headers -Dcurl_cv_func_recv_test   -o CMakeFiles/cmTC_a5fe3.dir/src.c.o   -c /home/justin/MSCVProject/compiler/CMakeFiles/CMakeTmp/src.c
/home/justin/MSCVProject/compiler/CMakeFiles/CMakeTmp/src.c:6:31: error: expected ‘)’ before ‘void’
                   recv(SOCKET, void *, unsigned int, int);
                               ^~~~~
                               )
/home/justin/MSCVProject/compiler/CMakeFiles/CMakeTmp/src.c: In function ‘main’:
/home/justin/MSCVProject/compiler/CMakeFiles/CMakeTmp/src.c:8:21: error: unknown type name ‘SOCKET’
                     SOCKET s=0;
                     ^~~~~~
/home/justin/MSCVProject/compiler/CMakeFiles/CMakeTmp/src.c:12:31: warning: conversion from ‘ssize_t’ {aka ‘long int’} to ‘int’ may change value [-Wconversion]
                     int res = recv(s, buf, len, flags);
                               ^~~~
make[2]: *** [CMakeFiles/cmTC_a5fe3.dir/build.make:66: CMakeFiles/cmTC_a5fe3.dir/src.c.o] Error 1
make[2]: Leaving directory '/home/justin/MSCVProject/compiler/CMakeFiles/CMakeTmp'
make[1]: *** [Makefile:121: cmTC_a5fe3/fast] Error 2
make[1]: Leaving directory '/home/justin/MSCVProject/compiler/CMakeFiles/CMakeTmp'

Source file was:

                  #undef inline
#include <sys/types.h>
#include <sys/socket.h>
                  extern int 
                  recv(SOCKET, void *, unsigned int, int);
                  int main(void) {
                    SOCKET s=0;
                    void * buf=0;
                    unsigned int len=0;
                    int flags=0;
                    int res = recv(s, buf, len, flags);
                    (void) res;
                    return 0;
                  }
Performing C SOURCE FILE Test curl_cv_func_recv_test failed with the following output:
Change Dir: /home/justin/MSCVProject/compiler/CMakeFiles/CMakeTmp

Run Build Command:"/usr/bin/make" "cmTC_b1ea3/fast"
make[1]: Entering directory '/home/justin/MSCVProject/compiler/CMakeFiles/CMakeTmp'
/usr/bin/make -f CMakeFiles/cmTC_b1ea3.dir/build.make CMakeFiles/cmTC_b1ea3.dir/build
make[2]: Entering directory '/home/justin/MSCVProject/compiler/CMakeFiles/CMakeTmp'
Building C object CMakeFiles/cmTC_b1ea3.dir/src.c.o
/usr/bin/cc  -I/home/justin/MSCVProject/compiler/cpr/opt/curl/include  -pedantic -Wall -W -Wpointer-arith -Wwrite-strings -Wunused -Wshadow -Winline -Wnested-externs -Wmissing-declarations -Wmissing-prototypes -Wno-long-long -Wfloat-equal -Wno-multichar -Wsign-compare -Wundef -Wno-format-nonliteral -Wendif-labels -Wstrict-prototypes -Wdeclaration-after-statement -Wstrict-aliasing=3 -Wcast-align -Wtype-limits -Wold-style-declaration -Wmissing-parameter-type -Wempty-body -Wclobbered -Wignored-qualifiers -Wconversion -Wno-sign-conversion -Wvla -Wdouble-promotion -Wno-system-headers -Dcurl_cv_func_recv_test   -o CMakeFiles/cmTC_b1ea3.dir/src.c.o   -c /home/justin/MSCVProject/compiler/CMakeFiles/CMakeTmp/src.c
/home/justin/MSCVProject/compiler/CMakeFiles/CMakeTmp/src.c:6:31: error: expected ‘)’ before ‘void’
                   recv(SOCKET, void *, unsigned int, unsigned int);
                               ^~~~~
                               )
/home/justin/MSCVProject/compiler/CMakeFiles/CMakeTmp/src.c: In function ‘main’:
/home/justin/MSCVProject/compiler/CMakeFiles/CMakeTmp/src.c:8:21: error: unknown type name ‘SOCKET’
                     SOCKET s=0;
                     ^~~~~~
/home/justin/MSCVProject/compiler/CMakeFiles/CMakeTmp/src.c:12:31: warning: conversion from ‘ssize_t’ {aka ‘long int’} to ‘int’ may change value [-Wconversion]
                     int res = recv(s, buf, len, flags);
                               ^~~~
make[2]: *** [CMakeFiles/cmTC_b1ea3.dir/build.make:66: CMakeFiles/cmTC_b1ea3.dir/src.c.o] Error 1
make[2]: Leaving directory '/home/justin/MSCVProject/compiler/CMakeFiles/CMakeTmp'
make[1]: *** [Makefile:121: cmTC_b1ea3/fast] Error 2
make[1]: Leaving directory '/home/justin/MSCVProject/compiler/CMakeFiles/CMakeTmp'

Source file was:

                  #undef inline
#include <sys/types.h>
#include <sys/socket.h>
                  extern int 
                  recv(SOCKET, void *, unsigned int, unsigned int);
                  int main(void) {
                    SOCKET s=0;
                    void * buf=0;
                    unsigned int len=0;
                    unsigned int flags=0;
                    int res = recv(s, buf, len, flags);
                    (void) res;
                    return 0;
                  }
Performing C SOURCE FILE Test curl_cv_func_recv_test failed with the following output:
Change Dir: /home/justin/MSCVProject/compiler/CMakeFiles/CMakeTmp

Run Build Command:"/usr/bin/make" "cmTC_3c20b/fast"
make[1]: Entering directory '/home/justin/MSCVProject/compiler/CMakeFiles/CMakeTmp'
/usr/bin/make -f CMakeFiles/cmTC_3c20b.dir/build.make CMakeFiles/cmTC_3c20b.dir/build
make[2]: Entering directory '/home/justin/MSCVProject/compiler/CMakeFiles/CMakeTmp'
Building C object CMakeFiles/cmTC_3c20b.dir/src.c.o
/usr/bin/cc  -I/home/justin/MSCVProject/compiler/cpr/opt/curl/include  -pedantic -Wall -W -Wpointer-arith -Wwrite-strings -Wunused -Wshadow -Winline -Wnested-externs -Wmissing-declarations -Wmissing-prototypes -Wno-long-long -Wfloat-equal -Wno-multichar -Wsign-compare -Wundef -Wno-format-nonliteral -Wendif-labels -Wstrict-prototypes -Wdeclaration-after-statement -Wstrict-aliasing=3 -Wcast-align -Wtype-limits -Wold-style-declaration -Wmissing-parameter-type -Wempty-body -Wclobbered -Wignored-qualifiers -Wconversion -Wno-sign-conversion -Wvla -Wdouble-promotion -Wno-system-headers -Dcurl_cv_func_recv_test   -o CMakeFiles/cmTC_3c20b.dir/src.c.o   -c /home/justin/MSCVProject/compiler/CMakeFiles/CMakeTmp/src.c
/home/justin/MSCVProject/compiler/CMakeFiles/CMakeTmp/src.c:6:19: error: conflicting types for ‘recv’
                   recv(int, char *, int, int);
                   ^~~~
In file included from /home/justin/MSCVProject/compiler/CMakeFiles/CMakeTmp/src.c:4:
/usr/include/x86_64-linux-gnu/sys/socket.h:145:16: note: previous declaration of ‘recv’ was here
 extern ssize_t recv (int __fd, void *__buf, size_t __n, int __flags);
                ^~~~
make[2]: *** [CMakeFiles/cmTC_3c20b.dir/build.make:66: CMakeFiles/cmTC_3c20b.dir/src.c.o] Error 1
make[2]: Leaving directory '/home/justin/MSCVProject/compiler/CMakeFiles/CMakeTmp'
make[1]: *** [Makefile:121: cmTC_3c20b/fast] Error 2
make[1]: Leaving directory '/home/justin/MSCVProject/compiler/CMakeFiles/CMakeTmp'

Source file was:

                  #undef inline
#include <sys/types.h>
#include <sys/socket.h>
                  extern int 
                  recv(int, char *, int, int);
                  int main(void) {
                    int s=0;
                    char * buf=0;
                    int len=0;
                    int flags=0;
                    int res = recv(s, buf, len, flags);
                    (void) res;
                    return 0;
                  }
Performing C SOURCE FILE Test curl_cv_func_recv_test failed with the following output:
Change Dir: /home/justin/MSCVProject/compiler/CMakeFiles/CMakeTmp

Run Build Command:"/usr/bin/make" "cmTC_7566e/fast"
make[1]: Entering directory '/home/justin/MSCVProject/compiler/CMakeFiles/CMakeTmp'
/usr/bin/make -f CMakeFiles/cmTC_7566e.dir/build.make CMakeFiles/cmTC_7566e.dir/build
make[2]: Entering directory '/home/justin/MSCVProject/compiler/CMakeFiles/CMakeTmp'
Building C object CMakeFiles/cmTC_7566e.dir/src.c.o
/usr/bin/cc  -I/home/justin/MSCVProject/compiler/cpr/opt/curl/include  -pedantic -Wall -W -Wpointer-arith -Wwrite-strings -Wunused -Wshadow -Winline -Wnested-externs -Wmissing-declarations -Wmissing-prototypes -Wno-long-long -Wfloat-equal -Wno-multichar -Wsign-compare -Wundef -Wno-format-nonliteral -Wendif-labels -Wstrict-prototypes -Wdeclaration-after-statement -Wstrict-aliasing=3 -Wcast-align -Wtype-limits -Wold-style-declaration -Wmissing-parameter-type -Wempty-body -Wclobbered -Wignored-qualifiers -Wconversion -Wno-sign-conversion -Wvla -Wdouble-promotion -Wno-system-headers -Dcurl_cv_func_recv_test   -o CMakeFiles/cmTC_7566e.dir/src.c.o   -c /home/justin/MSCVProject/compiler/CMakeFiles/CMakeTmp/src.c
/home/justin/MSCVProject/compiler/CMakeFiles/CMakeTmp/src.c:6:19: error: conflicting types for ‘recv’
                   recv(int, char *, int, unsigned int);
                   ^~~~
In file included from /home/justin/MSCVProject/compiler/CMakeFiles/CMakeTmp/src.c:4:
/usr/include/x86_64-linux-gnu/sys/socket.h:145:16: note: previous declaration of ‘recv’ was here
 extern ssize_t recv (int __fd, void *__buf, size_t __n, int __flags);
                ^~~~
make[2]: *** [CMakeFiles/cmTC_7566e.dir/build.make:66: CMakeFiles/cmTC_7566e.dir/src.c.o] Error 1
make[2]: Leaving directory '/home/justin/MSCVProject/compiler/CMakeFiles/CMakeTmp'
make[1]: *** [Makefile:121: cmTC_7566e/fast] Error 2
make[1]: Leaving directory '/home/justin/MSCVProject/compiler/CMakeFiles/CMakeTmp'

Source file was:

                  #undef inline
#include <sys/types.h>
#include <sys/socket.h>
                  extern int 
                  recv(int, char *, int, unsigned int);
                  int main(void) {
                    int s=0;
                    char * buf=0;
                    int len=0;
                    unsigned int flags=0;
                    int res = recv(s, buf, len, flags);
                    (void) res;
                    return 0;
                  }
Performing C SOURCE FILE Test curl_cv_func_recv_test failed with the following output:
Change Dir: /home/justin/MSCVProject/compiler/CMakeFiles/CMakeTmp

Run Build Command:"/usr/bin/make" "cmTC_ed00f/fast"
make[1]: Entering directory '/home/justin/MSCVProject/compiler/CMakeFiles/CMakeTmp'
/usr/bin/make -f CMakeFiles/cmTC_ed00f.dir/build.make CMakeFiles/cmTC_ed00f.dir/build
make[2]: Entering directory '/home/justin/MSCVProject/compiler/CMakeFiles/CMakeTmp'
Building C object CMakeFiles/cmTC_ed00f.dir/src.c.o
/usr/bin/cc  -I/home/justin/MSCVProject/compiler/cpr/opt/curl/include  -pedantic -Wall -W -Wpointer-arith -Wwrite-strings -Wunused -Wshadow -Winline -Wnested-externs -Wmissing-declarations -Wmissing-prototypes -Wno-long-long -Wfloat-equal -Wno-multichar -Wsign-compare -Wundef -Wno-format-nonliteral -Wendif-labels -Wstrict-prototypes -Wdeclaration-after-statement -Wstrict-aliasing=3 -Wcast-align -Wtype-limits -Wold-style-declaration -Wmissing-parameter-type -Wempty-body -Wclobbered -Wignored-qualifiers -Wconversion -Wno-sign-conversion -Wvla -Wdouble-promotion -Wno-system-headers -Dcurl_cv_func_recv_test   -o CMakeFiles/cmTC_ed00f.dir/src.c.o   -c /home/justin/MSCVProject/compiler/CMakeFiles/CMakeTmp/src.c
/home/justin/MSCVProject/compiler/CMakeFiles/CMakeTmp/src.c:6:19: error: conflicting types for ‘recv’
                   recv(int, char *, size_t, int);
                   ^~~~
In file included from /home/justin/MSCVProject/compiler/CMakeFiles/CMakeTmp/src.c:4:
/usr/include/x86_64-linux-gnu/sys/socket.h:145:16: note: previous declaration of ‘recv’ was here
 extern ssize_t recv (int __fd, void *__buf, size_t __n, int __flags);
                ^~~~
make[2]: *** [CMakeFiles/cmTC_ed00f.dir/build.make:66: CMakeFiles/cmTC_ed00f.dir/src.c.o] Error 1
make[2]: Leaving directory '/home/justin/MSCVProject/compiler/CMakeFiles/CMakeTmp'
make[1]: *** [Makefile:121: cmTC_ed00f/fast] Error 2
make[1]: Leaving directory '/home/justin/MSCVProject/compiler/CMakeFiles/CMakeTmp'

Source file was:

                  #undef inline
#include <sys/types.h>
#include <sys/socket.h>
                  extern int 
                  recv(int, char *, size_t, int);
                  int main(void) {
                    int s=0;
                    char * buf=0;
                    size_t len=0;
                    int flags=0;
                    int res = recv(s, buf, len, flags);
                    (void) res;
                    return 0;
                  }
Performing C SOURCE FILE Test curl_cv_func_recv_test failed with the following output:
Change Dir: /home/justin/MSCVProject/compiler/CMakeFiles/CMakeTmp

Run Build Command:"/usr/bin/make" "cmTC_65123/fast"
make[1]: Entering directory '/home/justin/MSCVProject/compiler/CMakeFiles/CMakeTmp'
/usr/bin/make -f CMakeFiles/cmTC_65123.dir/build.make CMakeFiles/cmTC_65123.dir/build
make[2]: Entering directory '/home/justin/MSCVProject/compiler/CMakeFiles/CMakeTmp'
Building C object CMakeFiles/cmTC_65123.dir/src.c.o
/usr/bin/cc  -I/home/justin/MSCVProject/compiler/cpr/opt/curl/include  -pedantic -Wall -W -Wpointer-arith -Wwrite-strings -Wunused -Wshadow -Winline -Wnested-externs -Wmissing-declarations -Wmissing-prototypes -Wno-long-long -Wfloat-equal -Wno-multichar -Wsign-compare -Wundef -Wno-format-nonliteral -Wendif-labels -Wstrict-prototypes -Wdeclaration-after-statement -Wstrict-aliasing=3 -Wcast-align -Wtype-limits -Wold-style-declaration -Wmissing-parameter-type -Wempty-body -Wclobbered -Wignored-qualifiers -Wconversion -Wno-sign-conversion -Wvla -Wdouble-promotion -Wno-system-headers -Dcurl_cv_func_recv_test   -o CMakeFiles/cmTC_65123.dir/src.c.o   -c /home/justin/MSCVProject/compiler/CMakeFiles/CMakeTmp/src.c
/home/justin/MSCVProject/compiler/CMakeFiles/CMakeTmp/src.c:6:19: error: conflicting types for ‘recv’
                   recv(int, char *, size_t, unsigned int);
                   ^~~~
In file included from /home/justin/MSCVProject/compiler/CMakeFiles/CMakeTmp/src.c:4:
/usr/include/x86_64-linux-gnu/sys/socket.h:145:16: note: previous declaration of ‘recv’ was here
 extern ssize_t recv (int __fd, void *__buf, size_t __n, int __flags);
                ^~~~
make[2]: *** [CMakeFiles/cmTC_65123.dir/build.make:66: CMakeFiles/cmTC_65123.dir/src.c.o] Error 1
make[2]: Leaving directory '/home/justin/MSCVProject/compiler/CMakeFiles/CMakeTmp'
make[1]: *** [Makefile:121: cmTC_65123/fast] Error 2
make[1]: Leaving directory '/home/justin/MSCVProject/compiler/CMakeFiles/CMakeTmp'

Source file was:

                  #undef inline
#include <sys/types.h>
#include <sys/socket.h>
                  extern int 
                  recv(int, char *, size_t, unsigned int);
                  int main(void) {
                    int s=0;
                    char * buf=0;
                    size_t len=0;
                    unsigned int flags=0;
                    int res = recv(s, buf, len, flags);
                    (void) res;
                    return 0;
                  }
Performing C SOURCE FILE Test curl_cv_func_recv_test failed with the following output:
Change Dir: /home/justin/MSCVProject/compiler/CMakeFiles/CMakeTmp

Run Build Command:"/usr/bin/make" "cmTC_c56f7/fast"
make[1]: Entering directory '/home/justin/MSCVProject/compiler/CMakeFiles/CMakeTmp'
/usr/bin/make -f CMakeFiles/cmTC_c56f7.dir/build.make CMakeFiles/cmTC_c56f7.dir/build
make[2]: Entering directory '/home/justin/MSCVProject/compiler/CMakeFiles/CMakeTmp'
Building C object CMakeFiles/cmTC_c56f7.dir/src.c.o
/usr/bin/cc  -I/home/justin/MSCVProject/compiler/cpr/opt/curl/include  -pedantic -Wall -W -Wpointer-arith -Wwrite-strings -Wunused -Wshadow -Winline -Wnested-externs -Wmissing-declarations -Wmissing-prototypes -Wno-long-long -Wfloat-equal -Wno-multichar -Wsign-compare -Wundef -Wno-format-nonliteral -Wendif-labels -Wstrict-prototypes -Wdeclaration-after-statement -Wstrict-aliasing=3 -Wcast-align -Wtype-limits -Wold-style-declaration -Wmissing-parameter-type -Wempty-body -Wclobbered -Wignored-qualifiers -Wconversion -Wno-sign-conversion -Wvla -Wdouble-promotion -Wno-system-headers -Dcurl_cv_func_recv_test   -o CMakeFiles/cmTC_c56f7.dir/src.c.o   -c /home/justin/MSCVProject/compiler/CMakeFiles/CMakeTmp/src.c
/home/justin/MSCVProject/compiler/CMakeFiles/CMakeTmp/src.c:6:19: error: conflicting types for ‘recv’
                   recv(int, char *, socklen_t, int);
                   ^~~~
In file included from /home/justin/MSCVProject/compiler/CMakeFiles/CMakeTmp/src.c:4:
/usr/include/x86_64-linux-gnu/sys/socket.h:145:16: note: previous declaration of ‘recv’ was here
 extern ssize_t recv (int __fd, void *__buf, size_t __n, int __flags);
                ^~~~
make[2]: *** [CMakeFiles/cmTC_c56f7.dir/build.make:66: CMakeFiles/cmTC_c56f7.dir/src.c.o] Error 1
make[2]: Leaving directory '/home/justin/MSCVProject/compiler/CMakeFiles/CMakeTmp'
make[1]: *** [Makefile:121: cmTC_c56f7/fast] Error 2
make[1]: Leaving directory '/home/justin/MSCVProject/compiler/CMakeFiles/CMakeTmp'

Source file was:

                  #undef inline
#include <sys/types.h>
#include <sys/socket.h>
                  extern int 
                  recv(int, char *, socklen_t, int);
                  int main(void) {
                    int s=0;
                    char * buf=0;
                    socklen_t len=0;
                    int flags=0;
                    int res = recv(s, buf, len, flags);
                    (void) res;
                    return 0;
                  }
Performing C SOURCE FILE Test curl_cv_func_recv_test failed with the following output:
Change Dir: /home/justin/MSCVProject/compiler/CMakeFiles/CMakeTmp

Run Build Command:"/usr/bin/make" "cmTC_45d88/fast"
make[1]: Entering directory '/home/justin/MSCVProject/compiler/CMakeFiles/CMakeTmp'
/usr/bin/make -f CMakeFiles/cmTC_45d88.dir/build.make CMakeFiles/cmTC_45d88.dir/build
make[2]: Entering directory '/home/justin/MSCVProject/compiler/CMakeFiles/CMakeTmp'
Building C object CMakeFiles/cmTC_45d88.dir/src.c.o
/usr/bin/cc  -I/home/justin/MSCVProject/compiler/cpr/opt/curl/include  -pedantic -Wall -W -Wpointer-arith -Wwrite-strings -Wunused -Wshadow -Winline -Wnested-externs -Wmissing-declarations -Wmissing-prototypes -Wno-long-long -Wfloat-equal -Wno-multichar -Wsign-compare -Wundef -Wno-format-nonliteral -Wendif-labels -Wstrict-prototypes -Wdeclaration-after-statement -Wstrict-aliasing=3 -Wcast-align -Wtype-limits -Wold-style-declaration -Wmissing-parameter-type -Wempty-body -Wclobbered -Wignored-qualifiers -Wconversion -Wno-sign-conversion -Wvla -Wdouble-promotion -Wno-system-headers -Dcurl_cv_func_recv_test   -o CMakeFiles/cmTC_45d88.dir/src.c.o   -c /home/justin/MSCVProject/compiler/CMakeFiles/CMakeTmp/src.c
/home/justin/MSCVProject/compiler/CMakeFiles/CMakeTmp/src.c:6:19: error: conflicting types for ‘recv’
                   recv(int, char *, socklen_t, unsigned int);
                   ^~~~
In file included from /home/justin/MSCVProject/compiler/CMakeFiles/CMakeTmp/src.c:4:
/usr/include/x86_64-linux-gnu/sys/socket.h:145:16: note: previous declaration of ‘recv’ was here
 extern ssize_t recv (int __fd, void *__buf, size_t __n, int __flags);
                ^~~~
make[2]: *** [CMakeFiles/cmTC_45d88.dir/build.make:66: CMakeFiles/cmTC_45d88.dir/src.c.o] Error 1
make[2]: Leaving directory '/home/justin/MSCVProject/compiler/CMakeFiles/CMakeTmp'
make[1]: *** [Makefile:121: cmTC_45d88/fast] Error 2
make[1]: Leaving directory '/home/justin/MSCVProject/compiler/CMakeFiles/CMakeTmp'

Source file was:

                  #undef inline
#include <sys/types.h>
#include <sys/socket.h>
                  extern int 
                  recv(int, char *, socklen_t, unsigned int);
                  int main(void) {
                    int s=0;
                    char * buf=0;
                    socklen_t len=0;
                    unsigned int flags=0;
                    int res = recv(s, buf, len, flags);
                    (void) res;
                    return 0;
                  }
Performing C SOURCE FILE Test curl_cv_func_recv_test failed with the following output:
Change Dir: /home/justin/MSCVProject/compiler/CMakeFiles/CMakeTmp

Run Build Command:"/usr/bin/make" "cmTC_8d352/fast"
make[1]: Entering directory '/home/justin/MSCVProject/compiler/CMakeFiles/CMakeTmp'
/usr/bin/make -f CMakeFiles/cmTC_8d352.dir/build.make CMakeFiles/cmTC_8d352.dir/build
make[2]: Entering directory '/home/justin/MSCVProject/compiler/CMakeFiles/CMakeTmp'
Building C object CMakeFiles/cmTC_8d352.dir/src.c.o
/usr/bin/cc  -I/home/justin/MSCVProject/compiler/cpr/opt/curl/include  -pedantic -Wall -W -Wpointer-arith -Wwrite-strings -Wunused -Wshadow -Winline -Wnested-externs -Wmissing-declarations -Wmissing-prototypes -Wno-long-long -Wfloat-equal -Wno-multichar -Wsign-compare -Wundef -Wno-format-nonliteral -Wendif-labels -Wstrict-prototypes -Wdeclaration-after-statement -Wstrict-aliasing=3 -Wcast-align -Wtype-limits -Wold-style-declaration -Wmissing-parameter-type -Wempty-body -Wclobbered -Wignored-qualifiers -Wconversion -Wno-sign-conversion -Wvla -Wdouble-promotion -Wno-system-headers -Dcurl_cv_func_recv_test   -o CMakeFiles/cmTC_8d352.dir/src.c.o   -c /home/justin/MSCVProject/compiler/CMakeFiles/CMakeTmp/src.c
/home/justin/MSCVProject/compiler/CMakeFiles/CMakeTmp/src.c:6:19: error: conflicting types for ‘recv’
                   recv(int, char *, unsigned int, int);
                   ^~~~
In file included from /home/justin/MSCVProject/compiler/CMakeFiles/CMakeTmp/src.c:4:
/usr/include/x86_64-linux-gnu/sys/socket.h:145:16: note: previous declaration of ‘recv’ was here
 extern ssize_t recv (int __fd, void *__buf, size_t __n, int __flags);
                ^~~~
make[2]: *** [CMakeFiles/cmTC_8d352.dir/build.make:66: CMakeFiles/cmTC_8d352.dir/src.c.o] Error 1
make[2]: Leaving directory '/home/justin/MSCVProject/compiler/CMakeFiles/CMakeTmp'
make[1]: *** [Makefile:121: cmTC_8d352/fast] Error 2
make[1]: Leaving directory '/home/justin/MSCVProject/compiler/CMakeFiles/CMakeTmp'

Source file was:

                  #undef inline
#include <sys/types.h>
#include <sys/socket.h>
                  extern int 
                  recv(int, char *, unsigned int, int);
                  int main(void) {
                    int s=0;
                    char * buf=0;
                    unsigned int len=0;
                    int flags=0;
                    int res = recv(s, buf, len, flags);
                    (void) res;
                    return 0;
                  }
Performing C SOURCE FILE Test curl_cv_func_recv_test failed with the following output:
Change Dir: /home/justin/MSCVProject/compiler/CMakeFiles/CMakeTmp

Run Build Command:"/usr/bin/make" "cmTC_c800c/fast"
make[1]: Entering directory '/home/justin/MSCVProject/compiler/CMakeFiles/CMakeTmp'
/usr/bin/make -f CMakeFiles/cmTC_c800c.dir/build.make CMakeFiles/cmTC_c800c.dir/build
make[2]: Entering directory '/home/justin/MSCVProject/compiler/CMakeFiles/CMakeTmp'
Building C object CMakeFiles/cmTC_c800c.dir/src.c.o
/usr/bin/cc  -I/home/justin/MSCVProject/compiler/cpr/opt/curl/include  -pedantic -Wall -W -Wpointer-arith -Wwrite-strings -Wunused -Wshadow -Winline -Wnested-externs -Wmissing-declarations -Wmissing-prototypes -Wno-long-long -Wfloat-equal -Wno-multichar -Wsign-compare -Wundef -Wno-format-nonliteral -Wendif-labels -Wstrict-prototypes -Wdeclaration-after-statement -Wstrict-aliasing=3 -Wcast-align -Wtype-limits -Wold-style-declaration -Wmissing-parameter-type -Wempty-body -Wclobbered -Wignored-qualifiers -Wconversion -Wno-sign-conversion -Wvla -Wdouble-promotion -Wno-system-headers -Dcurl_cv_func_recv_test   -o CMakeFiles/cmTC_c800c.dir/src.c.o   -c /home/justin/MSCVProject/compiler/CMakeFiles/CMakeTmp/src.c
/home/justin/MSCVProject/compiler/CMakeFiles/CMakeTmp/src.c:6:19: error: conflicting types for ‘recv’
                   recv(int, char *, unsigned int, unsigned int);
                   ^~~~
In file included from /home/justin/MSCVProject/compiler/CMakeFiles/CMakeTmp/src.c:4:
/usr/include/x86_64-linux-gnu/sys/socket.h:145:16: note: previous declaration of ‘recv’ was here
 extern ssize_t recv (int __fd, void *__buf, size_t __n, int __flags);
                ^~~~
make[2]: *** [CMakeFiles/cmTC_c800c.dir/build.make:66: CMakeFiles/cmTC_c800c.dir/src.c.o] Error 1
make[2]: Leaving directory '/home/justin/MSCVProject/compiler/CMakeFiles/CMakeTmp'
make[1]: *** [Makefile:121: cmTC_c800c/fast] Error 2
make[1]: Leaving directory '/home/justin/MSCVProject/compiler/CMakeFiles/CMakeTmp'

Source file was:

                  #undef inline
#include <sys/types.h>
#include <sys/socket.h>
                  extern int 
                  recv(int, char *, unsigned int, unsigned int);
                  int main(void) {
                    int s=0;
                    char * buf=0;
                    unsigned int len=0;
                    unsigned int flags=0;
                    int res = recv(s, buf, len, flags);
                    (void) res;
                    return 0;
                  }
Performing C SOURCE FILE Test curl_cv_func_recv_test failed with the following output:
Change Dir: /home/justin/MSCVProject/compiler/CMakeFiles/CMakeTmp

Run Build Command:"/usr/bin/make" "cmTC_18272/fast"
make[1]: Entering directory '/home/justin/MSCVProject/compiler/CMakeFiles/CMakeTmp'
/usr/bin/make -f CMakeFiles/cmTC_18272.dir/build.make CMakeFiles/cmTC_18272.dir/build
make[2]: Entering directory '/home/justin/MSCVProject/compiler/CMakeFiles/CMakeTmp'
Building C object CMakeFiles/cmTC_18272.dir/src.c.o
/usr/bin/cc  -I/home/justin/MSCVProject/compiler/cpr/opt/curl/include  -pedantic -Wall -W -Wpointer-arith -Wwrite-strings -Wunused -Wshadow -Winline -Wnested-externs -Wmissing-declarations -Wmissing-prototypes -Wno-long-long -Wfloat-equal -Wno-multichar -Wsign-compare -Wundef -Wno-format-nonliteral -Wendif-labels -Wstrict-prototypes -Wdeclaration-after-statement -Wstrict-aliasing=3 -Wcast-align -Wtype-limits -Wold-style-declaration -Wmissing-parameter-type -Wempty-body -Wclobbered -Wignored-qualifiers -Wconversion -Wno-sign-conversion -Wvla -Wdouble-promotion -Wno-system-headers -Dcurl_cv_func_recv_test   -o CMakeFiles/cmTC_18272.dir/src.c.o   -c /home/justin/MSCVProject/compiler/CMakeFiles/CMakeTmp/src.c
/home/justin/MSCVProject/compiler/CMakeFiles/CMakeTmp/src.c:6:19: error: conflicting types for ‘recv’
                   recv(int, void *, int, int);
                   ^~~~
In file included from /home/justin/MSCVProject/compiler/CMakeFiles/CMakeTmp/src.c:4:
/usr/include/x86_64-linux-gnu/sys/socket.h:145:16: note: previous declaration of ‘recv’ was here
 extern ssize_t recv (int __fd, void *__buf, size_t __n, int __flags);
                ^~~~
make[2]: *** [CMakeFiles/cmTC_18272.dir/build.make:66: CMakeFiles/cmTC_18272.dir/src.c.o] Error 1
make[2]: Leaving directory '/home/justin/MSCVProject/compiler/CMakeFiles/CMakeTmp'
make[1]: *** [Makefile:121: cmTC_18272/fast] Error 2
make[1]: Leaving directory '/home/justin/MSCVProject/compiler/CMakeFiles/CMakeTmp'

Source file was:

                  #undef inline
#include <sys/types.h>
#include <sys/socket.h>
                  extern int 
                  recv(int, void *, int, int);
                  int main(void) {
                    int s=0;
                    void * buf=0;
                    int len=0;
                    int flags=0;
                    int res = recv(s, buf, len, flags);
                    (void) res;
                    return 0;
                  }
Performing C SOURCE FILE Test curl_cv_func_recv_test failed with the following output:
Change Dir: /home/justin/MSCVProject/compiler/CMakeFiles/CMakeTmp

Run Build Command:"/usr/bin/make" "cmTC_01ace/fast"
make[1]: Entering directory '/home/justin/MSCVProject/compiler/CMakeFiles/CMakeTmp'
/usr/bin/make -f CMakeFiles/cmTC_01ace.dir/build.make CMakeFiles/cmTC_01ace.dir/build
make[2]: Entering directory '/home/justin/MSCVProject/compiler/CMakeFiles/CMakeTmp'
Building C object CMakeFiles/cmTC_01ace.dir/src.c.o
/usr/bin/cc  -I/home/justin/MSCVProject/compiler/cpr/opt/curl/include  -pedantic -Wall -W -Wpointer-arith -Wwrite-strings -Wunused -Wshadow -Winline -Wnested-externs -Wmissing-declarations -Wmissing-prototypes -Wno-long-long -Wfloat-equal -Wno-multichar -Wsign-compare -Wundef -Wno-format-nonliteral -Wendif-labels -Wstrict-prototypes -Wdeclaration-after-statement -Wstrict-aliasing=3 -Wcast-align -Wtype-limits -Wold-style-declaration -Wmissing-parameter-type -Wempty-body -Wclobbered -Wignored-qualifiers -Wconversion -Wno-sign-conversion -Wvla -Wdouble-promotion -Wno-system-headers -Dcurl_cv_func_recv_test   -o CMakeFiles/cmTC_01ace.dir/src.c.o   -c /home/justin/MSCVProject/compiler/CMakeFiles/CMakeTmp/src.c
/home/justin/MSCVProject/compiler/CMakeFiles/CMakeTmp/src.c:6:19: error: conflicting types for ‘recv’
                   recv(int, void *, int, unsigned int);
                   ^~~~
In file included from /home/justin/MSCVProject/compiler/CMakeFiles/CMakeTmp/src.c:4:
/usr/include/x86_64-linux-gnu/sys/socket.h:145:16: note: previous declaration of ‘recv’ was here
 extern ssize_t recv (int __fd, void *__buf, size_t __n, int __flags);
                ^~~~
make[2]: *** [CMakeFiles/cmTC_01ace.dir/build.make:66: CMakeFiles/cmTC_01ace.dir/src.c.o] Error 1
make[2]: Leaving directory '/home/justin/MSCVProject/compiler/CMakeFiles/CMakeTmp'
make[1]: *** [Makefile:121: cmTC_01ace/fast] Error 2
make[1]: Leaving directory '/home/justin/MSCVProject/compiler/CMakeFiles/CMakeTmp'

Source file was:

                  #undef inline
#include <sys/types.h>
#include <sys/socket.h>
                  extern int 
                  recv(int, void *, int, unsigned int);
                  int main(void) {
                    int s=0;
                    void * buf=0;
                    int len=0;
                    unsigned int flags=0;
                    int res = recv(s, buf, len, flags);
                    (void) res;
                    return 0;
                  }
Performing C SOURCE FILE Test curl_cv_func_recv_test failed with the following output:
Change Dir: /home/justin/MSCVProject/compiler/CMakeFiles/CMakeTmp

Run Build Command:"/usr/bin/make" "cmTC_0213b/fast"
make[1]: Entering directory '/home/justin/MSCVProject/compiler/CMakeFiles/CMakeTmp'
/usr/bin/make -f CMakeFiles/cmTC_0213b.dir/build.make CMakeFiles/cmTC_0213b.dir/build
make[2]: Entering directory '/home/justin/MSCVProject/compiler/CMakeFiles/CMakeTmp'
Building C object CMakeFiles/cmTC_0213b.dir/src.c.o
/usr/bin/cc  -I/home/justin/MSCVProject/compiler/cpr/opt/curl/include  -pedantic -Wall -W -Wpointer-arith -Wwrite-strings -Wunused -Wshadow -Winline -Wnested-externs -Wmissing-declarations -Wmissing-prototypes -Wno-long-long -Wfloat-equal -Wno-multichar -Wsign-compare -Wundef -Wno-format-nonliteral -Wendif-labels -Wstrict-prototypes -Wdeclaration-after-statement -Wstrict-aliasing=3 -Wcast-align -Wtype-limits -Wold-style-declaration -Wmissing-parameter-type -Wempty-body -Wclobbered -Wignored-qualifiers -Wconversion -Wno-sign-conversion -Wvla -Wdouble-promotion -Wno-system-headers -Dcurl_cv_func_recv_test   -o CMakeFiles/cmTC_0213b.dir/src.c.o   -c /home/justin/MSCVProject/compiler/CMakeFiles/CMakeTmp/src.c
/home/justin/MSCVProject/compiler/CMakeFiles/CMakeTmp/src.c:6:19: error: conflicting types for ‘recv’
                   recv(int, void *, size_t, int);
                   ^~~~
In file included from /home/justin/MSCVProject/compiler/CMakeFiles/CMakeTmp/src.c:4:
/usr/include/x86_64-linux-gnu/sys/socket.h:145:16: note: previous declaration of ‘recv’ was here
 extern ssize_t recv (int __fd, void *__buf, size_t __n, int __flags);
                ^~~~
make[2]: *** [CMakeFiles/cmTC_0213b.dir/build.make:66: CMakeFiles/cmTC_0213b.dir/src.c.o] Error 1
make[2]: Leaving directory '/home/justin/MSCVProject/compiler/CMakeFiles/CMakeTmp'
make[1]: *** [Makefile:121: cmTC_0213b/fast] Error 2
make[1]: Leaving directory '/home/justin/MSCVProject/compiler/CMakeFiles/CMakeTmp'

Source file was:

                  #undef inline
#include <sys/types.h>
#include <sys/socket.h>
                  extern int 
                  recv(int, void *, size_t, int);
                  int main(void) {
                    int s=0;
                    void * buf=0;
                    size_t len=0;
                    int flags=0;
                    int res = recv(s, buf, len, flags);
                    (void) res;
                    return 0;
                  }
Performing C SOURCE FILE Test curl_cv_func_recv_test failed with the following output:
Change Dir: /home/justin/MSCVProject/compiler/CMakeFiles/CMakeTmp

Run Build Command:"/usr/bin/make" "cmTC_398a5/fast"
make[1]: Entering directory '/home/justin/MSCVProject/compiler/CMakeFiles/CMakeTmp'
/usr/bin/make -f CMakeFiles/cmTC_398a5.dir/build.make CMakeFiles/cmTC_398a5.dir/build
make[2]: Entering directory '/home/justin/MSCVProject/compiler/CMakeFiles/CMakeTmp'
Building C object CMakeFiles/cmTC_398a5.dir/src.c.o
/usr/bin/cc  -I/home/justin/MSCVProject/compiler/cpr/opt/curl/include  -pedantic -Wall -W -Wpointer-arith -Wwrite-strings -Wunused -Wshadow -Winline -Wnested-externs -Wmissing-declarations -Wmissing-prototypes -Wno-long-long -Wfloat-equal -Wno-multichar -Wsign-compare -Wundef -Wno-format-nonliteral -Wendif-labels -Wstrict-prototypes -Wdeclaration-after-statement -Wstrict-aliasing=3 -Wcast-align -Wtype-limits -Wold-style-declaration -Wmissing-parameter-type -Wempty-body -Wclobbered -Wignored-qualifiers -Wconversion -Wno-sign-conversion -Wvla -Wdouble-promotion -Wno-system-headers -Dcurl_cv_func_recv_test   -o CMakeFiles/cmTC_398a5.dir/src.c.o   -c /home/justin/MSCVProject/compiler/CMakeFiles/CMakeTmp/src.c
/home/justin/MSCVProject/compiler/CMakeFiles/CMakeTmp/src.c:6:19: error: conflicting types for ‘recv’
                   recv(int, void *, size_t, unsigned int);
                   ^~~~
In file included from /home/justin/MSCVProject/compiler/CMakeFiles/CMakeTmp/src.c:4:
/usr/include/x86_64-linux-gnu/sys/socket.h:145:16: note: previous declaration of ‘recv’ was here
 extern ssize_t recv (int __fd, void *__buf, size_t __n, int __flags);
                ^~~~
make[2]: *** [CMakeFiles/cmTC_398a5.dir/build.make:66: CMakeFiles/cmTC_398a5.dir/src.c.o] Error 1
make[2]: Leaving directory '/home/justin/MSCVProject/compiler/CMakeFiles/CMakeTmp'
make[1]: *** [Makefile:121: cmTC_398a5/fast] Error 2
make[1]: Leaving directory '/home/justin/MSCVProject/compiler/CMakeFiles/CMakeTmp'

Source file was:

                  #undef inline
#include <sys/types.h>
#include <sys/socket.h>
                  extern int 
                  recv(int, void *, size_t, unsigned int);
                  int main(void) {
                    int s=0;
                    void * buf=0;
                    size_t len=0;
                    unsigned int flags=0;
                    int res = recv(s, buf, len, flags);
                    (void) res;
                    return 0;
                  }
Performing C SOURCE FILE Test curl_cv_func_recv_test failed with the following output:
Change Dir: /home/justin/MSCVProject/compiler/CMakeFiles/CMakeTmp

Run Build Command:"/usr/bin/make" "cmTC_4104d/fast"
make[1]: Entering directory '/home/justin/MSCVProject/compiler/CMakeFiles/CMakeTmp'
/usr/bin/make -f CMakeFiles/cmTC_4104d.dir/build.make CMakeFiles/cmTC_4104d.dir/build
make[2]: Entering directory '/home/justin/MSCVProject/compiler/CMakeFiles/CMakeTmp'
Building C object CMakeFiles/cmTC_4104d.dir/src.c.o
/usr/bin/cc  -I/home/justin/MSCVProject/compiler/cpr/opt/curl/include  -pedantic -Wall -W -Wpointer-arith -Wwrite-strings -Wunused -Wshadow -Winline -Wnested-externs -Wmissing-declarations -Wmissing-prototypes -Wno-long-long -Wfloat-equal -Wno-multichar -Wsign-compare -Wundef -Wno-format-nonliteral -Wendif-labels -Wstrict-prototypes -Wdeclaration-after-statement -Wstrict-aliasing=3 -Wcast-align -Wtype-limits -Wold-style-declaration -Wmissing-parameter-type -Wempty-body -Wclobbered -Wignored-qualifiers -Wconversion -Wno-sign-conversion -Wvla -Wdouble-promotion -Wno-system-headers -Dcurl_cv_func_recv_test   -o CMakeFiles/cmTC_4104d.dir/src.c.o   -c /home/justin/MSCVProject/compiler/CMakeFiles/CMakeTmp/src.c
/home/justin/MSCVProject/compiler/CMakeFiles/CMakeTmp/src.c:6:19: error: conflicting types for ‘recv’
                   recv(int, void *, socklen_t, int);
                   ^~~~
In file included from /home/justin/MSCVProject/compiler/CMakeFiles/CMakeTmp/src.c:4:
/usr/include/x86_64-linux-gnu/sys/socket.h:145:16: note: previous declaration of ‘recv’ was here
 extern ssize_t recv (int __fd, void *__buf, size_t __n, int __flags);
                ^~~~
make[2]: *** [CMakeFiles/cmTC_4104d.dir/build.make:66: CMakeFiles/cmTC_4104d.dir/src.c.o] Error 1
make[2]: Leaving directory '/home/justin/MSCVProject/compiler/CMakeFiles/CMakeTmp'
make[1]: *** [Makefile:121: cmTC_4104d/fast] Error 2
make[1]: Leaving directory '/home/justin/MSCVProject/compiler/CMakeFiles/CMakeTmp'

Source file was:

                  #undef inline
#include <sys/types.h>
#include <sys/socket.h>
                  extern int 
                  recv(int, void *, socklen_t, int);
                  int main(void) {
                    int s=0;
                    void * buf=0;
                    socklen_t len=0;
                    int flags=0;
                    int res = recv(s, buf, len, flags);
                    (void) res;
                    return 0;
                  }
Performing C SOURCE FILE Test curl_cv_func_recv_test failed with the following output:
Change Dir: /home/justin/MSCVProject/compiler/CMakeFiles/CMakeTmp

Run Build Command:"/usr/bin/make" "cmTC_ab626/fast"
make[1]: Entering directory '/home/justin/MSCVProject/compiler/CMakeFiles/CMakeTmp'
/usr/bin/make -f CMakeFiles/cmTC_ab626.dir/build.make CMakeFiles/cmTC_ab626.dir/build
make[2]: Entering directory '/home/justin/MSCVProject/compiler/CMakeFiles/CMakeTmp'
Building C object CMakeFiles/cmTC_ab626.dir/src.c.o
/usr/bin/cc  -I/home/justin/MSCVProject/compiler/cpr/opt/curl/include  -pedantic -Wall -W -Wpointer-arith -Wwrite-strings -Wunused -Wshadow -Winline -Wnested-externs -Wmissing-declarations -Wmissing-prototypes -Wno-long-long -Wfloat-equal -Wno-multichar -Wsign-compare -Wundef -Wno-format-nonliteral -Wendif-labels -Wstrict-prototypes -Wdeclaration-after-statement -Wstrict-aliasing=3 -Wcast-align -Wtype-limits -Wold-style-declaration -Wmissing-parameter-type -Wempty-body -Wclobbered -Wignored-qualifiers -Wconversion -Wno-sign-conversion -Wvla -Wdouble-promotion -Wno-system-headers -Dcurl_cv_func_recv_test   -o CMakeFiles/cmTC_ab626.dir/src.c.o   -c /home/justin/MSCVProject/compiler/CMakeFiles/CMakeTmp/src.c
/home/justin/MSCVProject/compiler/CMakeFiles/CMakeTmp/src.c:6:19: error: conflicting types for ‘recv’
                   recv(int, void *, socklen_t, unsigned int);
                   ^~~~
In file included from /home/justin/MSCVProject/compiler/CMakeFiles/CMakeTmp/src.c:4:
/usr/include/x86_64-linux-gnu/sys/socket.h:145:16: note: previous declaration of ‘recv’ was here
 extern ssize_t recv (int __fd, void *__buf, size_t __n, int __flags);
                ^~~~
make[2]: *** [CMakeFiles/cmTC_ab626.dir/build.make:66: CMakeFiles/cmTC_ab626.dir/src.c.o] Error 1
make[2]: Leaving directory '/home/justin/MSCVProject/compiler/CMakeFiles/CMakeTmp'
make[1]: *** [Makefile:121: cmTC_ab626/fast] Error 2
make[1]: Leaving directory '/home/justin/MSCVProject/compiler/CMakeFiles/CMakeTmp'

Source file was:

                  #undef inline
#include <sys/types.h>
#include <sys/socket.h>
                  extern int 
                  recv(int, void *, socklen_t, unsigned int);
                  int main(void) {
                    int s=0;
                    void * buf=0;
                    socklen_t len=0;
                    unsigned int flags=0;
                    int res = recv(s, buf, len, flags);
                    (void) res;
                    return 0;
                  }
Performing C SOURCE FILE Test curl_cv_func_recv_test failed with the following output:
Change Dir: /home/justin/MSCVProject/compiler/CMakeFiles/CMakeTmp

Run Build Command:"/usr/bin/make" "cmTC_250d5/fast"
make[1]: Entering directory '/home/justin/MSCVProject/compiler/CMakeFiles/CMakeTmp'
/usr/bin/make -f CMakeFiles/cmTC_250d5.dir/build.make CMakeFiles/cmTC_250d5.dir/build
make[2]: Entering directory '/home/justin/MSCVProject/compiler/CMakeFiles/CMakeTmp'
Building C object CMakeFiles/cmTC_250d5.dir/src.c.o
/usr/bin/cc  -I/home/justin/MSCVProject/compiler/cpr/opt/curl/include  -pedantic -Wall -W -Wpointer-arith -Wwrite-strings -Wunused -Wshadow -Winline -Wnested-externs -Wmissing-declarations -Wmissing-prototypes -Wno-long-long -Wfloat-equal -Wno-multichar -Wsign-compare -Wundef -Wno-format-nonliteral -Wendif-labels -Wstrict-prototypes -Wdeclaration-after-statement -Wstrict-aliasing=3 -Wcast-align -Wtype-limits -Wold-style-declaration -Wmissing-parameter-type -Wempty-body -Wclobbered -Wignored-qualifiers -Wconversion -Wno-sign-conversion -Wvla -Wdouble-promotion -Wno-system-headers -Dcurl_cv_func_recv_test   -o CMakeFiles/cmTC_250d5.dir/src.c.o   -c /home/justin/MSCVProject/compiler/CMakeFiles/CMakeTmp/src.c
/home/justin/MSCVProject/compiler/CMakeFiles/CMakeTmp/src.c:6:19: error: conflicting types for ‘recv’
                   recv(int, void *, unsigned int, int);
                   ^~~~
In file included from /home/justin/MSCVProject/compiler/CMakeFiles/CMakeTmp/src.c:4:
/usr/include/x86_64-linux-gnu/sys/socket.h:145:16: note: previous declaration of ‘recv’ was here
 extern ssize_t recv (int __fd, void *__buf, size_t __n, int __flags);
                ^~~~
make[2]: *** [CMakeFiles/cmTC_250d5.dir/build.make:66: CMakeFiles/cmTC_250d5.dir/src.c.o] Error 1
make[2]: Leaving directory '/home/justin/MSCVProject/compiler/CMakeFiles/CMakeTmp'
make[1]: *** [Makefile:121: cmTC_250d5/fast] Error 2
make[1]: Leaving directory '/home/justin/MSCVProject/compiler/CMakeFiles/CMakeTmp'

Source file was:

                  #undef inline
#include <sys/types.h>
#include <sys/socket.h>
                  extern int 
                  recv(int, void *, unsigned int, int);
                  int main(void) {
                    int s=0;
                    void * buf=0;
                    unsigned int len=0;
                    int flags=0;
                    int res = recv(s, buf, len, flags);
                    (void) res;
                    return 0;
                  }
